{"E:\\SynologyDrive\\NUS\\CS4218\\project\\cs4218-2420-ecom-project-team18\\client\\src\\components\\AdminMenu.js": {"path":"E:\\SynologyDrive\\NUS\\CS4218\\project\\cs4218-2420-ecom-project-team18\\client\\src\\components\\AdminMenu.js","statementMap":{"0":{"start":{"line":3,"column":18},"end":{"line":43,"column":1}},"1":{"start":{"line":4,"column":2},"end":{"line":42,"column":4}}},"fnMap":{"0":{"name":"(anonymous_0)","decl":{"start":{"line":3,"column":18},"end":{"line":3,"column":19}},"loc":{"start":{"line":3,"column":24},"end":{"line":43,"column":1}},"line":3}},"branchMap":{},"s":{"0":8,"1":103},"f":{"0":103},"b":{},"_coverageSchema":"1a1c01bbd47fc00a2c39e90264f33305004495a9","hash":"b225e3320c59349a05689b640890965ac759c3d6"}
,"E:\\SynologyDrive\\NUS\\CS4218\\project\\cs4218-2420-ecom-project-team18\\client\\src\\components\\Footer.js": {"path":"E:\\SynologyDrive\\NUS\\CS4218\\project\\cs4218-2420-ecom-project-team18\\client\\src\\components\\Footer.js","statementMap":{"0":{"start":{"line":4,"column":15},"end":{"line":14,"column":1}},"1":{"start":{"line":5,"column":2},"end":{"line":13,"column":4}}},"fnMap":{"0":{"name":"(anonymous_0)","decl":{"start":{"line":4,"column":15},"end":{"line":4,"column":16}},"loc":{"start":{"line":4,"column":21},"end":{"line":14,"column":1}},"line":4}},"branchMap":{},"s":{"0":12,"1":132},"f":{"0":132},"b":{},"_coverageSchema":"1a1c01bbd47fc00a2c39e90264f33305004495a9","hash":"7924e317f7eee0ca6b333b7ca9cafb73d407a0f4"}
,"E:\\SynologyDrive\\NUS\\CS4218\\project\\cs4218-2420-ecom-project-team18\\client\\src\\components\\Header.js": {"path":"E:\\SynologyDrive\\NUS\\CS4218\\project\\cs4218-2420-ecom-project-team18\\client\\src\\components\\Header.js","statementMap":{"0":{"start":{"line":10,"column":15},"end":{"line":138,"column":1}},"1":{"start":{"line":11,"column":26},"end":{"line":11,"column":35}},"2":{"start":{"line":12,"column":17},"end":{"line":12,"column":26}},"3":{"start":{"line":13,"column":21},"end":{"line":13,"column":34}},"4":{"start":{"line":14,"column":23},"end":{"line":22,"column":3}},"5":{"start":{"line":15,"column":4},"end":{"line":19,"column":7}},"6":{"start":{"line":20,"column":4},"end":{"line":20,"column":36}},"7":{"start":{"line":21,"column":4},"end":{"line":21,"column":41}},"8":{"start":{"line":23,"column":2},"end":{"line":137,"column":4}},"9":{"start":{"line":64,"column":20},"end":{"line":71,"column":25}}},"fnMap":{"0":{"name":"(anonymous_0)","decl":{"start":{"line":10,"column":15},"end":{"line":10,"column":16}},"loc":{"start":{"line":10,"column":21},"end":{"line":138,"column":1}},"line":10},"1":{"name":"(anonymous_1)","decl":{"start":{"line":14,"column":23},"end":{"line":14,"column":24}},"loc":{"start":{"line":14,"column":29},"end":{"line":22,"column":3}},"line":14},"2":{"name":"(anonymous_2)","decl":{"start":{"line":63,"column":35},"end":{"line":63,"column":36}},"loc":{"start":{"line":64,"column":20},"end":{"line":71,"column":25}},"line":64}},"branchMap":{"0":{"loc":{"start":{"line":76,"column":15},"end":{"line":124,"column":15}},"type":"cond-expr","locations":[{"start":{"line":77,"column":16},"end":{"line":88,"column":19}},{"start":{"line":90,"column":16},"end":{"line":123,"column":19}}],"line":76},"1":{"loc":{"start":{"line":105,"column":28},"end":{"line":105,"column":69}},"type":"cond-expr","locations":[{"start":{"line":105,"column":53},"end":{"line":105,"column":60}},{"start":{"line":105,"column":63},"end":{"line":105,"column":69}}],"line":105}},"s":{"0":12,"1":144,"2":144,"3":144,"4":144,"5":0,"6":0,"7":0,"8":144,"9":110},"f":{"0":144,"1":0,"2":110},"b":{"0":[138,6],"1":[1,5]},"_coverageSchema":"1a1c01bbd47fc00a2c39e90264f33305004495a9","hash":"6fecbc7236885b25165742cfa568f82766a6c2ea"}
,"E:\\SynologyDrive\\NUS\\CS4218\\project\\cs4218-2420-ecom-project-team18\\client\\src\\components\\Layout.js": {"path":"E:\\SynologyDrive\\NUS\\CS4218\\project\\cs4218-2420-ecom-project-team18\\client\\src\\components\\Layout.js","statementMap":{"0":{"start":{"line":8,"column":15},"end":{"line":26,"column":1}},"1":{"start":{"line":9,"column":2},"end":{"line":25,"column":4}},"2":{"start":{"line":28,"column":0},"end":{"line":33,"column":2}}},"fnMap":{"0":{"name":"(anonymous_0)","decl":{"start":{"line":8,"column":15},"end":{"line":8,"column":16}},"loc":{"start":{"line":8,"column":71},"end":{"line":26,"column":1}},"line":8}},"branchMap":{},"s":{"0":12,"1":134,"2":12},"f":{"0":134},"b":{},"_coverageSchema":"1a1c01bbd47fc00a2c39e90264f33305004495a9","hash":"e1bc300892f3914bb6437227048fb9fd371552c0"}
,"E:\\SynologyDrive\\NUS\\CS4218\\project\\cs4218-2420-ecom-project-team18\\client\\src\\components\\Prices.js": {"path":"E:\\SynologyDrive\\NUS\\CS4218\\project\\cs4218-2420-ecom-project-team18\\client\\src\\components\\Prices.js","statementMap":{"0":{"start":{"line":1,"column":22},"end":{"line":32,"column":3}}},"fnMap":{},"branchMap":{},"s":{"0":1},"f":{},"b":{},"_coverageSchema":"1a1c01bbd47fc00a2c39e90264f33305004495a9","hash":"c21317eef34edb761fd7c4bd882762fc18fbb769"}
,"E:\\SynologyDrive\\NUS\\CS4218\\project\\cs4218-2420-ecom-project-team18\\client\\src\\components\\Spinner.js": {"path":"E:\\SynologyDrive\\NUS\\CS4218\\project\\cs4218-2420-ecom-project-team18\\client\\src\\components\\Spinner.js","statementMap":{"0":{"start":{"line":3,"column":16},"end":{"line":30,"column":1}},"1":{"start":{"line":4,"column":28},"end":{"line":4,"column":39}},"2":{"start":{"line":5,"column":19},"end":{"line":5,"column":32}},"3":{"start":{"line":6,"column":19},"end":{"line":6,"column":32}},"4":{"start":{"line":8,"column":2},"end":{"line":16,"column":34}},"5":{"start":{"line":9,"column":21},"end":{"line":11,"column":12}},"6":{"start":{"line":10,"column":6},"end":{"line":10,"column":43}},"7":{"start":{"line":10,"column":30},"end":{"line":10,"column":41}},"8":{"start":{"line":12,"column":4},"end":{"line":14,"column":9}},"9":{"start":{"line":15,"column":4},"end":{"line":15,"column":41}},"10":{"start":{"line":15,"column":17},"end":{"line":15,"column":40}},"11":{"start":{"line":17,"column":2},"end":{"line":29,"column":4}}},"fnMap":{"0":{"name":"(anonymous_0)","decl":{"start":{"line":3,"column":16},"end":{"line":3,"column":17}},"loc":{"start":{"line":3,"column":40},"end":{"line":30,"column":1}},"line":3},"1":{"name":"(anonymous_1)","decl":{"start":{"line":8,"column":12},"end":{"line":8,"column":13}},"loc":{"start":{"line":8,"column":18},"end":{"line":16,"column":3}},"line":8},"2":{"name":"(anonymous_2)","decl":{"start":{"line":9,"column":33},"end":{"line":9,"column":34}},"loc":{"start":{"line":9,"column":39},"end":{"line":11,"column":5}},"line":9},"3":{"name":"(anonymous_3)","decl":{"start":{"line":10,"column":15},"end":{"line":10,"column":16}},"loc":{"start":{"line":10,"column":30},"end":{"line":10,"column":41}},"line":10},"4":{"name":"(anonymous_4)","decl":{"start":{"line":15,"column":11},"end":{"line":15,"column":12}},"loc":{"start":{"line":15,"column":17},"end":{"line":15,"column":40}},"line":15}},"branchMap":{"0":{"loc":{"start":{"line":3,"column":19},"end":{"line":3,"column":33}},"type":"default-arg","locations":[{"start":{"line":3,"column":26},"end":{"line":3,"column":33}}],"line":3},"1":{"loc":{"start":{"line":12,"column":4},"end":{"line":14,"column":8}},"type":"binary-expr","locations":[{"start":{"line":12,"column":4},"end":{"line":12,"column":15}},{"start":{"line":12,"column":19},"end":{"line":14,"column":8}}],"line":12}},"s":{"0":1,"1":5,"2":5,"3":5,"4":5,"5":5,"6":6,"7":6,"8":5,"9":5,"10":5,"11":5},"f":{"0":5,"1":5,"2":6,"3":6,"4":5},"b":{"0":[3],"1":[5,2]},"_coverageSchema":"1a1c01bbd47fc00a2c39e90264f33305004495a9","hash":"01d366c9c6735526e990d03318359975b6866440"}
,"E:\\SynologyDrive\\NUS\\CS4218\\project\\cs4218-2420-ecom-project-team18\\client\\src\\components\\UserMenu.js": {"path":"E:\\SynologyDrive\\NUS\\CS4218\\project\\cs4218-2420-ecom-project-team18\\client\\src\\components\\UserMenu.js","statementMap":{"0":{"start":{"line":3,"column":17},"end":{"line":25,"column":1}},"1":{"start":{"line":4,"column":2},"end":{"line":24,"column":4}}},"fnMap":{"0":{"name":"(anonymous_0)","decl":{"start":{"line":3,"column":17},"end":{"line":3,"column":18}},"loc":{"start":{"line":3,"column":23},"end":{"line":25,"column":1}},"line":3}},"branchMap":{},"s":{"0":4,"1":25},"f":{"0":25},"b":{},"_coverageSchema":"1a1c01bbd47fc00a2c39e90264f33305004495a9","hash":"33fc20c69d19dc8b95347726decf94b64bb7d5da"}
,"E:\\SynologyDrive\\NUS\\CS4218\\project\\cs4218-2420-ecom-project-team18\\client\\src\\components\\Form\\CategoryForm.js": {"path":"E:\\SynologyDrive\\NUS\\CS4218\\project\\cs4218-2420-ecom-project-team18\\client\\src\\components\\Form\\CategoryForm.js","statementMap":{"0":{"start":{"line":3,"column":21},"end":{"line":23,"column":1}},"1":{"start":{"line":4,"column":2},"end":{"line":22,"column":4}},"2":{"start":{"line":13,"column":29},"end":{"line":13,"column":53}}},"fnMap":{"0":{"name":"(anonymous_0)","decl":{"start":{"line":3,"column":21},"end":{"line":3,"column":22}},"loc":{"start":{"line":3,"column":60},"end":{"line":23,"column":1}},"line":3},"1":{"name":"(anonymous_1)","decl":{"start":{"line":13,"column":22},"end":{"line":13,"column":23}},"loc":{"start":{"line":13,"column":29},"end":{"line":13,"column":53}},"line":13}},"branchMap":{},"s":{"0":2,"1":27,"2":6},"f":{"0":27,"1":6},"b":{},"_coverageSchema":"1a1c01bbd47fc00a2c39e90264f33305004495a9","hash":"e61a0e4b132ec1927cc98de5b7707568e4e68c8c"}
,"E:\\SynologyDrive\\NUS\\CS4218\\project\\cs4218-2420-ecom-project-team18\\client\\src\\components\\Form\\SearchInput.js": {"path":"E:\\SynologyDrive\\NUS\\CS4218\\project\\cs4218-2420-ecom-project-team18\\client\\src\\components\\Form\\SearchInput.js","statementMap":{"0":{"start":{"line":5,"column":20},"end":{"line":38,"column":1}},"1":{"start":{"line":6,"column":30},"end":{"line":6,"column":41}},"2":{"start":{"line":7,"column":19},"end":{"line":7,"column":32}},"3":{"start":{"line":9,"column":23},"end":{"line":20,"column":3}},"4":{"start":{"line":10,"column":4},"end":{"line":10,"column":23}},"5":{"start":{"line":11,"column":4},"end":{"line":19,"column":5}},"6":{"start":{"line":12,"column":23},"end":{"line":14,"column":7}},"7":{"start":{"line":15,"column":6},"end":{"line":15,"column":46}},"8":{"start":{"line":16,"column":6},"end":{"line":16,"column":26}},"9":{"start":{"line":18,"column":6},"end":{"line":18,"column":25}},"10":{"start":{"line":21,"column":2},"end":{"line":37,"column":4}},"11":{"start":{"line":30,"column":27},"end":{"line":30,"column":76}}},"fnMap":{"0":{"name":"(anonymous_0)","decl":{"start":{"line":5,"column":20},"end":{"line":5,"column":21}},"loc":{"start":{"line":5,"column":26},"end":{"line":38,"column":1}},"line":5},"1":{"name":"(anonymous_1)","decl":{"start":{"line":9,"column":23},"end":{"line":9,"column":24}},"loc":{"start":{"line":9,"column":36},"end":{"line":20,"column":3}},"line":9},"2":{"name":"(anonymous_2)","decl":{"start":{"line":30,"column":20},"end":{"line":30,"column":21}},"loc":{"start":{"line":30,"column":27},"end":{"line":30,"column":76}},"line":30}},"branchMap":{},"s":{"0":12,"1":133,"2":133,"3":133,"4":1,"5":1,"6":1,"7":0,"8":0,"9":0,"10":133,"11":2},"f":{"0":133,"1":1,"2":2},"b":{},"_coverageSchema":"1a1c01bbd47fc00a2c39e90264f33305004495a9","hash":"798c4bf0dec9ea5d2ce8dce542634d83c04bcabd"}
,"E:\\SynologyDrive\\NUS\\CS4218\\project\\cs4218-2420-ecom-project-team18\\client\\src\\components\\Routes\\AdminRoute.js": {"path":"E:\\SynologyDrive\\NUS\\CS4218\\project\\cs4218-2420-ecom-project-team18\\client\\src\\components\\Routes\\AdminRoute.js","statementMap":{"0":{"start":{"line":9,"column":23},"end":{"line":9,"column":38}},"1":{"start":{"line":10,"column":27},"end":{"line":10,"column":36}},"2":{"start":{"line":12,"column":4},"end":{"line":22,"column":22}},"3":{"start":{"line":13,"column":26},"end":{"line":20,"column":9}},"4":{"start":{"line":14,"column":24},"end":{"line":14,"column":66}},"5":{"start":{"line":15,"column":12},"end":{"line":19,"column":13}},"6":{"start":{"line":16,"column":16},"end":{"line":16,"column":28}},"7":{"start":{"line":18,"column":16},"end":{"line":18,"column":29}},"8":{"start":{"line":21,"column":8},"end":{"line":21,"column":37}},"9":{"start":{"line":21,"column":25},"end":{"line":21,"column":37}},"10":{"start":{"line":24,"column":4},"end":{"line":24,"column":40}}},"fnMap":{"0":{"name":"AdminRoute","decl":{"start":{"line":8,"column":24},"end":{"line":8,"column":34}},"loc":{"start":{"line":8,"column":36},"end":{"line":25,"column":1}},"line":8},"1":{"name":"(anonymous_1)","decl":{"start":{"line":12,"column":14},"end":{"line":12,"column":15}},"loc":{"start":{"line":12,"column":19},"end":{"line":22,"column":5}},"line":12},"2":{"name":"(anonymous_2)","decl":{"start":{"line":13,"column":26},"end":{"line":13,"column":27}},"loc":{"start":{"line":13,"column":37},"end":{"line":20,"column":9}},"line":13}},"branchMap":{"0":{"loc":{"start":{"line":15,"column":12},"end":{"line":19,"column":13}},"type":"if","locations":[{"start":{"line":15,"column":12},"end":{"line":19,"column":13}},{"start":{"line":17,"column":19},"end":{"line":19,"column":13}}],"line":15},"1":{"loc":{"start":{"line":21,"column":8},"end":{"line":21,"column":37}},"type":"if","locations":[{"start":{"line":21,"column":8},"end":{"line":21,"column":37}},{"start":{},"end":{}}],"line":21},"2":{"loc":{"start":{"line":24,"column":11},"end":{"line":24,"column":39}},"type":"cond-expr","locations":[{"start":{"line":24,"column":16},"end":{"line":24,"column":26}},{"start":{"line":24,"column":29},"end":{"line":24,"column":39}}],"line":24}},"s":{"0":0,"1":0,"2":0,"3":0,"4":0,"5":0,"6":0,"7":0,"8":0,"9":0,"10":0},"f":{"0":0,"1":0,"2":0},"b":{"0":[0,0],"1":[0,0],"2":[0,0]}}
,"E:\\SynologyDrive\\NUS\\CS4218\\project\\cs4218-2420-ecom-project-team18\\client\\src\\components\\Routes\\Private.js": {"path":"E:\\SynologyDrive\\NUS\\CS4218\\project\\cs4218-2420-ecom-project-team18\\client\\src\\components\\Routes\\Private.js","statementMap":{"0":{"start":{"line":10,"column":23},"end":{"line":10,"column":38}},"1":{"start":{"line":11,"column":27},"end":{"line":11,"column":36}},"2":{"start":{"line":13,"column":4},"end":{"line":23,"column":22}},"3":{"start":{"line":14,"column":26},"end":{"line":21,"column":9}},"4":{"start":{"line":15,"column":24},"end":{"line":15,"column":65}},"5":{"start":{"line":16,"column":12},"end":{"line":20,"column":13}},"6":{"start":{"line":17,"column":16},"end":{"line":17,"column":28}},"7":{"start":{"line":19,"column":16},"end":{"line":19,"column":29}},"8":{"start":{"line":22,"column":8},"end":{"line":22,"column":37}},"9":{"start":{"line":22,"column":25},"end":{"line":22,"column":37}},"10":{"start":{"line":25,"column":4},"end":{"line":25,"column":48}}},"fnMap":{"0":{"name":"PrivateRoute","decl":{"start":{"line":9,"column":24},"end":{"line":9,"column":36}},"loc":{"start":{"line":9,"column":38},"end":{"line":26,"column":1}},"line":9},"1":{"name":"(anonymous_1)","decl":{"start":{"line":13,"column":14},"end":{"line":13,"column":15}},"loc":{"start":{"line":13,"column":19},"end":{"line":23,"column":5}},"line":13},"2":{"name":"(anonymous_2)","decl":{"start":{"line":14,"column":26},"end":{"line":14,"column":27}},"loc":{"start":{"line":14,"column":37},"end":{"line":21,"column":9}},"line":14}},"branchMap":{"0":{"loc":{"start":{"line":16,"column":12},"end":{"line":20,"column":13}},"type":"if","locations":[{"start":{"line":16,"column":12},"end":{"line":20,"column":13}},{"start":{"line":18,"column":19},"end":{"line":20,"column":13}}],"line":16},"1":{"loc":{"start":{"line":22,"column":8},"end":{"line":22,"column":37}},"type":"if","locations":[{"start":{"line":22,"column":8},"end":{"line":22,"column":37}},{"start":{},"end":{}}],"line":22},"2":{"loc":{"start":{"line":25,"column":11},"end":{"line":25,"column":47}},"type":"cond-expr","locations":[{"start":{"line":25,"column":16},"end":{"line":25,"column":26}},{"start":{"line":25,"column":29},"end":{"line":25,"column":47}}],"line":25}},"s":{"0":5,"1":5,"2":5,"3":4,"4":3,"5":3,"6":1,"7":2,"8":4,"9":3,"10":5},"f":{"0":5,"1":4,"2":3},"b":{"0":[1,2],"1":[3,1],"2":[1,4]},"_coverageSchema":"1a1c01bbd47fc00a2c39e90264f33305004495a9","hash":"b960a173b06875f7dd56cfe2f2387254569eaec3"}
,"E:\\SynologyDrive\\NUS\\CS4218\\project\\cs4218-2420-ecom-project-team18\\client\\src\\context\\auth.js": {"path":"E:\\SynologyDrive\\NUS\\CS4218\\project\\cs4218-2420-ecom-project-team18\\client\\src\\context\\auth.js","statementMap":{"0":{"start":{"line":4,"column":20},"end":{"line":4,"column":35}},"1":{"start":{"line":6,"column":21},"end":{"line":32,"column":1}},"2":{"start":{"line":7,"column":26},"end":{"line":10,"column":4}},"3":{"start":{"line":13,"column":2},"end":{"line":13,"column":63}},"4":{"start":{"line":15,"column":2},"end":{"line":26,"column":9}},"5":{"start":{"line":16,"column":17},"end":{"line":16,"column":45}},"6":{"start":{"line":17,"column":4},"end":{"line":24,"column":5}},"7":{"start":{"line":18,"column":24},"end":{"line":18,"column":40}},"8":{"start":{"line":19,"column":6},"end":{"line":23,"column":9}},"9":{"start":{"line":27,"column":2},"end":{"line":31,"column":4}},"10":{"start":{"line":35,"column":16},"end":{"line":35,"column":45}},"11":{"start":{"line":35,"column":22},"end":{"line":35,"column":45}}},"fnMap":{"0":{"name":"(anonymous_0)","decl":{"start":{"line":6,"column":21},"end":{"line":6,"column":22}},"loc":{"start":{"line":6,"column":39},"end":{"line":32,"column":1}},"line":6},"1":{"name":"(anonymous_1)","decl":{"start":{"line":15,"column":12},"end":{"line":15,"column":13}},"loc":{"start":{"line":15,"column":18},"end":{"line":26,"column":3}},"line":15},"2":{"name":"(anonymous_2)","decl":{"start":{"line":35,"column":16},"end":{"line":35,"column":17}},"loc":{"start":{"line":35,"column":22},"end":{"line":35,"column":45}},"line":35}},"branchMap":{"0":{"loc":{"start":{"line":17,"column":4},"end":{"line":24,"column":5}},"type":"if","locations":[{"start":{"line":17,"column":4},"end":{"line":24,"column":5}},{"start":{},"end":{}}],"line":17}},"s":{"0":1,"1":1,"2":5,"3":5,"4":5,"5":3,"6":3,"7":1,"8":1,"9":5,"10":1,"11":5},"f":{"0":5,"1":3,"2":5},"b":{"0":[1,2]},"_coverageSchema":"1a1c01bbd47fc00a2c39e90264f33305004495a9","hash":"8230a4cdaf5d0f9a92db52cc068319834acc3d16"}
,"E:\\SynologyDrive\\NUS\\CS4218\\project\\cs4218-2420-ecom-project-team18\\client\\src\\context\\cart.js": {"path":"E:\\SynologyDrive\\NUS\\CS4218\\project\\cs4218-2420-ecom-project-team18\\client\\src\\context\\cart.js","statementMap":{"0":{"start":{"line":3,"column":20},"end":{"line":3,"column":35}},"1":{"start":{"line":4,"column":21},"end":{"line":17,"column":1}},"2":{"start":{"line":5,"column":26},"end":{"line":5,"column":38}},"3":{"start":{"line":7,"column":2},"end":{"line":10,"column":9}},"4":{"start":{"line":8,"column":27},"end":{"line":8,"column":55}},"5":{"start":{"line":9,"column":4},"end":{"line":9,"column":64}},"6":{"start":{"line":9,"column":26},"end":{"line":9,"column":64}},"7":{"start":{"line":12,"column":2},"end":{"line":16,"column":4}},"8":{"start":{"line":20,"column":16},"end":{"line":20,"column":45}},"9":{"start":{"line":20,"column":22},"end":{"line":20,"column":45}}},"fnMap":{"0":{"name":"(anonymous_0)","decl":{"start":{"line":4,"column":21},"end":{"line":4,"column":22}},"loc":{"start":{"line":4,"column":39},"end":{"line":17,"column":1}},"line":4},"1":{"name":"(anonymous_1)","decl":{"start":{"line":7,"column":12},"end":{"line":7,"column":13}},"loc":{"start":{"line":7,"column":18},"end":{"line":10,"column":3}},"line":7},"2":{"name":"(anonymous_2)","decl":{"start":{"line":20,"column":16},"end":{"line":20,"column":17}},"loc":{"start":{"line":20,"column":22},"end":{"line":20,"column":45}},"line":20}},"branchMap":{"0":{"loc":{"start":{"line":9,"column":4},"end":{"line":9,"column":64}},"type":"if","locations":[{"start":{"line":9,"column":4},"end":{"line":9,"column":64}},{"start":{},"end":{}}],"line":9}},"s":{"0":1,"1":1,"2":5,"3":5,"4":3,"5":3,"6":1,"7":5,"8":1,"9":5},"f":{"0":5,"1":3,"2":5},"b":{"0":[1,2]},"_coverageSchema":"1a1c01bbd47fc00a2c39e90264f33305004495a9","hash":"96079ea23e4db7dad8326b8430f96df52126b794"}
,"E:\\SynologyDrive\\NUS\\CS4218\\project\\cs4218-2420-ecom-project-team18\\client\\src\\context\\search.js": {"path":"E:\\SynologyDrive\\NUS\\CS4218\\project\\cs4218-2420-ecom-project-team18\\client\\src\\context\\search.js","statementMap":{"0":{"start":{"line":3,"column":22},"end":{"line":3,"column":37}},"1":{"start":{"line":4,"column":23},"end":{"line":15,"column":1}},"2":{"start":{"line":5,"column":26},"end":{"line":8,"column":4}},"3":{"start":{"line":10,"column":2},"end":{"line":14,"column":4}},"4":{"start":{"line":18,"column":18},"end":{"line":18,"column":49}},"5":{"start":{"line":18,"column":24},"end":{"line":18,"column":49}}},"fnMap":{"0":{"name":"(anonymous_0)","decl":{"start":{"line":4,"column":23},"end":{"line":4,"column":24}},"loc":{"start":{"line":4,"column":41},"end":{"line":15,"column":1}},"line":4},"1":{"name":"(anonymous_1)","decl":{"start":{"line":18,"column":18},"end":{"line":18,"column":19}},"loc":{"start":{"line":18,"column":24},"end":{"line":18,"column":49}},"line":18}},"branchMap":{},"s":{"0":1,"1":1,"2":3,"3":3,"4":1,"5":3},"f":{"0":3,"1":3},"b":{},"_coverageSchema":"1a1c01bbd47fc00a2c39e90264f33305004495a9","hash":"bad505f44f9686a16ae1f058e91b77720bea17fc"}
,"E:\\SynologyDrive\\NUS\\CS4218\\project\\cs4218-2420-ecom-project-team18\\client\\src\\pages\\About.js": {"path":"E:\\SynologyDrive\\NUS\\CS4218\\project\\cs4218-2420-ecom-project-team18\\client\\src\\pages\\About.js","statementMap":{"0":{"start":{"line":4,"column":14},"end":{"line":23,"column":1}},"1":{"start":{"line":5,"column":2},"end":{"line":22,"column":4}}},"fnMap":{"0":{"name":"(anonymous_0)","decl":{"start":{"line":4,"column":14},"end":{"line":4,"column":15}},"loc":{"start":{"line":4,"column":20},"end":{"line":23,"column":1}},"line":4}},"branchMap":{},"s":{"0":1,"1":4},"f":{"0":4},"b":{},"_coverageSchema":"1a1c01bbd47fc00a2c39e90264f33305004495a9","hash":"4aa87117b5ed2d57afdf276487c148793ccf8e58"}
,"E:\\SynologyDrive\\NUS\\CS4218\\project\\cs4218-2420-ecom-project-team18\\client\\src\\pages\\CartPage.js": {"path":"E:\\SynologyDrive\\NUS\\CS4218\\project\\cs4218-2420-ecom-project-team18\\client\\src\\pages\\CartPage.js","statementMap":{"0":{"start":{"line":12,"column":17},"end":{"line":201,"column":1}},"1":{"start":{"line":13,"column":26},"end":{"line":13,"column":35}},"2":{"start":{"line":14,"column":26},"end":{"line":14,"column":35}},"3":{"start":{"line":15,"column":40},"end":{"line":15,"column":52}},"4":{"start":{"line":16,"column":34},"end":{"line":16,"column":46}},"5":{"start":{"line":17,"column":32},"end":{"line":17,"column":47}},"6":{"start":{"line":18,"column":19},"end":{"line":18,"column":32}},"7":{"start":{"line":21,"column":21},"end":{"line":34,"column":3}},"8":{"start":{"line":22,"column":4},"end":{"line":33,"column":5}},"9":{"start":{"line":23,"column":18},"end":{"line":23,"column":19}},"10":{"start":{"line":24,"column":6},"end":{"line":26,"column":9}},"11":{"start":{"line":25,"column":8},"end":{"line":25,"column":35}},"12":{"start":{"line":27,"column":6},"end":{"line":30,"column":9}},"13":{"start":{"line":32,"column":6},"end":{"line":32,"column":25}},"14":{"start":{"line":36,"column":25},"end":{"line":46,"column":3}},"15":{"start":{"line":37,"column":4},"end":{"line":45,"column":5}},"16":{"start":{"line":38,"column":19},"end":{"line":38,"column":28}},"17":{"start":{"line":39,"column":18},"end":{"line":39,"column":62}},"18":{"start":{"line":39,"column":45},"end":{"line":39,"column":61}},"19":{"start":{"line":40,"column":6},"end":{"line":40,"column":30}},"20":{"start":{"line":41,"column":6},"end":{"line":41,"column":22}},"21":{"start":{"line":42,"column":6},"end":{"line":42,"column":59}},"22":{"start":{"line":44,"column":6},"end":{"line":44,"column":25}},"23":{"start":{"line":49,"column":19},"end":{"line":56,"column":3}},"24":{"start":{"line":50,"column":4},"end":{"line":55,"column":5}},"25":{"start":{"line":51,"column":23},"end":{"line":51,"column":73}},"26":{"start":{"line":52,"column":6},"end":{"line":52,"column":40}},"27":{"start":{"line":54,"column":6},"end":{"line":54,"column":25}},"28":{"start":{"line":57,"column":2},"end":{"line":59,"column":20}},"29":{"start":{"line":58,"column":4},"end":{"line":58,"column":15}},"30":{"start":{"line":62,"column":24},"end":{"line":79,"column":3}},"31":{"start":{"line":63,"column":4},"end":{"line":78,"column":5}},"32":{"start":{"line":64,"column":6},"end":{"line":64,"column":23}},"33":{"start":{"line":65,"column":24},"end":{"line":65,"column":61}},"34":{"start":{"line":66,"column":23},"end":{"line":69,"column":8}},"35":{"start":{"line":70,"column":6},"end":{"line":70,"column":24}},"36":{"start":{"line":71,"column":6},"end":{"line":71,"column":38}},"37":{"start":{"line":72,"column":6},"end":{"line":72,"column":18}},"38":{"start":{"line":73,"column":6},"end":{"line":73,"column":41}},"39":{"start":{"line":74,"column":6},"end":{"line":74,"column":55}},"40":{"start":{"line":76,"column":6},"end":{"line":76,"column":25}},"41":{"start":{"line":77,"column":6},"end":{"line":77,"column":24}},"42":{"start":{"line":80,"column":2},"end":{"line":200,"column":4}},"43":{"start":{"line":103,"column":16},"end":{"line":126,"column":22}},"44":{"start":{"line":121,"column":37},"end":{"line":121,"column":58}},"45":{"start":{"line":141,"column":37},"end":{"line":141,"column":72}},"46":{"start":{"line":152,"column":37},"end":{"line":152,"column":72}},"47":{"start":{"line":160,"column":24},"end":{"line":162,"column":26}},"48":{"start":{"line":182,"column":48},"end":{"line":182,"column":69}}},"fnMap":{"0":{"name":"(anonymous_0)","decl":{"start":{"line":12,"column":17},"end":{"line":12,"column":18}},"loc":{"start":{"line":12,"column":23},"end":{"line":201,"column":1}},"line":12},"1":{"name":"(anonymous_1)","decl":{"start":{"line":21,"column":21},"end":{"line":21,"column":22}},"loc":{"start":{"line":21,"column":27},"end":{"line":34,"column":3}},"line":21},"2":{"name":"(anonymous_2)","decl":{"start":{"line":24,"column":16},"end":{"line":24,"column":17}},"loc":{"start":{"line":24,"column":26},"end":{"line":26,"column":7}},"line":24},"3":{"name":"(anonymous_3)","decl":{"start":{"line":36,"column":25},"end":{"line":36,"column":26}},"loc":{"start":{"line":36,"column":34},"end":{"line":46,"column":3}},"line":36},"4":{"name":"(anonymous_4)","decl":{"start":{"line":39,"column":35},"end":{"line":39,"column":36}},"loc":{"start":{"line":39,"column":45},"end":{"line":39,"column":61}},"line":39},"5":{"name":"(anonymous_5)","decl":{"start":{"line":49,"column":19},"end":{"line":49,"column":20}},"loc":{"start":{"line":49,"column":31},"end":{"line":56,"column":3}},"line":49},"6":{"name":"(anonymous_6)","decl":{"start":{"line":57,"column":12},"end":{"line":57,"column":13}},"loc":{"start":{"line":57,"column":18},"end":{"line":59,"column":3}},"line":57},"7":{"name":"(anonymous_7)","decl":{"start":{"line":62,"column":24},"end":{"line":62,"column":25}},"loc":{"start":{"line":62,"column":36},"end":{"line":79,"column":3}},"line":62},"8":{"name":"(anonymous_8)","decl":{"start":{"line":102,"column":25},"end":{"line":102,"column":26}},"loc":{"start":{"line":103,"column":16},"end":{"line":126,"column":22}},"line":103},"9":{"name":"(anonymous_9)","decl":{"start":{"line":121,"column":31},"end":{"line":121,"column":32}},"loc":{"start":{"line":121,"column":37},"end":{"line":121,"column":58}},"line":121},"10":{"name":"(anonymous_10)","decl":{"start":{"line":141,"column":31},"end":{"line":141,"column":32}},"loc":{"start":{"line":141,"column":37},"end":{"line":141,"column":72}},"line":141},"11":{"name":"(anonymous_11)","decl":{"start":{"line":152,"column":31},"end":{"line":152,"column":32}},"loc":{"start":{"line":152,"column":37},"end":{"line":152,"column":72}},"line":152},"12":{"name":"(anonymous_12)","decl":{"start":{"line":159,"column":31},"end":{"line":159,"column":32}},"loc":{"start":{"line":160,"column":24},"end":{"line":162,"column":26}},"line":160},"13":{"name":"(anonymous_13)","decl":{"start":{"line":182,"column":34},"end":{"line":182,"column":35}},"loc":{"start":{"line":182,"column":48},"end":{"line":182,"column":69}},"line":182}},"branchMap":{"0":{"loc":{"start":{"line":86,"column":15},"end":{"line":88,"column":61}},"type":"cond-expr","locations":[{"start":{"line":87,"column":18},"end":{"line":87,"column":31}},{"start":{"line":88,"column":18},"end":{"line":88,"column":61}}],"line":86},"1":{"loc":{"start":{"line":88,"column":28},"end":{"line":88,"column":59}},"type":"binary-expr","locations":[{"start":{"line":88,"column":28},"end":{"line":88,"column":39}},{"start":{"line":88,"column":43},"end":{"line":88,"column":59}}],"line":88},"2":{"loc":{"start":{"line":90,"column":17},"end":{"line":94,"column":41}},"type":"cond-expr","locations":[{"start":{"line":91,"column":20},"end":{"line":93,"column":22}},{"start":{"line":94,"column":20},"end":{"line":94,"column":41}}],"line":90},"3":{"loc":{"start":{"line":92,"column":22},"end":{"line":92,"column":69}},"type":"cond-expr","locations":[{"start":{"line":92,"column":36},"end":{"line":92,"column":38}},{"start":{"line":92,"column":41},"end":{"line":92,"column":69}}],"line":92},"4":{"loc":{"start":{"line":134,"column":15},"end":{"line":169,"column":15}},"type":"cond-expr","locations":[{"start":{"line":135,"column":16},"end":{"line":146,"column":19}},{"start":{"line":148,"column":16},"end":{"line":168,"column":22}}],"line":134},"5":{"loc":{"start":{"line":149,"column":19},"end":{"line":167,"column":19}},"type":"cond-expr","locations":[{"start":{"line":150,"column":20},"end":{"line":155,"column":29}},{"start":{"line":157,"column":20},"end":{"line":166,"column":29}}],"line":149},"6":{"loc":{"start":{"line":171,"column":17},"end":{"line":193,"column":17}},"type":"cond-expr","locations":[{"start":{"line":172,"column":18},"end":{"line":172,"column":20}},{"start":{"line":174,"column":18},"end":{"line":192,"column":21}}],"line":171},"7":{"loc":{"start":{"line":171,"column":17},"end":{"line":171,"column":62}},"type":"binary-expr","locations":[{"start":{"line":171,"column":17},"end":{"line":171,"column":29}},{"start":{"line":171,"column":33},"end":{"line":171,"column":45}},{"start":{"line":171,"column":49},"end":{"line":171,"column":62}}],"line":171},"8":{"loc":{"start":{"line":188,"column":32},"end":{"line":188,"column":76}},"type":"binary-expr","locations":[{"start":{"line":188,"column":32},"end":{"line":188,"column":39}},{"start":{"line":188,"column":43},"end":{"line":188,"column":52}},{"start":{"line":188,"column":56},"end":{"line":188,"column":76}}],"line":188},"9":{"loc":{"start":{"line":190,"column":23},"end":{"line":190,"column":67}},"type":"cond-expr","locations":[{"start":{"line":190,"column":33},"end":{"line":190,"column":50}},{"start":{"line":190,"column":53},"end":{"line":190,"column":67}}],"line":190}},"s":{"0":1,"1":6,"2":6,"3":6,"4":5,"5":5,"6":5,"7":5,"8":5,"9":5,"10":5,"11":4,"12":5,"13":0,"14":5,"15":1,"16":1,"17":1,"18":1,"19":1,"20":1,"21":1,"22":0,"23":5,"24":3,"25":3,"26":3,"27":0,"28":5,"29":3,"30":5,"31":0,"32":0,"33":0,"34":0,"35":0,"36":0,"37":0,"38":0,"39":0,"40":0,"41":0,"42":5,"43":4,"44":1,"45":0,"46":0,"47":0,"48":1},"f":{"0":6,"1":5,"2":4,"3":1,"4":1,"5":3,"6":3,"7":0,"8":4,"9":1,"10":0,"11":0,"12":0,"13":1},"b":{"0":[1,4],"1":[4,4],"2":[4,1],"3":[4,0],"4":[3,2],"5":[1,1],"6":[3,2],"7":[5,2,2],"8":[2,2,1],"9":[0,2]},"_coverageSchema":"1a1c01bbd47fc00a2c39e90264f33305004495a9","hash":"0ada9d7a074374a528cfd30b7b59a6f30d29bf90"}
,"E:\\SynologyDrive\\NUS\\CS4218\\project\\cs4218-2420-ecom-project-team18\\client\\src\\pages\\Categories.js": {"path":"E:\\SynologyDrive\\NUS\\CS4218\\project\\cs4218-2420-ecom-project-team18\\client\\src\\pages\\Categories.js","statementMap":{"0":{"start":{"line":5,"column":19},"end":{"line":22,"column":1}},"1":{"start":{"line":6,"column":21},"end":{"line":6,"column":34}},"2":{"start":{"line":7,"column":2},"end":{"line":21,"column":4}},"3":{"start":{"line":12,"column":12},"end":{"line":16,"column":18}}},"fnMap":{"0":{"name":"(anonymous_0)","decl":{"start":{"line":5,"column":19},"end":{"line":5,"column":20}},"loc":{"start":{"line":5,"column":25},"end":{"line":22,"column":1}},"line":5},"1":{"name":"(anonymous_1)","decl":{"start":{"line":11,"column":26},"end":{"line":11,"column":27}},"loc":{"start":{"line":12,"column":12},"end":{"line":16,"column":18}},"line":12}},"branchMap":{},"s":{"0":1,"1":2,"2":2,"3":2},"f":{"0":2,"1":2},"b":{},"_coverageSchema":"1a1c01bbd47fc00a2c39e90264f33305004495a9","hash":"5cc377358cf292fbd3513e267788ce3de85d983a"}
,"E:\\SynologyDrive\\NUS\\CS4218\\project\\cs4218-2420-ecom-project-team18\\client\\src\\pages\\CategoryProduct.js": {"path":"E:\\SynologyDrive\\NUS\\CS4218\\project\\cs4218-2420-ecom-project-team18\\client\\src\\pages\\CategoryProduct.js","statementMap":{"0":{"start":{"line":6,"column":24},"end":{"line":98,"column":1}},"1":{"start":{"line":7,"column":17},"end":{"line":7,"column":28}},"2":{"start":{"line":8,"column":19},"end":{"line":8,"column":32}},"3":{"start":{"line":9,"column":34},"end":{"line":9,"column":46}},"4":{"start":{"line":10,"column":34},"end":{"line":10,"column":46}},"5":{"start":{"line":12,"column":2},"end":{"line":14,"column":21}},"6":{"start":{"line":13,"column":4},"end":{"line":13,"column":40}},"7":{"start":{"line":13,"column":22},"end":{"line":13,"column":40}},"8":{"start":{"line":15,"column":26},"end":{"line":25,"column":3}},"9":{"start":{"line":16,"column":4},"end":{"line":24,"column":5}},"10":{"start":{"line":17,"column":23},"end":{"line":19,"column":7}},"11":{"start":{"line":20,"column":6},"end":{"line":20,"column":34}},"12":{"start":{"line":21,"column":6},"end":{"line":21,"column":34}},"13":{"start":{"line":23,"column":6},"end":{"line":23,"column":25}},"14":{"start":{"line":27,"column":2},"end":{"line":97,"column":4}},"15":{"start":{"line":36,"column":16},"end":{"line":77,"column":22}},"16":{"start":{"line":58,"column":39},"end":{"line":58,"column":69}}},"fnMap":{"0":{"name":"(anonymous_0)","decl":{"start":{"line":6,"column":24},"end":{"line":6,"column":25}},"loc":{"start":{"line":6,"column":30},"end":{"line":98,"column":1}},"line":6},"1":{"name":"(anonymous_1)","decl":{"start":{"line":12,"column":12},"end":{"line":12,"column":13}},"loc":{"start":{"line":12,"column":18},"end":{"line":14,"column":3}},"line":12},"2":{"name":"(anonymous_2)","decl":{"start":{"line":15,"column":26},"end":{"line":15,"column":27}},"loc":{"start":{"line":15,"column":38},"end":{"line":25,"column":3}},"line":15},"3":{"name":"(anonymous_3)","decl":{"start":{"line":35,"column":29},"end":{"line":35,"column":30}},"loc":{"start":{"line":36,"column":16},"end":{"line":77,"column":22}},"line":36},"4":{"name":"(anonymous_4)","decl":{"start":{"line":58,"column":33},"end":{"line":58,"column":34}},"loc":{"start":{"line":58,"column":39},"end":{"line":58,"column":69}},"line":58}},"branchMap":{"0":{"loc":{"start":{"line":13,"column":4},"end":{"line":13,"column":40}},"type":"if","locations":[{"start":{"line":13,"column":4},"end":{"line":13,"column":40}},{"start":{},"end":{}}],"line":13}},"s":{"0":0,"1":0,"2":0,"3":0,"4":0,"5":0,"6":0,"7":0,"8":0,"9":0,"10":0,"11":0,"12":0,"13":0,"14":0,"15":0,"16":0},"f":{"0":0,"1":0,"2":0,"3":0,"4":0},"b":{"0":[0,0]}}
,"E:\\SynologyDrive\\NUS\\CS4218\\project\\cs4218-2420-ecom-project-team18\\client\\src\\pages\\Contact.js": {"path":"E:\\SynologyDrive\\NUS\\CS4218\\project\\cs4218-2420-ecom-project-team18\\client\\src\\pages\\Contact.js","statementMap":{"0":{"start":{"line":4,"column":16},"end":{"line":34,"column":1}},"1":{"start":{"line":5,"column":2},"end":{"line":33,"column":4}}},"fnMap":{"0":{"name":"(anonymous_0)","decl":{"start":{"line":4,"column":16},"end":{"line":4,"column":17}},"loc":{"start":{"line":4,"column":22},"end":{"line":34,"column":1}},"line":4}},"branchMap":{},"s":{"0":1,"1":4},"f":{"0":4},"b":{},"_coverageSchema":"1a1c01bbd47fc00a2c39e90264f33305004495a9","hash":"e8d1490a0bfb099bce3ec848d2fceca32d85050f"}
,"E:\\SynologyDrive\\NUS\\CS4218\\project\\cs4218-2420-ecom-project-team18\\client\\src\\pages\\HomePage.js": {"path":"E:\\SynologyDrive\\NUS\\CS4218\\project\\cs4218-2420-ecom-project-team18\\client\\src\\pages\\HomePage.js","statementMap":{"0":{"start":{"line":12,"column":17},"end":{"line":224,"column":1}},"1":{"start":{"line":13,"column":19},"end":{"line":13,"column":32}},"2":{"start":{"line":14,"column":26},"end":{"line":14,"column":35}},"3":{"start":{"line":15,"column":34},"end":{"line":15,"column":46}},"4":{"start":{"line":16,"column":38},"end":{"line":16,"column":50}},"5":{"start":{"line":17,"column":32},"end":{"line":17,"column":44}},"6":{"start":{"line":18,"column":28},"end":{"line":18,"column":40}},"7":{"start":{"line":19,"column":28},"end":{"line":19,"column":39}},"8":{"start":{"line":20,"column":26},"end":{"line":20,"column":37}},"9":{"start":{"line":21,"column":32},"end":{"line":21,"column":47}},"10":{"start":{"line":24,"column":25},"end":{"line":33,"column":3}},"11":{"start":{"line":25,"column":4},"end":{"line":32,"column":5}},"12":{"start":{"line":26,"column":23},"end":{"line":26,"column":71}},"13":{"start":{"line":27,"column":6},"end":{"line":29,"column":7}},"14":{"start":{"line":28,"column":8},"end":{"line":28,"column":38}},"15":{"start":{"line":31,"column":6},"end":{"line":31,"column":25}},"16":{"start":{"line":35,"column":2},"end":{"line":38,"column":9}},"17":{"start":{"line":36,"column":4},"end":{"line":36,"column":21}},"18":{"start":{"line":37,"column":4},"end":{"line":37,"column":15}},"19":{"start":{"line":40,"column":25},"end":{"line":50,"column":3}},"20":{"start":{"line":41,"column":4},"end":{"line":49,"column":5}},"21":{"start":{"line":42,"column":6},"end":{"line":42,"column":23}},"22":{"start":{"line":43,"column":23},"end":{"line":43,"column":78}},"23":{"start":{"line":44,"column":6},"end":{"line":44,"column":24}},"24":{"start":{"line":45,"column":6},"end":{"line":45,"column":33}},"25":{"start":{"line":47,"column":6},"end":{"line":47,"column":24}},"26":{"start":{"line":48,"column":6},"end":{"line":48,"column":25}},"27":{"start":{"line":53,"column":19},"end":{"line":60,"column":3}},"28":{"start":{"line":54,"column":4},"end":{"line":59,"column":5}},"29":{"start":{"line":55,"column":23},"end":{"line":55,"column":71}},"30":{"start":{"line":56,"column":6},"end":{"line":56,"column":28}},"31":{"start":{"line":58,"column":6},"end":{"line":58,"column":25}},"32":{"start":{"line":62,"column":2},"end":{"line":65,"column":13}},"33":{"start":{"line":63,"column":4},"end":{"line":63,"column":27}},"34":{"start":{"line":63,"column":20},"end":{"line":63,"column":27}},"35":{"start":{"line":64,"column":4},"end":{"line":64,"column":15}},"36":{"start":{"line":67,"column":19},"end":{"line":77,"column":3}},"37":{"start":{"line":68,"column":4},"end":{"line":76,"column":5}},"38":{"start":{"line":69,"column":6},"end":{"line":69,"column":23}},"39":{"start":{"line":70,"column":23},"end":{"line":70,"column":78}},"40":{"start":{"line":71,"column":6},"end":{"line":71,"column":24}},"41":{"start":{"line":72,"column":6},"end":{"line":72,"column":52}},"42":{"start":{"line":74,"column":6},"end":{"line":74,"column":25}},"43":{"start":{"line":75,"column":6},"end":{"line":75,"column":24}},"44":{"start":{"line":80,"column":23},"end":{"line":88,"column":3}},"45":{"start":{"line":81,"column":14},"end":{"line":81,"column":26}},"46":{"start":{"line":82,"column":4},"end":{"line":86,"column":5}},"47":{"start":{"line":83,"column":6},"end":{"line":83,"column":19}},"48":{"start":{"line":85,"column":6},"end":{"line":85,"column":40}},"49":{"start":{"line":85,"column":30},"end":{"line":85,"column":38}},"50":{"start":{"line":87,"column":4},"end":{"line":87,"column":20}},"51":{"start":{"line":89,"column":2},"end":{"line":91,"column":37}},"52":{"start":{"line":90,"column":4},"end":{"line":90,"column":59}},"53":{"start":{"line":90,"column":42},"end":{"line":90,"column":59}},"54":{"start":{"line":93,"column":2},"end":{"line":95,"column":23}},"55":{"start":{"line":94,"column":4},"end":{"line":94,"column":56}},"56":{"start":{"line":94,"column":40},"end":{"line":94,"column":56}},"57":{"start":{"line":98,"column":24},"end":{"line":108,"column":3}},"58":{"start":{"line":99,"column":4},"end":{"line":107,"column":5}},"59":{"start":{"line":100,"column":23},"end":{"line":103,"column":8}},"60":{"start":{"line":104,"column":6},"end":{"line":104,"column":34}},"61":{"start":{"line":106,"column":6},"end":{"line":106,"column":25}},"62":{"start":{"line":109,"column":2},"end":{"line":223,"column":4}},"63":{"start":{"line":124,"column":14},"end":{"line":129,"column":25}},"64":{"start":{"line":126,"column":33},"end":{"line":126,"column":70}},"65":{"start":{"line":135,"column":42},"end":{"line":135,"column":66}},"66":{"start":{"line":137,"column":16},"end":{"line":139,"column":22}},"67":{"start":{"line":146,"column":29},"end":{"line":146,"column":53}},"68":{"start":{"line":156,"column":14},"end":{"line":197,"column":20}},"69":{"start":{"line":178,"column":37},"end":{"line":178,"column":67}},"70":{"start":{"line":185,"column":24},"end":{"line":185,"column":46}},"71":{"start":{"line":186,"column":24},"end":{"line":189,"column":26}},"72":{"start":{"line":190,"column":24},"end":{"line":190,"column":60}},"73":{"start":{"line":205,"column":18},"end":{"line":205,"column":37}},"74":{"start":{"line":206,"column":18},"end":{"line":206,"column":36}}},"fnMap":{"0":{"name":"(anonymous_0)","decl":{"start":{"line":12,"column":17},"end":{"line":12,"column":18}},"loc":{"start":{"line":12,"column":23},"end":{"line":224,"column":1}},"line":12},"1":{"name":"(anonymous_1)","decl":{"start":{"line":24,"column":25},"end":{"line":24,"column":26}},"loc":{"start":{"line":24,"column":37},"end":{"line":33,"column":3}},"line":24},"2":{"name":"(anonymous_2)","decl":{"start":{"line":35,"column":12},"end":{"line":35,"column":13}},"loc":{"start":{"line":35,"column":18},"end":{"line":38,"column":3}},"line":35},"3":{"name":"(anonymous_3)","decl":{"start":{"line":40,"column":25},"end":{"line":40,"column":26}},"loc":{"start":{"line":40,"column":37},"end":{"line":50,"column":3}},"line":40},"4":{"name":"(anonymous_4)","decl":{"start":{"line":53,"column":19},"end":{"line":53,"column":20}},"loc":{"start":{"line":53,"column":31},"end":{"line":60,"column":3}},"line":53},"5":{"name":"(anonymous_5)","decl":{"start":{"line":62,"column":12},"end":{"line":62,"column":13}},"loc":{"start":{"line":62,"column":18},"end":{"line":65,"column":3}},"line":62},"6":{"name":"(anonymous_6)","decl":{"start":{"line":67,"column":19},"end":{"line":67,"column":20}},"loc":{"start":{"line":67,"column":31},"end":{"line":77,"column":3}},"line":67},"7":{"name":"(anonymous_7)","decl":{"start":{"line":80,"column":23},"end":{"line":80,"column":24}},"loc":{"start":{"line":80,"column":38},"end":{"line":88,"column":3}},"line":80},"8":{"name":"(anonymous_8)","decl":{"start":{"line":85,"column":23},"end":{"line":85,"column":24}},"loc":{"start":{"line":85,"column":30},"end":{"line":85,"column":38}},"line":85},"9":{"name":"(anonymous_9)","decl":{"start":{"line":89,"column":12},"end":{"line":89,"column":13}},"loc":{"start":{"line":89,"column":18},"end":{"line":91,"column":3}},"line":89},"10":{"name":"(anonymous_10)","decl":{"start":{"line":93,"column":12},"end":{"line":93,"column":13}},"loc":{"start":{"line":93,"column":18},"end":{"line":95,"column":3}},"line":93},"11":{"name":"(anonymous_11)","decl":{"start":{"line":98,"column":24},"end":{"line":98,"column":25}},"loc":{"start":{"line":98,"column":36},"end":{"line":108,"column":3}},"line":98},"12":{"name":"(anonymous_12)","decl":{"start":{"line":123,"column":29},"end":{"line":123,"column":30}},"loc":{"start":{"line":124,"column":14},"end":{"line":129,"column":25}},"line":124},"13":{"name":"(anonymous_13)","decl":{"start":{"line":126,"column":26},"end":{"line":126,"column":27}},"loc":{"start":{"line":126,"column":33},"end":{"line":126,"column":70}},"line":126},"14":{"name":"(anonymous_14)","decl":{"start":{"line":135,"column":35},"end":{"line":135,"column":36}},"loc":{"start":{"line":135,"column":42},"end":{"line":135,"column":66}},"line":135},"15":{"name":"(anonymous_15)","decl":{"start":{"line":136,"column":27},"end":{"line":136,"column":28}},"loc":{"start":{"line":137,"column":16},"end":{"line":139,"column":22}},"line":137},"16":{"name":"(anonymous_16)","decl":{"start":{"line":146,"column":23},"end":{"line":146,"column":24}},"loc":{"start":{"line":146,"column":29},"end":{"line":146,"column":53}},"line":146},"17":{"name":"(anonymous_17)","decl":{"start":{"line":155,"column":27},"end":{"line":155,"column":28}},"loc":{"start":{"line":156,"column":14},"end":{"line":197,"column":20}},"line":156},"18":{"name":"(anonymous_18)","decl":{"start":{"line":178,"column":31},"end":{"line":178,"column":32}},"loc":{"start":{"line":178,"column":37},"end":{"line":178,"column":67}},"line":178},"19":{"name":"(anonymous_19)","decl":{"start":{"line":184,"column":31},"end":{"line":184,"column":32}},"loc":{"start":{"line":184,"column":37},"end":{"line":191,"column":23}},"line":184},"20":{"name":"(anonymous_20)","decl":{"start":{"line":204,"column":25},"end":{"line":204,"column":26}},"loc":{"start":{"line":204,"column":32},"end":{"line":207,"column":17}},"line":204}},"branchMap":{"0":{"loc":{"start":{"line":27,"column":6},"end":{"line":29,"column":7}},"type":"if","locations":[{"start":{"line":27,"column":6},"end":{"line":29,"column":7}},{"start":{},"end":{}}],"line":27},"1":{"loc":{"start":{"line":63,"column":4},"end":{"line":63,"column":27}},"type":"if","locations":[{"start":{"line":63,"column":4},"end":{"line":63,"column":27}},{"start":{},"end":{}}],"line":63},"2":{"loc":{"start":{"line":82,"column":4},"end":{"line":86,"column":5}},"type":"if","locations":[{"start":{"line":82,"column":4},"end":{"line":86,"column":5}},{"start":{"line":84,"column":11},"end":{"line":86,"column":5}}],"line":82},"3":{"loc":{"start":{"line":90,"column":4},"end":{"line":90,"column":59}},"type":"if","locations":[{"start":{"line":90,"column":4},"end":{"line":90,"column":59}},{"start":{},"end":{}}],"line":90},"4":{"loc":{"start":{"line":90,"column":8},"end":{"line":90,"column":40}},"type":"binary-expr","locations":[{"start":{"line":90,"column":8},"end":{"line":90,"column":23}},{"start":{"line":90,"column":27},"end":{"line":90,"column":40}}],"line":90},"5":{"loc":{"start":{"line":94,"column":4},"end":{"line":94,"column":56}},"type":"if","locations":[{"start":{"line":94,"column":4},"end":{"line":94,"column":56}},{"start":{},"end":{}}],"line":94},"6":{"loc":{"start":{"line":94,"column":8},"end":{"line":94,"column":38}},"type":"binary-expr","locations":[{"start":{"line":94,"column":8},"end":{"line":94,"column":22}},{"start":{"line":94,"column":26},"end":{"line":94,"column":38}}],"line":94},"7":{"loc":{"start":{"line":201,"column":13},"end":{"line":218,"column":13}},"type":"binary-expr","locations":[{"start":{"line":201,"column":13},"end":{"line":201,"column":21}},{"start":{"line":201,"column":25},"end":{"line":201,"column":48}},{"start":{"line":202,"column":14},"end":{"line":217,"column":23}}],"line":201},"8":{"loc":{"start":{"line":209,"column":17},"end":{"line":216,"column":17}},"type":"cond-expr","locations":[{"start":{"line":210,"column":18},"end":{"line":210,"column":31}},{"start":{"line":212,"column":18},"end":{"line":215,"column":21}}],"line":209}},"s":{"0":1,"1":22,"2":22,"3":22,"4":21,"5":21,"6":21,"7":21,"8":21,"9":21,"10":21,"11":7,"12":7,"13":6,"14":6,"15":1,"16":21,"17":7,"18":7,"19":21,"20":8,"21":8,"22":8,"23":3,"24":3,"25":5,"26":5,"27":21,"28":7,"29":7,"30":6,"31":1,"32":21,"33":7,"34":7,"35":0,"36":21,"37":0,"38":0,"39":0,"40":0,"41":0,"42":0,"43":0,"44":21,"45":1,"46":1,"47":1,"48":0,"49":0,"50":1,"51":21,"52":8,"53":8,"54":21,"55":8,"56":1,"57":21,"58":1,"59":1,"60":0,"61":1,"62":21,"63":6,"64":1,"65":0,"66":126,"67":1,"68":3,"69":1,"70":1,"71":1,"72":1,"73":0,"74":0},"f":{"0":22,"1":7,"2":7,"3":8,"4":7,"5":7,"6":0,"7":1,"8":0,"9":8,"10":8,"11":1,"12":6,"13":1,"14":0,"15":126,"16":1,"17":3,"18":1,"19":1,"20":0},"b":{"0":[6,0],"1":[7,0],"2":[1,0],"3":[8,0],"4":[8,1],"5":[1,7],"6":[8,7],"7":[21,21,0],"8":[0,0]},"_coverageSchema":"1a1c01bbd47fc00a2c39e90264f33305004495a9","hash":"431496dc0ab0c9f9c4186dbc2bcf4f254c06f643"}
,"E:\\SynologyDrive\\NUS\\CS4218\\project\\cs4218-2420-ecom-project-team18\\client\\src\\pages\\Pagenotfound.js": {"path":"E:\\SynologyDrive\\NUS\\CS4218\\project\\cs4218-2420-ecom-project-team18\\client\\src\\pages\\Pagenotfound.js","statementMap":{"0":{"start":{"line":5,"column":21},"end":{"line":17,"column":1}},"1":{"start":{"line":6,"column":2},"end":{"line":16,"column":4}}},"fnMap":{"0":{"name":"(anonymous_0)","decl":{"start":{"line":5,"column":21},"end":{"line":5,"column":22}},"loc":{"start":{"line":5,"column":27},"end":{"line":17,"column":1}},"line":5}},"branchMap":{},"s":{"0":1,"1":4},"f":{"0":4},"b":{},"_coverageSchema":"1a1c01bbd47fc00a2c39e90264f33305004495a9","hash":"cb5472beae51450d0967a528e1adf9d5da286d23"}
,"E:\\SynologyDrive\\NUS\\CS4218\\project\\cs4218-2420-ecom-project-team18\\client\\src\\pages\\Policy.js": {"path":"E:\\SynologyDrive\\NUS\\CS4218\\project\\cs4218-2420-ecom-project-team18\\client\\src\\pages\\Policy.js","statementMap":{"0":{"start":{"line":4,"column":15},"end":{"line":27,"column":1}},"1":{"start":{"line":5,"column":2},"end":{"line":26,"column":4}}},"fnMap":{"0":{"name":"(anonymous_0)","decl":{"start":{"line":4,"column":15},"end":{"line":4,"column":16}},"loc":{"start":{"line":4,"column":21},"end":{"line":27,"column":1}},"line":4}},"branchMap":{},"s":{"0":1,"1":4},"f":{"0":4},"b":{},"_coverageSchema":"1a1c01bbd47fc00a2c39e90264f33305004495a9","hash":"08a7a06ac3a22205f0003ed34e4adffd24038cf6"}
,"E:\\SynologyDrive\\NUS\\CS4218\\project\\cs4218-2420-ecom-project-team18\\client\\src\\pages\\ProductDetails.js": {"path":"E:\\SynologyDrive\\NUS\\CS4218\\project\\cs4218-2420-ecom-project-team18\\client\\src\\pages\\ProductDetails.js","statementMap":{"0":{"start":{"line":7,"column":23},"end":{"line":123,"column":1}},"1":{"start":{"line":8,"column":17},"end":{"line":8,"column":28}},"2":{"start":{"line":9,"column":19},"end":{"line":9,"column":32}},"3":{"start":{"line":10,"column":32},"end":{"line":10,"column":44}},"4":{"start":{"line":11,"column":48},"end":{"line":11,"column":60}},"5":{"start":{"line":14,"column":2},"end":{"line":16,"column":21}},"6":{"start":{"line":15,"column":4},"end":{"line":15,"column":35}},"7":{"start":{"line":15,"column":22},"end":{"line":15,"column":35}},"8":{"start":{"line":18,"column":21},"end":{"line":28,"column":3}},"9":{"start":{"line":19,"column":4},"end":{"line":27,"column":5}},"10":{"start":{"line":20,"column":23},"end":{"line":22,"column":7}},"11":{"start":{"line":23,"column":6},"end":{"line":23,"column":32}},"12":{"start":{"line":24,"column":6},"end":{"line":24,"column":71}},"13":{"start":{"line":26,"column":6},"end":{"line":26,"column":25}},"14":{"start":{"line":30,"column":28},"end":{"line":39,"column":3}},"15":{"start":{"line":31,"column":4},"end":{"line":38,"column":5}},"16":{"start":{"line":32,"column":23},"end":{"line":34,"column":7}},"17":{"start":{"line":35,"column":6},"end":{"line":35,"column":41}},"18":{"start":{"line":37,"column":6},"end":{"line":37,"column":25}},"19":{"start":{"line":40,"column":2},"end":{"line":122,"column":4}},"20":{"start":{"line":76,"column":12},"end":{"line":117,"column":18}},"21":{"start":{"line":98,"column":35},"end":{"line":98,"column":65}}},"fnMap":{"0":{"name":"(anonymous_0)","decl":{"start":{"line":7,"column":23},"end":{"line":7,"column":24}},"loc":{"start":{"line":7,"column":29},"end":{"line":123,"column":1}},"line":7},"1":{"name":"(anonymous_1)","decl":{"start":{"line":14,"column":12},"end":{"line":14,"column":13}},"loc":{"start":{"line":14,"column":18},"end":{"line":16,"column":3}},"line":14},"2":{"name":"(anonymous_2)","decl":{"start":{"line":18,"column":21},"end":{"line":18,"column":22}},"loc":{"start":{"line":18,"column":33},"end":{"line":28,"column":3}},"line":18},"3":{"name":"(anonymous_3)","decl":{"start":{"line":30,"column":28},"end":{"line":30,"column":29}},"loc":{"start":{"line":30,"column":48},"end":{"line":39,"column":3}},"line":30},"4":{"name":"(anonymous_4)","decl":{"start":{"line":75,"column":32},"end":{"line":75,"column":33}},"loc":{"start":{"line":76,"column":12},"end":{"line":117,"column":18}},"line":76},"5":{"name":"(anonymous_5)","decl":{"start":{"line":98,"column":29},"end":{"line":98,"column":30}},"loc":{"start":{"line":98,"column":35},"end":{"line":98,"column":65}},"line":98}},"branchMap":{"0":{"loc":{"start":{"line":15,"column":4},"end":{"line":15,"column":35}},"type":"if","locations":[{"start":{"line":15,"column":4},"end":{"line":15,"column":35}},{"start":{},"end":{}}],"line":15},"1":{"loc":{"start":{"line":71,"column":9},"end":{"line":73,"column":9}},"type":"binary-expr","locations":[{"start":{"line":71,"column":9},"end":{"line":71,"column":35}},{"start":{"line":72,"column":10},"end":{"line":72,"column":66}}],"line":71}},"s":{"0":0,"1":0,"2":0,"3":0,"4":0,"5":0,"6":0,"7":0,"8":0,"9":0,"10":0,"11":0,"12":0,"13":0,"14":0,"15":0,"16":0,"17":0,"18":0,"19":0,"20":0,"21":0},"f":{"0":0,"1":0,"2":0,"3":0,"4":0,"5":0},"b":{"0":[0,0],"1":[0,0]}}
,"E:\\SynologyDrive\\NUS\\CS4218\\project\\cs4218-2420-ecom-project-team18\\client\\src\\pages\\Search.js": {"path":"E:\\SynologyDrive\\NUS\\CS4218\\project\\cs4218-2420-ecom-project-team18\\client\\src\\pages\\Search.js","statementMap":{"0":{"start":{"line":4,"column":15},"end":{"line":40,"column":1}},"1":{"start":{"line":5,"column":30},"end":{"line":5,"column":41}},"2":{"start":{"line":6,"column":2},"end":{"line":39,"column":4}},"3":{"start":{"line":18,"column":14},"end":{"line":33,"column":20}}},"fnMap":{"0":{"name":"(anonymous_0)","decl":{"start":{"line":4,"column":15},"end":{"line":4,"column":16}},"loc":{"start":{"line":4,"column":21},"end":{"line":40,"column":1}},"line":4},"1":{"name":"(anonymous_1)","decl":{"start":{"line":17,"column":33},"end":{"line":17,"column":34}},"loc":{"start":{"line":18,"column":14},"end":{"line":33,"column":20}},"line":18}},"branchMap":{"0":{"loc":{"start":{"line":12,"column":13},"end":{"line":14,"column":49}},"type":"cond-expr","locations":[{"start":{"line":13,"column":16},"end":{"line":13,"column":35}},{"start":{"line":14,"column":16},"end":{"line":14,"column":49}}],"line":12}},"s":{"0":1,"1":4,"2":4,"3":2},"f":{"0":4,"1":2},"b":{"0":[2,2]},"_coverageSchema":"1a1c01bbd47fc00a2c39e90264f33305004495a9","hash":"5274531d147c56a0849ff10eca15d5f30a07cbb0"}
,"E:\\SynologyDrive\\NUS\\CS4218\\project\\cs4218-2420-ecom-project-team18\\client\\src\\pages\\Auth\\Login.js": {"path":"E:\\SynologyDrive\\NUS\\CS4218\\project\\cs4218-2420-ecom-project-team18\\client\\src\\pages\\Auth\\Login.js","statementMap":{"0":{"start":{"line":9,"column":14},"end":{"line":99,"column":1}},"1":{"start":{"line":10,"column":28},"end":{"line":10,"column":40}},"2":{"start":{"line":11,"column":34},"end":{"line":11,"column":46}},"3":{"start":{"line":12,"column":26},"end":{"line":12,"column":35}},"4":{"start":{"line":15,"column":19},"end":{"line":15,"column":32}},"5":{"start":{"line":16,"column":19},"end":{"line":16,"column":32}},"6":{"start":{"line":20,"column":23},"end":{"line":50,"column":3}},"7":{"start":{"line":21,"column":4},"end":{"line":21,"column":23}},"8":{"start":{"line":22,"column":4},"end":{"line":49,"column":5}},"9":{"start":{"line":23,"column":18},"end":{"line":26,"column":8}},"10":{"start":{"line":27,"column":6},"end":{"line":45,"column":7}},"11":{"start":{"line":28,"column":8},"end":{"line":35,"column":13}},"12":{"start":{"line":36,"column":8},"end":{"line":40,"column":11}},"13":{"start":{"line":41,"column":8},"end":{"line":41,"column":63}},"14":{"start":{"line":42,"column":8},"end":{"line":42,"column":40}},"15":{"start":{"line":44,"column":8},"end":{"line":44,"column":38}},"16":{"start":{"line":47,"column":6},"end":{"line":47,"column":25}},"17":{"start":{"line":48,"column":6},"end":{"line":48,"column":42}},"18":{"start":{"line":51,"column":2},"end":{"line":98,"column":4}},"19":{"start":{"line":62,"column":31},"end":{"line":62,"column":55}},"20":{"start":{"line":73,"column":31},"end":{"line":73,"column":58}},"21":{"start":{"line":85,"column":16},"end":{"line":85,"column":45}}},"fnMap":{"0":{"name":"(anonymous_0)","decl":{"start":{"line":9,"column":14},"end":{"line":9,"column":15}},"loc":{"start":{"line":9,"column":20},"end":{"line":99,"column":1}},"line":9},"1":{"name":"(anonymous_1)","decl":{"start":{"line":20,"column":23},"end":{"line":20,"column":24}},"loc":{"start":{"line":20,"column":36},"end":{"line":50,"column":3}},"line":20},"2":{"name":"(anonymous_2)","decl":{"start":{"line":62,"column":24},"end":{"line":62,"column":25}},"loc":{"start":{"line":62,"column":31},"end":{"line":62,"column":55}},"line":62},"3":{"name":"(anonymous_3)","decl":{"start":{"line":73,"column":24},"end":{"line":73,"column":25}},"loc":{"start":{"line":73,"column":31},"end":{"line":73,"column":58}},"line":73},"4":{"name":"(anonymous_4)","decl":{"start":{"line":84,"column":23},"end":{"line":84,"column":24}},"loc":{"start":{"line":84,"column":29},"end":{"line":86,"column":15}},"line":84}},"branchMap":{"0":{"loc":{"start":{"line":27,"column":6},"end":{"line":45,"column":7}},"type":"if","locations":[{"start":{"line":27,"column":6},"end":{"line":45,"column":7}},{"start":{"line":43,"column":13},"end":{"line":45,"column":7}}],"line":27},"1":{"loc":{"start":{"line":27,"column":10},"end":{"line":27,"column":33}},"type":"binary-expr","locations":[{"start":{"line":27,"column":10},"end":{"line":27,"column":13}},{"start":{"line":27,"column":17},"end":{"line":27,"column":33}}],"line":27},"2":{"loc":{"start":{"line":28,"column":22},"end":{"line":28,"column":50}},"type":"binary-expr","locations":[{"start":{"line":28,"column":22},"end":{"line":28,"column":30}},{"start":{"line":28,"column":34},"end":{"line":28,"column":50}}],"line":28},"3":{"loc":{"start":{"line":42,"column":17},"end":{"line":42,"column":38}},"type":"binary-expr","locations":[{"start":{"line":42,"column":17},"end":{"line":42,"column":31}},{"start":{"line":42,"column":35},"end":{"line":42,"column":38}}],"line":42}},"s":{"0":1,"1":11,"2":11,"3":11,"4":11,"5":11,"6":11,"7":2,"8":2,"9":2,"10":1,"11":1,"12":1,"13":1,"14":1,"15":0,"16":1,"17":1,"18":11,"19":3,"20":3,"21":0},"f":{"0":11,"1":2,"2":3,"3":3,"4":0},"b":{"0":[1,0],"1":[1,1],"2":[1,1],"3":[1,1]},"_coverageSchema":"1a1c01bbd47fc00a2c39e90264f33305004495a9","hash":"f8b9957ef9b08e2bfb6aa06413b7feea7a3125f1"}
,"E:\\SynologyDrive\\NUS\\CS4218\\project\\cs4218-2420-ecom-project-team18\\client\\src\\pages\\Auth\\Register.js": {"path":"E:\\SynologyDrive\\NUS\\CS4218\\project\\cs4218-2420-ecom-project-team18\\client\\src\\pages\\Auth\\Register.js","statementMap":{"0":{"start":{"line":7,"column":17},"end":{"line":132,"column":1}},"1":{"start":{"line":8,"column":26},"end":{"line":8,"column":38}},"2":{"start":{"line":9,"column":28},"end":{"line":9,"column":40}},"3":{"start":{"line":10,"column":34},"end":{"line":10,"column":46}},"4":{"start":{"line":11,"column":28},"end":{"line":11,"column":40}},"5":{"start":{"line":12,"column":32},"end":{"line":12,"column":44}},"6":{"start":{"line":13,"column":24},"end":{"line":13,"column":36}},"7":{"start":{"line":14,"column":30},"end":{"line":14,"column":42}},"8":{"start":{"line":15,"column":19},"end":{"line":15,"column":32}},"9":{"start":{"line":18,"column":23},"end":{"line":40,"column":3}},"10":{"start":{"line":19,"column":4},"end":{"line":19,"column":23}},"11":{"start":{"line":20,"column":4},"end":{"line":39,"column":5}},"12":{"start":{"line":21,"column":18},"end":{"line":29,"column":8}},"13":{"start":{"line":30,"column":6},"end":{"line":35,"column":7}},"14":{"start":{"line":31,"column":8},"end":{"line":31,"column":61}},"15":{"start":{"line":32,"column":8},"end":{"line":32,"column":27}},"16":{"start":{"line":34,"column":8},"end":{"line":34,"column":38}},"17":{"start":{"line":37,"column":6},"end":{"line":37,"column":25}},"18":{"start":{"line":38,"column":6},"end":{"line":38,"column":42}},"19":{"start":{"line":42,"column":2},"end":{"line":131,"column":4}},"20":{"start":{"line":51,"column":31},"end":{"line":51,"column":54}},"21":{"start":{"line":63,"column":31},"end":{"line":63,"column":55}},"22":{"start":{"line":74,"column":31},"end":{"line":74,"column":58}},"23":{"start":{"line":85,"column":31},"end":{"line":85,"column":55}},"24":{"start":{"line":96,"column":31},"end":{"line":96,"column":57}},"25":{"start":{"line":107,"column":31},"end":{"line":107,"column":53}},"26":{"start":{"line":118,"column":31},"end":{"line":118,"column":56}}},"fnMap":{"0":{"name":"(anonymous_0)","decl":{"start":{"line":7,"column":17},"end":{"line":7,"column":18}},"loc":{"start":{"line":7,"column":23},"end":{"line":132,"column":1}},"line":7},"1":{"name":"(anonymous_1)","decl":{"start":{"line":18,"column":23},"end":{"line":18,"column":24}},"loc":{"start":{"line":18,"column":36},"end":{"line":40,"column":3}},"line":18},"2":{"name":"(anonymous_2)","decl":{"start":{"line":51,"column":24},"end":{"line":51,"column":25}},"loc":{"start":{"line":51,"column":31},"end":{"line":51,"column":54}},"line":51},"3":{"name":"(anonymous_3)","decl":{"start":{"line":63,"column":24},"end":{"line":63,"column":25}},"loc":{"start":{"line":63,"column":31},"end":{"line":63,"column":55}},"line":63},"4":{"name":"(anonymous_4)","decl":{"start":{"line":74,"column":24},"end":{"line":74,"column":25}},"loc":{"start":{"line":74,"column":31},"end":{"line":74,"column":58}},"line":74},"5":{"name":"(anonymous_5)","decl":{"start":{"line":85,"column":24},"end":{"line":85,"column":25}},"loc":{"start":{"line":85,"column":31},"end":{"line":85,"column":55}},"line":85},"6":{"name":"(anonymous_6)","decl":{"start":{"line":96,"column":24},"end":{"line":96,"column":25}},"loc":{"start":{"line":96,"column":31},"end":{"line":96,"column":57}},"line":96},"7":{"name":"(anonymous_7)","decl":{"start":{"line":107,"column":24},"end":{"line":107,"column":25}},"loc":{"start":{"line":107,"column":31},"end":{"line":107,"column":53}},"line":107},"8":{"name":"(anonymous_8)","decl":{"start":{"line":118,"column":24},"end":{"line":118,"column":25}},"loc":{"start":{"line":118,"column":31},"end":{"line":118,"column":56}},"line":118}},"branchMap":{"0":{"loc":{"start":{"line":30,"column":6},"end":{"line":35,"column":7}},"type":"if","locations":[{"start":{"line":30,"column":6},"end":{"line":35,"column":7}},{"start":{"line":33,"column":13},"end":{"line":35,"column":7}}],"line":30},"1":{"loc":{"start":{"line":30,"column":10},"end":{"line":30,"column":33}},"type":"binary-expr","locations":[{"start":{"line":30,"column":10},"end":{"line":30,"column":13}},{"start":{"line":30,"column":17},"end":{"line":30,"column":33}}],"line":30}},"s":{"0":1,"1":16,"2":16,"3":16,"4":16,"5":16,"6":16,"7":16,"8":16,"9":16,"10":2,"11":2,"12":2,"13":1,"14":1,"15":1,"16":0,"17":1,"18":1,"19":16,"20":2,"21":2,"22":2,"23":2,"24":2,"25":2,"26":2},"f":{"0":16,"1":2,"2":2,"3":2,"4":2,"5":2,"6":2,"7":2,"8":2},"b":{"0":[1,0],"1":[1,1]},"_coverageSchema":"1a1c01bbd47fc00a2c39e90264f33305004495a9","hash":"f92b98130fec442fa2f14f6f5bb5c8dced9a4a67"}
,"E:\\SynologyDrive\\NUS\\CS4218\\project\\cs4218-2420-ecom-project-team18\\client\\src\\pages\\admin\\AdminDashboard.js": {"path":"E:\\SynologyDrive\\NUS\\CS4218\\project\\cs4218-2420-ecom-project-team18\\client\\src\\pages\\admin\\AdminDashboard.js","statementMap":{"0":{"start":{"line":5,"column":23},"end":{"line":25,"column":1}},"1":{"start":{"line":6,"column":17},"end":{"line":6,"column":26}},"2":{"start":{"line":7,"column":2},"end":{"line":24,"column":4}}},"fnMap":{"0":{"name":"(anonymous_0)","decl":{"start":{"line":5,"column":23},"end":{"line":5,"column":24}},"loc":{"start":{"line":5,"column":29},"end":{"line":25,"column":1}},"line":5}},"branchMap":{},"s":{"0":1,"1":2,"2":2},"f":{"0":2},"b":{},"_coverageSchema":"1a1c01bbd47fc00a2c39e90264f33305004495a9","hash":"368ec7bf8e0e4c6072759ae7540e1ce349f9397f"}
,"E:\\SynologyDrive\\NUS\\CS4218\\project\\cs4218-2420-ecom-project-team18\\client\\src\\pages\\admin\\AdminOrders.js": {"path":"E:\\SynologyDrive\\NUS\\CS4218\\project\\cs4218-2420-ecom-project-team18\\client\\src\\pages\\admin\\AdminOrders.js","statementMap":{"0":{"start":{"line":9,"column":19},"end":{"line":9,"column":25}},"1":{"start":{"line":11,"column":20},"end":{"line":119,"column":1}},"2":{"start":{"line":12,"column":30},"end":{"line":18,"column":4}},"3":{"start":{"line":19,"column":42},"end":{"line":19,"column":54}},"4":{"start":{"line":20,"column":30},"end":{"line":20,"column":42}},"5":{"start":{"line":21,"column":26},"end":{"line":21,"column":35}},"6":{"start":{"line":22,"column":20},"end":{"line":29,"column":3}},"7":{"start":{"line":23,"column":4},"end":{"line":28,"column":5}},"8":{"start":{"line":24,"column":23},"end":{"line":24,"column":65}},"9":{"start":{"line":25,"column":6},"end":{"line":25,"column":22}},"10":{"start":{"line":27,"column":6},"end":{"line":27,"column":25}},"11":{"start":{"line":31,"column":2},"end":{"line":33,"column":20}},"12":{"start":{"line":32,"column":4},"end":{"line":32,"column":33}},"13":{"start":{"line":32,"column":21},"end":{"line":32,"column":33}},"14":{"start":{"line":35,"column":23},"end":{"line":45,"column":3}},"15":{"start":{"line":36,"column":4},"end":{"line":44,"column":5}},"16":{"start":{"line":37,"column":23},"end":{"line":39,"column":8}},"17":{"start":{"line":40,"column":6},"end":{"line":40,"column":18}},"18":{"start":{"line":42,"column":6},"end":{"line":42,"column":25}},"19":{"start":{"line":43,"column":6},"end":{"line":43,"column":50}},"20":{"start":{"line":46,"column":2},"end":{"line":118,"column":4}},"21":{"start":{"line":55,"column":12},"end":{"line":113,"column":14}},"22":{"start":{"line":74,"column":47},"end":{"line":74,"column":73}},"23":{"start":{"line":79,"column":28},"end":{"line":81,"column":37}},"24":{"start":{"line":94,"column":20},"end":{"line":109,"column":26}}},"fnMap":{"0":{"name":"(anonymous_0)","decl":{"start":{"line":11,"column":20},"end":{"line":11,"column":21}},"loc":{"start":{"line":11,"column":26},"end":{"line":119,"column":1}},"line":11},"1":{"name":"(anonymous_1)","decl":{"start":{"line":22,"column":20},"end":{"line":22,"column":21}},"loc":{"start":{"line":22,"column":32},"end":{"line":29,"column":3}},"line":22},"2":{"name":"(anonymous_2)","decl":{"start":{"line":31,"column":12},"end":{"line":31,"column":13}},"loc":{"start":{"line":31,"column":18},"end":{"line":33,"column":3}},"line":31},"3":{"name":"(anonymous_3)","decl":{"start":{"line":35,"column":23},"end":{"line":35,"column":24}},"loc":{"start":{"line":35,"column":49},"end":{"line":45,"column":3}},"line":35},"4":{"name":"(anonymous_4)","decl":{"start":{"line":54,"column":23},"end":{"line":54,"column":24}},"loc":{"start":{"line":54,"column":33},"end":{"line":114,"column":11}},"line":54},"5":{"name":"(anonymous_5)","decl":{"start":{"line":74,"column":36},"end":{"line":74,"column":37}},"loc":{"start":{"line":74,"column":47},"end":{"line":74,"column":73}},"line":74},"6":{"name":"(anonymous_6)","decl":{"start":{"line":78,"column":38},"end":{"line":78,"column":39}},"loc":{"start":{"line":79,"column":28},"end":{"line":81,"column":37}},"line":79},"7":{"name":"(anonymous_7)","decl":{"start":{"line":93,"column":36},"end":{"line":93,"column":37}},"loc":{"start":{"line":94,"column":20},"end":{"line":109,"column":26}},"line":94}},"branchMap":{"0":{"loc":{"start":{"line":32,"column":4},"end":{"line":32,"column":33}},"type":"if","locations":[{"start":{"line":32,"column":4},"end":{"line":32,"column":33}},{"start":{},"end":{}}],"line":32},"1":{"loc":{"start":{"line":87,"column":27},"end":{"line":87,"column":68}},"type":"cond-expr","locations":[{"start":{"line":87,"column":48},"end":{"line":87,"column":57}},{"start":{"line":87,"column":60},"end":{"line":87,"column":68}}],"line":87}},"s":{"0":1,"1":1,"2":9,"3":8,"4":8,"5":8,"6":8,"7":5,"8":5,"9":4,"10":1,"11":8,"12":5,"13":4,"14":8,"15":2,"16":2,"17":1,"18":1,"19":1,"20":8,"21":3,"22":2,"23":15,"24":6},"f":{"0":9,"1":5,"2":5,"3":2,"4":3,"5":2,"6":15,"7":6},"b":{"0":[4,1],"1":[0,3]},"_coverageSchema":"1a1c01bbd47fc00a2c39e90264f33305004495a9","hash":"45d675a037662c13e77c21afcdf67246a62017cc"}
,"E:\\SynologyDrive\\NUS\\CS4218\\project\\cs4218-2420-ecom-project-team18\\client\\src\\pages\\admin\\CreateCategory.js": {"path":"E:\\SynologyDrive\\NUS\\CS4218\\project\\cs4218-2420-ecom-project-team18\\client\\src\\pages\\admin\\CreateCategory.js","statementMap":{"0":{"start":{"line":8,"column":23},"end":{"line":159,"column":1}},"1":{"start":{"line":9,"column":38},"end":{"line":9,"column":50}},"2":{"start":{"line":10,"column":26},"end":{"line":10,"column":38}},"3":{"start":{"line":11,"column":32},"end":{"line":11,"column":47}},"4":{"start":{"line":12,"column":34},"end":{"line":12,"column":48}},"5":{"start":{"line":13,"column":40},"end":{"line":13,"column":52}},"6":{"start":{"line":15,"column":23},"end":{"line":31,"column":3}},"7":{"start":{"line":16,"column":4},"end":{"line":16,"column":23}},"8":{"start":{"line":17,"column":4},"end":{"line":30,"column":5}},"9":{"start":{"line":18,"column":23},"end":{"line":20,"column":8}},"10":{"start":{"line":21,"column":6},"end":{"line":26,"column":7}},"11":{"start":{"line":22,"column":8},"end":{"line":22,"column":44}},"12":{"start":{"line":23,"column":8},"end":{"line":23,"column":25}},"13":{"start":{"line":25,"column":8},"end":{"line":25,"column":34}},"14":{"start":{"line":28,"column":6},"end":{"line":28,"column":25}},"15":{"start":{"line":29,"column":6},"end":{"line":29,"column":55}},"16":{"start":{"line":34,"column":25},"end":{"line":44,"column":3}},"17":{"start":{"line":35,"column":4},"end":{"line":43,"column":5}},"18":{"start":{"line":36,"column":23},"end":{"line":36,"column":71}},"19":{"start":{"line":37,"column":6},"end":{"line":39,"column":7}},"20":{"start":{"line":38,"column":8},"end":{"line":38,"column":37}},"21":{"start":{"line":41,"column":6},"end":{"line":41,"column":25}},"22":{"start":{"line":42,"column":6},"end":{"line":42,"column":62}},"23":{"start":{"line":46,"column":2},"end":{"line":48,"column":9}},"24":{"start":{"line":47,"column":4},"end":{"line":47,"column":21}},"25":{"start":{"line":51,"column":23},"end":{"line":70,"column":3}},"26":{"start":{"line":52,"column":4},"end":{"line":52,"column":23}},"27":{"start":{"line":53,"column":4},"end":{"line":69,"column":5}},"28":{"start":{"line":54,"column":23},"end":{"line":57,"column":7}},"29":{"start":{"line":58,"column":6},"end":{"line":66,"column":7}},"30":{"start":{"line":59,"column":8},"end":{"line":59,"column":51}},"31":{"start":{"line":60,"column":8},"end":{"line":60,"column":26}},"32":{"start":{"line":61,"column":8},"end":{"line":61,"column":27}},"33":{"start":{"line":62,"column":8},"end":{"line":62,"column":26}},"34":{"start":{"line":63,"column":8},"end":{"line":63,"column":25}},"35":{"start":{"line":65,"column":8},"end":{"line":65,"column":34}},"36":{"start":{"line":68,"column":6},"end":{"line":68,"column":42}},"37":{"start":{"line":72,"column":23},"end":{"line":87,"column":3}},"38":{"start":{"line":73,"column":4},"end":{"line":86,"column":5}},"39":{"start":{"line":74,"column":23},"end":{"line":76,"column":7}},"40":{"start":{"line":77,"column":6},"end":{"line":83,"column":7}},"41":{"start":{"line":78,"column":8},"end":{"line":78,"column":45}},"42":{"start":{"line":80,"column":8},"end":{"line":80,"column":25}},"43":{"start":{"line":82,"column":8},"end":{"line":82,"column":34}},"44":{"start":{"line":85,"column":6},"end":{"line":85,"column":42}},"45":{"start":{"line":88,"column":2},"end":{"line":158,"column":4}},"46":{"start":{"line":114,"column":20},"end":{"line":138,"column":23}},"47":{"start":{"line":121,"column":30},"end":{"line":121,"column":47}},"48":{"start":{"line":122,"column":30},"end":{"line":122,"column":53}},"49":{"start":{"line":123,"column":30},"end":{"line":123,"column":45}},"50":{"start":{"line":131,"column":30},"end":{"line":131,"column":50}},"51":{"start":{"line":144,"column":30},"end":{"line":144,"column":47}}},"fnMap":{"0":{"name":"(anonymous_0)","decl":{"start":{"line":8,"column":23},"end":{"line":8,"column":24}},"loc":{"start":{"line":8,"column":29},"end":{"line":159,"column":1}},"line":8},"1":{"name":"(anonymous_1)","decl":{"start":{"line":15,"column":23},"end":{"line":15,"column":24}},"loc":{"start":{"line":15,"column":36},"end":{"line":31,"column":3}},"line":15},"2":{"name":"(anonymous_2)","decl":{"start":{"line":34,"column":25},"end":{"line":34,"column":26}},"loc":{"start":{"line":34,"column":37},"end":{"line":44,"column":3}},"line":34},"3":{"name":"(anonymous_3)","decl":{"start":{"line":46,"column":12},"end":{"line":46,"column":13}},"loc":{"start":{"line":46,"column":18},"end":{"line":48,"column":3}},"line":46},"4":{"name":"(anonymous_4)","decl":{"start":{"line":51,"column":23},"end":{"line":51,"column":24}},"loc":{"start":{"line":51,"column":36},"end":{"line":70,"column":3}},"line":51},"5":{"name":"(anonymous_5)","decl":{"start":{"line":72,"column":23},"end":{"line":72,"column":24}},"loc":{"start":{"line":72,"column":38},"end":{"line":87,"column":3}},"line":72},"6":{"name":"(anonymous_6)","decl":{"start":{"line":113,"column":35},"end":{"line":113,"column":36}},"loc":{"start":{"line":114,"column":20},"end":{"line":138,"column":23}},"line":114},"7":{"name":"(anonymous_7)","decl":{"start":{"line":120,"column":37},"end":{"line":120,"column":38}},"loc":{"start":{"line":120,"column":43},"end":{"line":124,"column":29}},"line":120},"8":{"name":"(anonymous_8)","decl":{"start":{"line":130,"column":37},"end":{"line":130,"column":38}},"loc":{"start":{"line":130,"column":43},"end":{"line":132,"column":29}},"line":130},"9":{"name":"(anonymous_9)","decl":{"start":{"line":144,"column":24},"end":{"line":144,"column":25}},"loc":{"start":{"line":144,"column":30},"end":{"line":144,"column":47}},"line":144}},"branchMap":{"0":{"loc":{"start":{"line":21,"column":6},"end":{"line":26,"column":7}},"type":"if","locations":[{"start":{"line":21,"column":6},"end":{"line":26,"column":7}},{"start":{"line":24,"column":13},"end":{"line":26,"column":7}}],"line":21},"1":{"loc":{"start":{"line":37,"column":6},"end":{"line":39,"column":7}},"type":"if","locations":[{"start":{"line":37,"column":6},"end":{"line":39,"column":7}},{"start":{},"end":{}}],"line":37},"2":{"loc":{"start":{"line":58,"column":6},"end":{"line":66,"column":7}},"type":"if","locations":[{"start":{"line":58,"column":6},"end":{"line":66,"column":7}},{"start":{"line":64,"column":13},"end":{"line":66,"column":7}}],"line":58},"3":{"loc":{"start":{"line":77,"column":6},"end":{"line":83,"column":7}},"type":"if","locations":[{"start":{"line":77,"column":6},"end":{"line":83,"column":7}},{"start":{"line":81,"column":13},"end":{"line":83,"column":7}}],"line":77}},"s":{"0":1,"1":21,"2":20,"3":20,"4":20,"5":20,"6":20,"7":2,"8":2,"9":2,"10":2,"11":1,"12":1,"13":1,"14":0,"15":0,"16":20,"17":11,"18":11,"19":10,"20":10,"21":1,"22":1,"23":20,"24":8,"25":20,"26":2,"27":2,"28":2,"29":1,"30":1,"31":1,"32":1,"33":1,"34":1,"35":0,"36":1,"37":20,"38":2,"39":2,"40":2,"41":1,"42":1,"43":1,"44":0,"45":20,"46":10,"47":2,"48":2,"49":2,"50":2,"51":0},"f":{"0":21,"1":2,"2":11,"3":8,"4":2,"5":2,"6":10,"7":2,"8":2,"9":0},"b":{"0":[1,1],"1":[10,0],"2":[1,0],"3":[1,1]},"_coverageSchema":"1a1c01bbd47fc00a2c39e90264f33305004495a9","hash":"459b3eab4b7abe8753dcab1d8e713136fb9e93cf"}
,"E:\\SynologyDrive\\NUS\\CS4218\\project\\cs4218-2420-ecom-project-team18\\client\\src\\pages\\admin\\CreateProduct.js": {"path":"E:\\SynologyDrive\\NUS\\CS4218\\project\\cs4218-2420-ecom-project-team18\\client\\src\\pages\\admin\\CreateProduct.js","statementMap":{"0":{"start":{"line":8,"column":19},"end":{"line":8,"column":25}},"1":{"start":{"line":10,"column":22},"end":{"line":185,"column":1}},"2":{"start":{"line":11,"column":19},"end":{"line":11,"column":32}},"3":{"start":{"line":12,"column":38},"end":{"line":12,"column":50}},"4":{"start":{"line":13,"column":26},"end":{"line":13,"column":38}},"5":{"start":{"line":14,"column":40},"end":{"line":14,"column":52}},"6":{"start":{"line":15,"column":28},"end":{"line":15,"column":40}},"7":{"start":{"line":16,"column":34},"end":{"line":16,"column":46}},"8":{"start":{"line":17,"column":34},"end":{"line":17,"column":46}},"9":{"start":{"line":18,"column":34},"end":{"line":18,"column":46}},"10":{"start":{"line":19,"column":28},"end":{"line":19,"column":40}},"11":{"start":{"line":22,"column":25},"end":{"line":32,"column":3}},"12":{"start":{"line":23,"column":4},"end":{"line":31,"column":5}},"13":{"start":{"line":24,"column":23},"end":{"line":24,"column":71}},"14":{"start":{"line":25,"column":6},"end":{"line":27,"column":7}},"15":{"start":{"line":26,"column":8},"end":{"line":26,"column":38}},"16":{"start":{"line":29,"column":6},"end":{"line":29,"column":25}},"17":{"start":{"line":30,"column":6},"end":{"line":30,"column":63}},"18":{"start":{"line":34,"column":2},"end":{"line":36,"column":9}},"19":{"start":{"line":35,"column":4},"end":{"line":35,"column":21}},"20":{"start":{"line":39,"column":23},"end":{"line":67,"column":3}},"21":{"start":{"line":40,"column":4},"end":{"line":40,"column":23}},"22":{"start":{"line":41,"column":4},"end":{"line":66,"column":5}},"23":{"start":{"line":42,"column":6},"end":{"line":44,"column":7}},"24":{"start":{"line":43,"column":8},"end":{"line":43,"column":65}},"25":{"start":{"line":45,"column":26},"end":{"line":45,"column":40}},"26":{"start":{"line":46,"column":6},"end":{"line":46,"column":39}},"27":{"start":{"line":47,"column":6},"end":{"line":47,"column":53}},"28":{"start":{"line":48,"column":6},"end":{"line":48,"column":41}},"29":{"start":{"line":49,"column":6},"end":{"line":49,"column":47}},"30":{"start":{"line":50,"column":6},"end":{"line":50,"column":41}},"31":{"start":{"line":51,"column":6},"end":{"line":51,"column":47}},"32":{"start":{"line":52,"column":6},"end":{"line":52,"column":47}},"33":{"start":{"line":53,"column":23},"end":{"line":56,"column":7}},"34":{"start":{"line":57,"column":6},"end":{"line":62,"column":7}},"35":{"start":{"line":58,"column":8},"end":{"line":58,"column":54}},"36":{"start":{"line":59,"column":8},"end":{"line":59,"column":46}},"37":{"start":{"line":61,"column":8},"end":{"line":61,"column":35}},"38":{"start":{"line":64,"column":6},"end":{"line":64,"column":25}},"39":{"start":{"line":65,"column":6},"end":{"line":65,"column":42}},"40":{"start":{"line":69,"column":2},"end":{"line":184,"column":4}},"41":{"start":{"line":86,"column":18},"end":{"line":86,"column":37}},"42":{"start":{"line":91,"column":18},"end":{"line":93,"column":27}},"43":{"start":{"line":103,"column":37},"end":{"line":103,"column":64}},"44":{"start":{"line":127,"column":35},"end":{"line":127,"column":58}},"45":{"start":{"line":136,"column":35},"end":{"line":136,"column":65}},"46":{"start":{"line":146,"column":35},"end":{"line":146,"column":59}},"47":{"start":{"line":155,"column":35},"end":{"line":155,"column":62}},"48":{"start":{"line":166,"column":20},"end":{"line":166,"column":39}}},"fnMap":{"0":{"name":"(anonymous_0)","decl":{"start":{"line":10,"column":22},"end":{"line":10,"column":23}},"loc":{"start":{"line":10,"column":28},"end":{"line":185,"column":1}},"line":10},"1":{"name":"(anonymous_1)","decl":{"start":{"line":22,"column":25},"end":{"line":22,"column":26}},"loc":{"start":{"line":22,"column":37},"end":{"line":32,"column":3}},"line":22},"2":{"name":"(anonymous_2)","decl":{"start":{"line":34,"column":12},"end":{"line":34,"column":13}},"loc":{"start":{"line":34,"column":18},"end":{"line":36,"column":3}},"line":34},"3":{"name":"(anonymous_3)","decl":{"start":{"line":39,"column":23},"end":{"line":39,"column":24}},"loc":{"start":{"line":39,"column":36},"end":{"line":67,"column":3}},"line":39},"4":{"name":"(anonymous_4)","decl":{"start":{"line":85,"column":26},"end":{"line":85,"column":27}},"loc":{"start":{"line":85,"column":37},"end":{"line":87,"column":17}},"line":85},"5":{"name":"(anonymous_5)","decl":{"start":{"line":90,"column":33},"end":{"line":90,"column":34}},"loc":{"start":{"line":91,"column":18},"end":{"line":93,"column":27}},"line":91},"6":{"name":"(anonymous_6)","decl":{"start":{"line":103,"column":30},"end":{"line":103,"column":31}},"loc":{"start":{"line"
[...]
d":{"line":75,"column":47}},"48":{"start":{"line":76,"column":23},"end":{"line":79,"column":7}},"49":{"start":{"line":80,"column":6},"end":{"line":86,"column":7}},"50":{"start":{"line":81,"column":8},"end":{"line":81,"column":54}},"51":{"start":{"line":82,"column":8},"end":{"line":82,"column":46}},"52":{"start":{"line":84,"column":8},"end":{"line":84,"column":35}},"53":{"start":{"line":88,"column":6},"end":{"line":88,"column":25}},"54":{"start":{"line":89,"column":6},"end":{"line":89,"column":42}},"55":{"start":{"line":94,"column":23},"end":{"line":107,"column":3}},"56":{"start":{"line":95,"column":4},"end":{"line":106,"column":5}},"57":{"start":{"line":96,"column":19},"end":{"line":96,"column":79}},"58":{"start":{"line":97,"column":6},"end":{"line":97,"column":26}},"59":{"start":{"line":97,"column":19},"end":{"line":97,"column":26}},"60":{"start":{"line":98,"column":23},"end":{"line":100,"column":7}},"61":{"start":{"line":101,"column":6},"end":{"line":101,"column":52}},"62":{"start":{"line":102,"column":6},"end":{"line":102,"column":44}},"63":{"start":{"line":104,"column":6},"end":{"line":104,"column":25}},"64":{"start":{"line":105,"column":6},"end":{"line":105,"column":42}},"65":{"start":{"line":108,"column":2},"end":{"line":238,"column":4}},"66":{"start":{"line":125,"column":18},"end":{"line":125,"column":37}},"67":{"start":{"line":131,"column":18},"end":{"line":133,"column":27}},"68":{"start":{"line":143,"column":37},"end":{"line":143,"column":64}},"69":{"start":{"line":175,"column":35},"end":{"line":175,"column":58}},"70":{"start":{"line":184,"column":35},"end":{"line":184,"column":65}},"71":{"start":{"line":194,"column":35},"end":{"line":194,"column":59}},"72":{"start":{"line":203,"column":35},"end":{"line":203,"column":62}},"73":{"start":{"line":214,"column":20},"end":{"line":214,"column":47}}},"fnMap":{"0":{"name":"(anonymous_0)","decl":{"start":{"line":10,"column":22},"end":{"line":10,"column":23}},"loc":{"start":{"line":10,"column":28},"end":{"line":239,"column":1}},"line":10},"1":{"name":"(anonymous_1)","decl":{"start":{"line":24,"column":27},"end":{"line":24,"column":28}},"loc":{"start":{"line":24,"column":39},"end":{"line":39,"column":3}},"line":24},"2":{"name":"(anonymous_2)","decl":{"start":{"line":40,"column":12},"end":{"line":40,"column":13}},"loc":{"start":{"line":40,"column":18},"end":{"line":43,"column":3}},"line":40},"3":{"name":"(anonymous_3)","decl":{"start":{"line":45,"column":25},"end":{"line":45,"column":26}},"loc":{"start":{"line":45,"column":37},"end":{"line":55,"column":3}},"line":45},"4":{"name":"(anonymous_4)","decl":{"start":{"line":57,"column":12},"end":{"line":57,"column":13}},"loc":{"start":{"line":57,"column":18},"end":{"line":59,"column":3}},"line":57},"5":{"name":"(anonymous_5)","decl":{"start":{"line":62,"column":23},"end":{"line":62,"column":24}},"loc":{"start":{"line":62,"column":36},"end":{"line":91,"column":3}},"line":62},"6":{"name":"(anonymous_6)","decl":{"start":{"line":94,"column":23},"end":{"line":94,"column":24}},"loc":{"start":{"line":94,"column":35},"end":{"line":107,"column":3}},"line":94},"7":{"name":"(anonymous_7)","decl":{"start":{"line":124,"column":26},"end":{"line":124,"column":27}},"loc":{"start":{"line":124,"column":37},"end":{"line":126,"column":17}},"line":124},"8":{"name":"(anonymous_8)","decl":{"start":{"line":130,"column":33},"end":{"line":130,"column":34}},"loc":{"start":{"line":131,"column":18},"end":{"line":133,"column":27}},"line":131},"9":{"name":"(anonymous_9)","decl":{"start":{"line":143,"column":30},"end":{"line":143,"column":31}},"loc":{"start":{"line":143,"column":37},"end":{"line":143,"column":64}},"line":143},"10":{"name":"(anonymous_10)","decl":{"start":{"line":175,"column":28},"end":{"line":175,"column":29}},"loc":{"start":{"line":175,"column":35},"end":{"line":175,"column":58}},"line":175},"11":{"name":"(anonymous_11)","decl":{"start":{"line":184,"column":28},"end":{"line":184,"column":29}},"loc":{"start":{"line":184,"column":35},"end":{"line":184,"column":65}},"line":184},"12":{"name":"(anonymous_12)","decl":{"start":{"line":194,"column":28},"end":{"line":194,"column":29}},"loc":{"start":{"line":194,"column":35},"end":{"line":194,"column":59}},"line":194},"13":{"name":"(anonymous_13)","decl":{"start":{"line":203,"column":28},"end":{"line":203,"column":29}},"loc":{"start":{"line":203,"column":35},"end":{"line":203,"column":62}},"line":203},"14":{"name":"(anonymous_14)","decl":{"start":{"line":213,"column":28},"end":{"line":213,"column":29}},"loc":{"start":{"line":213,"column":39},"end":{"line":215,"column":19}},"line":213}},"branchMap":{"0":{"loc":{"start":{"line":48,"column":6},"end":{"line":50,"column":7}},"type":"if","locations":[{"start":{"line":48,"column":6},"end":{"line":50,"column":7}},{"start":{},"end":{}}],"line":48},"1":{"loc":{"start":{"line":65,"column":6},"end":{"line":67,"column":7}},"type":"if","locations":[{"start":{"line":65,"column":6},"end":{"line":67,"column":7}},{"start":{},"end":{}}],"line":65},"2":{"loc":{"start":{"line":73,"column":6},"end":{"line":73,"column":49}},"type":"binary-expr","locations":[{"start":{"line":73,"column":6},"end":{"line":73,"column":11}},{"start":{"line":73,"column":15},"end":{"line":73,"column":49}}],"line":73},"3":{"loc":{"start":{"line":80,"column":6},"end":{"line":86,"column":7}},"type":"if","locations":[{"start":{"line":80,"column":6},"end":{"line":86,"column":7}},{"start":{"line":83,"column":13},"end":{"line":86,"column":7}}],"line":80},"4":{"loc":{"start":{"line":97,"column":6},"end":{"line":97,"column":26}},"type":"if","locations":[{"start":{"line":97,"column":6},"end":{"line":97,"column":26}},{"start":{},"end":{}}],"line":97},"5":{"loc":{"start":{"line":138,"column":19},"end":{"line":138,"column":54}},"type":"cond-expr","locations":[{"start":{"line":138,"column":27},"end":{"line":138,"column":37}},{"start":{"line":138,"column":40},"end":{"line":138,"column":54}}],"line":138},"6":{"loc":{"start":{"line":149,"column":17},"end":{"line":167,"column":17}},"type":"cond-expr","locations":[{"start":{"line":150,"column":18},"end":{"line":157,"column":24}},{"start":{"line":159,"column":18},"end":{"line":166,"column":24}}],"line":149},"7":{"loc":{"start":{"line":216,"column":25},"end":{"line":216,"column":45}},"type":"cond-expr","locations":[{"start":{"line":216,"column":36},"end":{"line":216,"column":39}},{"start":{"line":216,"column":42},"end":{"line":216,"column":45}}],"line":216}},"s":{"0":2,"1":2,"2":37,"3":37,"4":36,"5":36,"6":36,"7":36,"8":36,"9":36,"10":36,"11":36,"12":36,"13":36,"14":9,"15":9,"16":8,"17":8,"18":8,"19":8,"20":8,"21":8,"22":8,"23":1,"24":36,"25":9,"26":36,"27":9,"28":9,"29":8,"30":8,"31":1,"32":1,"33":36,"34":9,"35":36,"36":4,"37":4,"38":4,"39":1,"40":4,"41":4,"42":4,"43":4,"44":4,"45":4,"46":4,"47":4,"48":4,"49":3,"50":2,"51":2,"52":1,"53":1,"54":1,"55":36,"56":2,"57":2,"58":2,"59":0,"60":2,"61":2,"62":2,"63":0,"64":0,"65":36,"66":3,"67":14,"68":0,"69":1,"70":4,"71":4,"72":4,"73":3},"f":{"0":37,"1":9,"2":9,"3":9,"4":9,"5":4,"6":2,"7":3,"8":14,"9":0,"10":1,"11":4,"12":4,"13":4,"14":3},"b":{"0":[8,0],"1":[1,3],"2":[4,0],"3":[2,1],"4":[0,2],"5":[0,36],"6":[0,36],"7":[21,15]},"_coverageSchema":"1a1c01bbd47fc00a2c39e90264f33305004495a9","hash":"311878d9e1c139a5b1a7eb0a31668168245d26f7"}
,"E:\\SynologyDrive\\NUS\\CS4218\\project\\cs4218-2420-ecom-project-team18\\client\\src\\pages\\admin\\Users.js": {"path":"E:\\SynologyDrive\\NUS\\CS4218\\project\\cs4218-2420-ecom-project-team18\\client\\src\\pages\\admin\\Users.js","statementMap":{"0":{"start":{"line":7,"column":14},"end":{"line":72,"column":1}},"1":{"start":{"line":8,"column":28},"end":{"line":8,"column":40}},"2":{"start":{"line":11,"column":22},"end":{"line":19,"column":3}},"3":{"start":{"line":12,"column":4},"end":{"line":18,"column":5}},"4":{"start":{"line":13,"column":23},"end":{"line":13,"column":64}},"5":{"start":{"line":14,"column":6},"end":{"line":14,"column":27}},"6":{"start":{"line":16,"column":6},"end":{"line":16,"column":25}},"7":{"start":{"line":17,"column":6},"end":{"line":17,"column":64}},"8":{"start":{"line":22,"column":2},"end":{"line":24,"column":9}},"9":{"start":{"line":23,"column":4},"end":{"line":23,"column":18}},"10":{"start":{"line":26,"column":2},"end":{"line":71,"column":4}},"11":{"start":{"line":49,"column":20},"end":{"line":56,"column":25}}},"fnMap":{"0":{"name":"(anonymous_0)","decl":{"start":{"line":7,"column":14},"end":{"line":7,"column":15}},"loc":{"start":{"line":7,"column":20},"end":{"line":72,"column":1}},"line":7},"1":{"name":"(anonymous_1)","decl":{"start":{"line":11,"column":22},"end":{"line":11,"column":23}},"loc":{"start":{"line":11,"column":34},"end":{"line":19,"column":3}},"line":11},"2":{"name":"(anonymous_2)","decl":{"start":{"line":22,"column":12},"end":{"line":22,"column":13}},"loc":{"start":{"line":22,"column":18},"end":{"line":24,"column":3}},"line":22},"3":{"name":"(anonymous_3)","decl":{"start":{"line":48,"column":28},"end":{"line":48,"column":29}},"loc":{"start":{"line":49,"column":20},"end":{"line":56,"column":25}},"line":49}},"branchMap":{"0":{"loc":{"start":{"line":47,"column":17},"end":{"line":64,"column":17}},"type":"cond-expr","locations":[{"start":{"line":48,"column":18},"end":{"line":57,"column":20}},{"start":{"line":59,"column":18},"end":{"line":63,"column":23}}],"line":47},"1":{"loc":{"start":{"line":53,"column":27},"end":{"line":53,"column":61}},"type":"cond-expr","locations":[{"start":{"line":53,"column":45},"end":{"line":53,"column":52}},{"start":{"line":53,"column":55},"end":{"line":53,"column":61}}],"line":53}},"s":{"0":1,"1":4,"2":4,"3":3,"4":3,"5":2,"6":1,"7":1,"8":4,"9":3,"10":4,"11":2},"f":{"0":4,"1":3,"2":3,"3":2},"b":{"0":[1,3],"1":[1,1]},"_coverageSchema":"1a1c01bbd47fc00a2c39e90264f33305004495a9","hash":"4868ea0541c2f83f8dc8b7401cdb586b8d1775b7"}
,"E:\\SynologyDrive\\NUS\\CS4218\\project\\cs4218-2420-ecom-project-team18\\client\\src\\pages\\user\\Dashboard.js": {"path":"E:\\SynologyDrive\\NUS\\CS4218\\project\\cs4218-2420-ecom-project-team18\\client\\src\\pages\\user\\Dashboard.js","statementMap":{"0":{"start":{"line":5,"column":18},"end":{"line":25,"column":1}},"1":{"start":{"line":6,"column":17},"end":{"line":6,"column":26}},"2":{"start":{"line":7,"column":2},"end":{"line":24,"column":4}}},"fnMap":{"0":{"name":"(anonymous_0)","decl":{"start":{"line":5,"column":18},"end":{"line":5,"column":19}},"loc":{"start":{"line":5,"column":24},"end":{"line":25,"column":1}},"line":5}},"branchMap":{},"s":{"0":1,"1":3,"2":3},"f":{"0":3},"b":{},"_coverageSchema":"1a1c01bbd47fc00a2c39e90264f33305004495a9","hash":"0c8a0c15fd4cee688dc5573e3bce13be76248115"}
,"E:\\SynologyDrive\\NUS\\CS4218\\project\\cs4218-2420-ecom-project-team18\\client\\src\\pages\\user\\Orders.js": {"path":"E:\\SynologyDrive\\NUS\\CS4218\\project\\cs4218-2420-ecom-project-team18\\client\\src\\pages\\user\\Orders.js","statementMap":{"0":{"start":{"line":8,"column":15},"end":{"line":88,"column":1}},"1":{"start":{"line":9,"column":30},"end":{"line":9,"column":42}},"2":{"start":{"line":10,"column":26},"end":{"line":10,"column":35}},"3":{"start":{"line":11,"column":20},"end":{"line":18,"column":3}},"4":{"start":{"line":12,"column":4},"end":{"line":17,"column":5}},"5":{"start":{"line":13,"column":23},"end":{"line":13,"column":61}},"6":{"start":{"line":14,"column":6},"end":{"line":14,"column":22}},"7":{"start":{"line":16,"column":6},"end":{"line":16,"column":25}},"8":{"start":{"line":20,"column":2},"end":{"line":22,"column":20}},"9":{"start":{"line":21,"column":4},"end":{"line":21,"column":33}},"10":{"start":{"line":21,"column":21},"end":{"line":21,"column":33}},"11":{"start":{"line":23,"column":2},"end":{"line":87,"column":4}},"12":{"start":{"line":35,"column":16},"end":{"line":78,"column":22}},"13":{"start":{"line":60,"column":22},"end":{"line":75,"column":28}}},"fnMap":{"0":{"name":"(anonymous_0)","decl":{"start":{"line":8,"column":15},"end":{"line":8,"column":16}},"loc":{"start":{"line":8,"column":21},"end":{"line":88,"column":1}},"line":8},"1":{"name":"(anonymous_1)","decl":{"start":{"line":11,"column":20},"end":{"line":11,"column":21}},"loc":{"start":{"line":11,"column":32},"end":{"line":18,"column":3}},"line":11},"2":{"name":"(anonymous_2)","decl":{"start":{"line":20,"column":12},"end":{"line":20,"column":13}},"loc":{"start":{"line":20,"column":18},"end":{"line":22,"column":3}},"line":20},"3":{"name":"(anonymous_3)","decl":{"start":{"line":34,"column":25},"end":{"line":34,"column":26}},"loc":{"start":{"line":35,"column":16},"end":{"line":78,"column":22}},"line":35},"4":{"name":"(anonymous_4)","decl":{"start":{"line":59,"column":38},"end":{"line":59,"column":39}},"loc":{"start":{"line":60,"column":22},"end":{"line":75,"column":28}},"line":60}},"branchMap":{"0":{"loc":{"start":{"line":21,"column":4},"end":{"line":21,"column":33}},"type":"if","locations":[{"start":{"line":21,"column":4},"end":{"line":21,"column":33}},{"start":{},"end":{}}],"line":21},"1":{"loc":{"start":{"line":33,"column":13},"end":{"line":82,"column":13}},"type":"cond-expr","locations":[{"start":{"line":34,"column":14},"end":{"line":79,"column":16}},{"start":{"line":81,"column":14},"end":{"line":81,"column":61}}],"line":33},"2":{"loc":{"start":{"line":53,"column":29},"end":{"line":53,"column":71}},"type":"cond-expr","locations":[{"start":{"line":53,"column":51},"end":{"line":53,"column":60}},{"start":{"line":53,"column":63},"end":{"line":53,"column":71}}],"line":53}},"s":{"0":1,"1":4,"2":4,"3":4,"4":3,"5":3,"6":2,"7":1,"8":4,"9":3,"10":3,"11":4,"12":1,"13":1},"f":{"0":4,"1":3,"2":3,"3":1,"4":1},"b":{"0":[3,0],"1":[1,3],"2":[1,0]},"_coverageSchema":"1a1c01bbd47fc00a2c39e90264f33305004495a9","hash":"504d6aa34a966fe7b7addf62d3a6c74303bcf1a9"}
,"E:\\SynologyDrive\\NUS\\CS4218\\project\\cs4218-2420-ecom-project-team18\\client\\src\\pages\\user\\Profile.js": {"path":"E:\\SynologyDrive\\NUS\\CS4218\\project\\cs4218-2420-ecom-project-team18\\client\\src\\pages\\user\\Profile.js","statementMap":{"0":{"start":{"line":8,"column":16},"end":{"line":125,"column":1}},"1":{"start":{"line":9,"column":26},"end":{"line":9,"column":35}},"2":{"start":{"line":12,"column":26},"end":{"line":12,"column":38}},"3":{"start":{"line":13,"column":28},"end":{"line":13,"column":40}},"4":{"start":{"line":14,"column":34},"end":{"line":14,"column":46}},"5":{"start":{"line":15,"column":28},"end":{"line":15,"column":40}},"6":{"start":{"line":16,"column":32},"end":{"line":16,"column":44}},"7":{"start":{"line":19,"column":2},"end":{"line":26,"column":19}},"8":{"start":{"line":20,"column":4},"end":{"line":25,"column":5}},"9":{"start":{"line":21,"column":6},"end":{"line":21,"column":36}},"10":{"start":{"line":22,"column":6},"end":{"line":22,"column":38}},"11":{"start":{"line":23,"column":6},"end":{"line":23,"column":38}},"12":{"start":{"line":24,"column":6},"end":{"line":24,"column":42}},"13":{"start":{"line":29,"column":23},"end":{"line":56,"column":3}},"14":{"start":{"line":30,"column":4},"end":{"line":30,"column":23}},"15":{"start":{"line":31,"column":4},"end":{"line":55,"column":5}},"16":{"start":{"line":32,"column":25},"end":{"line":32,"column":56}},"17":{"start":{"line":33,"column":6},"end":{"line":35,"column":7}},"18":{"start":{"line":34,"column":8},"end":{"line":34,"column":39}},"19":{"start":{"line":37,"column":23},"end":{"line":37,"column":74}},"20":{"start":{"line":38,"column":6},"end":{"line":51,"column":7}},"21":{"start":{"line":39,"column":8},"end":{"line":39,"column":32}},"22":{"start":{"line":41,"column":8},"end":{"line":41,"column":53}},"23":{"start":{"line":43,"column":17},"end":{"line":43,"column":45}},"24":{"start":{"line":44,"column":8},"end":{"line":48,"column":9}},"25":{"start":{"line":45,"column":10},"end":{"line":45,"column":30}},"26":{"start":{"line":46,"column":10},"end":{"line":46,"column":37}},"27":{"start":{"line":47,"column":10},"end":{"line":47,"column":59}},"28":{"start":{"line":50,"column":8},"end":{"line":50,"column":54}},"29":{"start":{"line":53,"column":6},"end":{"line":53,"column":53}},"30":{"start":{"line":54,"column":6},"end":{"line":54,"column":42}},"31":{"start":{"line":57,"column":2},"end":{"line":124,"column":4}},"32":{"start":{"line":72,"column":37},"end":{"line":72,"column":60}},"33":{"start":{"line":91,"column":37},"end":{"line":91,"column":64}},"34":{"start":{"line":100,"column":37},"end":{"line":100,"column":61}},"35":{"start":{"line":109,"column":37},"end":{"line":109,"column":63}}},"fnMap":{"0":{"name":"(anonymous_0)","decl":{"start":{"line":8,"column":16},"end":{"line":8,"column":17}},"loc":{"start":{"line":8,"column":22},"end":{"line":125,"column":1}},"line":8},"1":{"name":"(anonymous_1)","decl":{"start":{"line":19,"column":12},"end":{"line":19,"column":13}},"loc":{"start":{"line":19,"column":18},"end":{"line":26,"column":3}},"line":19},"2":{"name":"(anonymous_2)","decl":{"start":{"line":29,"column":23},"end":{"line":29,"column":24}},"loc":{"start":{"line":29,"column":36},"end":{"line":56,"column":3}},"line":29},"3":{"name":"(anonymous_3)","decl":{"start":{"line":72,"column":30},"end":{"line":72,"column":31}},"loc":{"start":{"line":72,"column":37},"end":{"line":72,"column":60}},"line":72},"4":{"name":"(anonymous_4)","decl":{"start":{"line":91,"column":30},"end":{"line":91,"column":31}},"loc":{"start":{"line":91,"column":37},"end":{"line":91,"column":64}},"line":91},"5":{"name":"(anonymous_5)","decl":{"start":{"line":100,"column":30},"end":{"line":100,"column":31}},"loc":{"start":{"line":100,"column":37},"end":{"line":100,"column":61}},"line":100},"6":{"name":"(anonymous_6)","decl":{"start":{"line":109,"column":30},"end":{"line":109,"column":31}},"loc":{"start":{"line":109,"column":37},"end":{"line":109,"column":63}},"line":109}},"branchMap":{"0":{"loc":{"start":{"line":20,"column":4},"end":{"line":25,"column":5}},"type":"if","locations":[{"start":{"line":20,"column":4},"end":{"line":25,"column":5}},{"start":{},"end":{}}],"line":20},"1":{"loc":{"start":{"line":21,"column":14},"end":{"line":21,"column":34}},"type":"binary-expr","locations":[{"start":{"line":21,"column":14},"end":{"line":21,"column":28}},{"start":{"line":21,"column":32},"end":{"line":21,"column":34}}],"line":21},"2":{"loc":{"start":{"line":22,"column":15},"end":{"line":22,"column":36}},"type":"binary-expr","locations":[{"start":{"line":22,"column":15},"end":{"line":22,"column":30}},{"start":{"line":22,"column":34},"end":{"line":22,"column":36}}],"line":22},"3":{"loc":{"start":{"line":23,"column":15},"end":{"line":23,"column":36}},"type":"binary-expr","locations":[{"start":{"line":23,"column":15},"end":{"line":23,"column":30}},{"start":{"line":23,"column":34},"end":{"line":23,"column":36}}],"line":23},"4":{"loc":{"start":{"line":24,"column":17},"end":{"line":24,"column":40}},"type":"binary-expr","locations":[{"start":{"line":24,"column":17},"end":{"line":24,"column":34}},{"start":{"line":24,"column":38},"end":{"line":24,"column":40}}],"line":24},"5":{"loc":{"start":{"line":33,"column":6},"end":{"line":35,"column":7}},"type":"if","locations":[{"start":{"line":33,"column":6},"end":{"line":35,"column":7}},{"start":{},"end":{}}],"line":33},"6":{"loc":{"start":{"line":38,"column":6},"end":{"line":51,"column":7}},"type":"if","locations":[{"start":{"line":38,"column":6},"end":{"line":51,"column":7}},{"start":{"line":40,"column":13},"end":{"line":51,"column":7}}],"line":38},"7":{"loc":{"start":{"line":44,"column":8},"end":{"line":48,"column":9}},"type":"if","locations":[{"start":{"line":44,"column":8},"end":{"line":48,"column":9}},{"start":{},"end":{}}],"line":44}},"s":{"0":1,"1":18,"2":18,"3":18,"4":18,"5":18,"6":18,"7":18,"8":5,"9":5,"10":5,"11":5,"12":5,"13":18,"14":3,"15":3,"16":3,"17":3,"18":1,"19":3,"20":2,"21":0,"22":2,"23":2,"24":2,"25":0,"26":0,"27":0,"28":2,"29":1,"30":1,"31":18,"32":2,"33":2,"34":2,"35":2},"f":{"0":18,"1":5,"2":3,"3":2,"4":2,"5":2,"6":2},"b":{"0":[5,0],"1":[5,0],"2":[5,0],"3":[5,0],"4":[5,0],"5":[1,2],"6":[0,2],"7":[0,2]},"_coverageSchema":"1a1c01bbd47fc00a2c39e90264f33305004495a9","hash":"a724ae269a6a31c16d1823a3b07f53ef19156288"}
}
