{"E:\\SynologyDrive\\NUS\\CS4218\\project\\cs4218-2420-ecom-project-team18\\controllers\\authController.js": {"path":"E:\\SynologyDrive\\NUS\\CS4218\\project\\cs4218-2420-ecom-project-team18\\controllers\\authController.js","statementMap":{"0":{"start":{"line":7,"column":34},"end":{"line":63,"column":1}},"1":{"start":{"line":8,"column":2},"end":{"line":62,"column":3}},"2":{"start":{"line":9,"column":62},"end":{"line":9,"column":70}},"3":{"start":{"line":11,"column":4},"end":{"line":13,"column":5}},"4":{"start":{"line":12,"column":6},"end":{"line":12,"column":53}},"5":{"start":{"line":14,"column":4},"end":{"line":16,"column":5}},"6":{"start":{"line":15,"column":6},"end":{"line":15,"column":56}},"7":{"start":{"line":17,"column":4},"end":{"line":19,"column":5}},"8":{"start":{"line":18,"column":6},"end":{"line":18,"column":59}},"9":{"start":{"line":20,"column":4},"end":{"line":22,"column":5}},"10":{"start":{"line":21,"column":6},"end":{"line":21,"column":59}},"11":{"start":{"line":23,"column":4},"end":{"line":25,"column":5}},"12":{"start":{"line":24,"column":6},"end":{"line":24,"column":58}},"13":{"start":{"line":26,"column":4},"end":{"line":28,"column":5}},"14":{"start":{"line":27,"column":6},"end":{"line":27,"column":57}},"15":{"start":{"line":30,"column":26},"end":{"line":30,"column":60}},"16":{"start":{"line":32,"column":4},"end":{"line":37,"column":5}},"17":{"start":{"line":33,"column":6},"end":{"line":36,"column":9}},"18":{"start":{"line":39,"column":27},"end":{"line":39,"column":55}},"19":{"start":{"line":41,"column":17},"end":{"line":48,"column":13}},"20":{"start":{"line":50,"column":4},"end":{"line":54,"column":7}},"21":{"start":{"line":56,"column":4},"end":{"line":56,"column":23}},"22":{"start":{"line":57,"column":4},"end":{"line":61,"column":7}},"23":{"start":{"line":66,"column":31},"end":{"line":116,"column":1}},"24":{"start":{"line":67,"column":2},"end":{"line":115,"column":3}},"25":{"start":{"line":68,"column":32},"end":{"line":68,"column":40}},"26":{"start":{"line":70,"column":4},"end":{"line":75,"column":5}},"27":{"start":{"line":71,"column":6},"end":{"line":74,"column":9}},"28":{"start":{"line":77,"column":17},"end":{"line":77,"column":51}},"29":{"start":{"line":78,"column":4},"end":{"line":83,"column":5}},"30":{"start":{"line":79,"column":6},"end":{"line":82,"column":9}},"31":{"start":{"line":84,"column":18},"end":{"line":84,"column":64}},"32":{"start":{"line":85,"column":4},"end":{"line":90,"column":5}},"33":{"start":{"line":86,"column":6},"end":{"line":89,"column":9}},"34":{"start":{"line":92,"column":18},"end":{"line":94,"column":6}},"35":{"start":{"line":95,"column":4},"end":{"line":107,"column":7}},"36":{"start":{"line":109,"column":4},"end":{"line":109,"column":23}},"37":{"start":{"line":110,"column":4},"end":{"line":114,"column":7}},"38":{"start":{"line":120,"column":40},"end":{"line":155,"column":1}},"39":{"start":{"line":121,"column":2},"end":{"line":154,"column":3}},"40":{"start":{"line":122,"column":43},"end":{"line":122,"column":51}},"41":{"start":{"line":123,"column":4},"end":{"line":125,"column":5}},"42":{"start":{"line":124,"column":6},"end":{"line":124,"column":68}},"43":{"start":{"line":126,"column":4},"end":{"line":128,"column":5}},"44":{"start":{"line":127,"column":6},"end":{"line":127,"column":69}},"45":{"start":{"line":129,"column":4},"end":{"line":131,"column":5}},"46":{"start":{"line":130,"column":6},"end":{"line":130,"column":75}},"47":{"start":{"line":133,"column":17},"end":{"line":133,"column":59}},"48":{"start":{"line":135,"column":4},"end":{"line":140,"column":5}},"49":{"start":{"line":136,"column":6},"end":{"line":139,"column":9}},"50":{"start":{"line":141,"column":19},"end":{"line":141,"column":50}},"51":{"start":{"line":142,"column":4},"end":{"line":142,"column":70}},"52":{"start":{"line":143,"column":4},"end":{"line":146,"column":7}},"53":{"start":{"line":148,"column":4},"end":{"line":148,"column":23}},"54":{"start":{"line":149,"column":4},"end":{"line":153,"column":7}},"55":{"start":{"line":158,"column":30},"end":{"line":165,"column":1}},"56":{"start":{"line":159,"column":2},"end":{"line":164,"column":3}},"57":{"start":{"line":160,"column":4},"end":{"line":160,"column":33}},"58":{"start":{"line":162,"column":4},"end":{"line":162,"column":23}},"59":{"start":{"line":163,"column":4},"end":{"line":163,"column":24}},"60":{"start":{"line":168,"column":39},"end":{"line":200,"column":1}},"61":{"start":{"line":169,"column":2},"end":{"line":199,"column":3}},"62":{"start":{"line":170,"column":54},"end":{"line":170,"column":62}},"63":{"start":{"line":171,"column":17},"end":{"line":171,"column":55}},"64":{"start":{"line":173,"column":4},"end":{"line":175,"column":5}},"65":{"start":{"line":174,"column":6},"end":{"line":174,"column":79}},"66":{"start":{"line":176,"column":27},"end":{"line":176,"column":78}},"67":{"start":{"line":177,"column":24},"end":{"line":186,"column":5}},"68":{"start":{"line":187,"column":4},"end":{"line":191,"column":7}},"69":{"start":{"line":193,"column":4},"end":{"line":193,"column":23}},"70":{"start":{"line":194,"column":4},"end":{"line":198,"column":7}},"71":{"start":{"line":203,"column":35},"end":{"line":218,"column":1}},"72":{"start":{"line":204,"column":2},"end":{"line":217,"column":3}},"73":{"start":{"line":205,"column":19},"end":{"line":208,"column":32}},"74":{"start":{"line":209,"column":4},"end":{"line":209,"column":21}},"75":{"start":{"line":211,"column":4},"end":{"line":211,"column":23}},"76":{"start":{"line":212,"column":4},"end":{"line":216,"column":7}},"77":{"start":{"line":220,"column":38},"end":{"line":236,"column":1}},"78":{"start":{"line":221,"column":2},"end":{"line":235,"column":3}},"79":{"start":{"line":222,"column":19},"end":{"line":226,"column":32}},"80":{"start":{"line":227,"column":4},"end":{"line":227,"column":21}},"81":{"start":{"line":229,"column":4},"end":{"line":229,"column":23}},"82":{"start":{"line":230,"column":4},"end":{"line":234,"column":7}},"83":{"start":{"line":239,"column":37},"end":{"line":257,"column":1}},"84":{"start":{"line":240,"column":2},"end":{"line":256,"column":3}},"85":{"start":{"line":241,"column":24},"end":{"line":241,"column":34}},"86":{"start":{"line":242,"column":23},"end":{"line":242,"column":31}},"87":{"start":{"line":243,"column":19},"end":{"line":247,"column":5}},"88":{"start":{"line":248,"column":4},"end":{"line":248,"column":21}},"89":{"start":{"line":250,"column":4},"end":{"line":250,"column":23}},"90":{"start":{"line":251,"column":4},"end":{"line":255,"column":7}}},"fnMap":{"0":{"name":"(anonymous_0)","decl":{"start":{"line":7,"column":34},"end":{"line":7,"column":35}},"loc":{"start":{"line":7,"column":54},"end":{"line":63,"column":1}},"line":7},"1":{"name":"(anonymous_1)","decl":{"start":{"line":66,"column":31},"end":{"line":66,"column":32}},"loc":{"start":{"line":66,"column":51},"end":{"line":116,"column":1}},"line":66},"2":{"name":"(anonymous_2)","decl":{"start":{"line":120,"column":40},"end":{"line":120,"column":41}},"loc":{"start":{"line":120,"column":60},"end":{"line":155,"column":1}},"line":120},"3":{"name":"(anonymous_3)","decl":{"start":{"line":158,"column":30},"end":{"line":158,"column":31}},"loc":{"start":{"line":158,"column":44},"end":{"line":165,"column":1}},"line":158},"4":{"name":"(anonymous_4)","decl":{"start":{"line":168,"column":39},"end":{"line":168,"column":40}},"loc":{"start":{"line":168,"column":59},"end":{"line":200,"column":1}},"line":168},"5":{"name":"(anonymous_5)","decl":{"start":{"line":203,"column":35},"end":{"line":203,"column":36}},"loc":{"start":{"line":203,"column":55},"end":{"line":218,"column":1}},"line":203},"6":{"name":"(anonymous_6)","decl":{"start":{"line":220,"column":38},"end":{"line":220,"column":39}},"loc":{"start":{"line":220,"column":58},"end":{"line":236,"column":1}},"line":220},"7":{"name":"(anonymous_7)","decl":{"start":{"line":239,"column":37},"end":{"line":239,"column":38}},"loc":{"start":{"line":239,"column":57},"end":{"line":257,"column":1}},"line":239}},"branchMap":{"0":{"loc":{"start":{"line":11,"column":4},"end":{"line":13,"column":5}},"type":"if","locations":[{"start":{"line":11,"column":4},"end":{"line":13,"column":5}},{"start":{},"end":{}}],"line":11},"1":{"loc":{"start":{"line":14,"column":4},"end":{"line":16,"column":5}},"type":"if","locations":[{"start":{"line":14,"column":4},"end":{"line":16,"column":5}},{"start":{},"end":{}}],"line":14},"2":{"loc":{"start":{"line":17,"column":4},"end":{"line":19,"column":5}},"type":"if","locations":[{"start":{"line":17,"column":4},"end":{"line":19,"column":5}},{"start":{},"end":{}}],"line":17},"3":{"loc":{"start":{"line":20,"column":4},"end":{"line":22,"column":5}},"type":"if","locations":[{"start":{"line":20,"column":4},"end":{"line":22,"column":5}},{"start":{},"end":{}}],"line":20},"4":{"loc":{"start":{"line":23,"column":4},"end":{"line":25,"column":5}},"type":"if","locations":[{"start":{"line":23,"column":4},"end":{"line":25,"column":5}},{"start":{},"end":{}}],"line":23},"5":{"loc":{"start":{"line":26,"column":4},"end":{"line":28,"column":5}},"type":"if","locations":[{"start":{"line":26,"column":4},"end":{"line":28,"column":5}},{"start":{},"end":{}}],"line":26},"6":{"loc":{"start":{"line":32,"column":4},"end":{"line":37,"column":5}},"type":"if","locations":[{"start":{"line":32,"column":4},"end":{"line":37,"column":5}},{"start":{},"end":{}}],"line":32},"7":{"loc":{"start":{"line":70,"column":4},"end":{"line":75,"column":5}},"type":"if","locations":[{"start":{"line":70,"column":4},"end":{"line":75,"column":5}},{"start":{},"end":{}}],"line":70},"8":{"loc":{"start":{"line":70,"column":8},"end":{"line":70,"column":27}},"type":"binary-expr","locations":[{"start":{"line":70,"column":8},"end":{"line":70,"column":14}},{"start":{"line":70,"column":18},"end":{"line":70,"column":27}}],"line":70},"9":{"loc":{"start":{"line":78,"column":4},"end":{"line":83,"column":5}},"type":"if","locations":[{"start":{"line":78,"column":4},"end":{"line":83,"column":5}},{"start":{},"end":{}}],"line":78},"10":{"loc":{"start":{"line":85,"column":4},"end":{"line":90,"column":5}},"type":"if","locations":[{"start":{"line":85,"column":4},"end":{"line":90,"column":5}},{"start":{},"end":{}}],"line":85},"11":{"loc":{"start":{"line":123,"column":4},"end":{"line":125,"column":5}},"type":"if","locations":[{"start":{"line":123,"column":4},"end":{"line":125,"column":5}},{"start":{},"end":{}}],"line":123},"12":{"loc":{"start":{"line":126,"column":4},"end":{"line":128,"column":5}},"type":"if","locations":[{"start":{"line":126,"column":4},"end":{"line":128,"column":5}},{"start":{},"end":{}}],"line":126},"13":{"loc":{"start":{"line":129,"column":4},"end":{"line":131,"column":5}},"type":"if","locations":[{"start":{"line":129,"column":4},"end":{"line":131,"column":5}},{"start":{},"end":{}}],"line":129},"14":{"loc":{"start":{"line":135,"column":4},"end":{"line":140,"column":5}},"type":"if","locations":[{"start":{"line":135,"column":4},"end":{"line":140,"column":5}},{"start":{},"end":{}}],"line":135},"15":{"loc":{"start":{"line":173,"column":4},"end":{"line":175,"column":5}},"type":"if","locations":[{"start":{"line":173,"column":4},"end":{"line":175,"column":5}},{"start":{},"end":{}}],"line":173},"16":{"loc":{"start":{"line":173,"column":8},"end":{"line":173,"column":39}},"type":"binary-expr","locations":[{"start":{"line":173,"column":8},"end":{"line":173,"column":16}},{"start":{"line":173,"column":20},"end":{"line":173,"column":39}}],"line":173},"17":{"loc":{"start":{"line":176,"column":27},"end":{"line":176,"column":78}},"type":"cond-expr","locations":[{"start":{"line":176,"column":38},"end":{"line":176,"column":66}},{"start":{"line":176,"column":69},"end":{"line":176,"column":78}}],"line":176},"18":{"loc":{"start":{"line":180,"column":14},"end":{"line":180,"column":31}},"type":"binary-expr","locations":[{"start":{"line":180,"column":14},"end":{"line":180,"column":18}},{"start":{"line":180,"column":22},"end":{"line":180,"column":31}}],"line":180},"19":{"loc":{"start":{"line":181,"column":18},"end":{"line":181,"column":49}},"type":"binary-expr","locations":[{"start":{"line":181,"column":18},"end":{"line":181,"column":32}},{"start":{"line":181,"column":36},"end":{"line":181,"column":49}}],"line":181},"20":{"loc":{"start":{"line":182,"column":15},"end":{"line":182,"column":34}},"type":"binary-expr","locations":[{"start":{"line":182,"column":15},"end":{"line":182,"column":20}},{"start":{"line":182,"column":24},"end":{"line":182,"column":34}}],"line":182},"21":{"loc":{"start":{"line":183,"column":17},"end":{"line":183,"column":40}},"type":"binary-expr","locations":[{"start":{"line":183,"column":17},"end":{"line":183,"column":24}},{"start":{"line":183,"column":28},"end":{"line":183,"column":40}}],"line":183}},"s":{"0":1,"1":9,"2":9,"3":9,"4":1,"5":8,"6":1,"7":7,"8":1,"9":6,"10":1,"11":5,"12":1,"13":4,"14":1,"15":3,"16":2,"17":1,"18":1,"19":1,"20":1,"21":1,"22":1,"23":1,"24":6,"25":6,"26":6,"27":2,"28":4,"29":3,"30":1,"31":2,"32":2,"33":1,"34":1,"35":1,"36":1,"37":1,"38":1,"39":6,"40":6,"41":6,"42":1,"43":5,"44":1,"45":4,"46":1,"47":3,"48":2,"49":1,"50":1,"51":1,"52":1,"53":1,"54":1,"55":1,"56":1,"57":1,"58":0,"59":0,"60":1,"61":4,"62":4,"63":4,"64":3,"65":1,"66":2,"67":2,"68":1,"69":2,"70":2,"71":1,"72":2,"73":2,"74":1,"75":1,"76":1,"77":1,"78":2,"79":2,"80":1,"81":1,"82":1,"83":1,"84":2,"85":2,"86":2,"87":2,"88":1,"89":1,"90":1},"f":{"0":9,"1":6,"2":6,"3":1,"4":4,"5":2,"6":2,"7":2},"b":{"0":[1,8],"1":[1,7],"2":[1,6],"3":[1,5],"4":[1,4],"5":[1,3],"6":[1,1],"7":[2,4],"8":[6,5],"9":[1,2],"10":[1,1],"11":[1,5],"12":[1,4],"13":[1,3],"14":[1,1],"15":[1,2],"16":[3,1],"17":[0,2],"18":[2,1],"19":[1,1],"20":[1,1],"21":[1,1]},"inputSourceMap":null,"_coverageSchema":"1a1c01bbd47fc00a2c39e90264f33305004495a9","hash":"6655b9893e00dd3ebb529eebab2270b3a586bdad"}
,"E:\\SynologyDrive\\NUS\\CS4218\\project\\cs4218-2420-ecom-project-team18\\controllers\\categoryController.js": {"path":"E:\\SynologyDrive\\NUS\\CS4218\\project\\cs4218-2420-ecom-project-team18\\controllers\\categoryController.js","statementMap":{"0":{"start":{"line":3,"column":40},"end":{"line":33,"column":1}},"1":{"start":{"line":4,"column":2},"end":{"line":32,"column":3}},"2":{"start":{"line":5,"column":21},"end":{"line":5,"column":29}},"3":{"start":{"line":6,"column":4},"end":{"line":8,"column":5}},"4":{"start":{"line":7,"column":6},"end":{"line":7,"column":67}},"5":{"start":{"line":9,"column":29},"end":{"line":9,"column":66}},"6":{"start":{"line":10,"column":4},"end":{"line":15,"column":5}},"7":{"start":{"line":11,"column":6},"end":{"line":14,"column":9}},"8":{"start":{"line":16,"column":21},"end":{"line":19,"column":13}},"9":{"start":{"line":20,"column":4},"end":{"line":24,"column":7}},"10":{"start":{"line":26,"column":4},"end":{"line":26,"column":23}},"11":{"start":{"line":27,"column":4},"end":{"line":31,"column":7}},"12":{"start":{"line":36,"column":40},"end":{"line":59,"column":1}},"13":{"start":{"line":37,"column":2},"end":{"line":58,"column":3}},"14":{"start":{"line":38,"column":21},"end":{"line":38,"column":29}},"15":{"start":{"line":39,"column":19},"end":{"line":39,"column":29}},"16":{"start":{"line":40,"column":21},"end":{"line":44,"column":5}},"17":{"start":{"line":45,"column":4},"end":{"line":49,"column":7}},"18":{"start":{"line":52,"column":4},"end":{"line":52,"column":23}},"19":{"start":{"line":53,"column":4},"end":{"line":57,"column":7}},"20":{"start":{"line":62,"column":35},"end":{"line":78,"column":1}},"21":{"start":{"line":63,"column":2},"end":{"line":77,"column":3}},"22":{"start":{"line":64,"column":21},"end":{"line":64,"column":49}},"23":{"start":{"line":65,"column":4},"end":{"line":69,"column":7}},"24":{"start":{"line":71,"column":4},"end":{"line":71,"column":23}},"25":{"start":{"line":72,"column":4},"end":{"line":76,"column":7}},"26":{"start":{"line":81,"column":40},"end":{"line":97,"column":1}},"27":{"start":{"line":82,"column":2},"end":{"line":96,"column":3}},"28":{"start":{"line":83,"column":21},"end":{"line":83,"column":75}},"29":{"start":{"line":84,"column":4},"end":{"line":88,"column":7}},"30":{"start":{"line":90,"column":4},"end":{"line":90,"column":23}},"31":{"start":{"line":91,"column":4},"end":{"line":95,"column":7}},"32":{"start":{"line":100,"column":40},"end":{"line":116,"column":1}},"33":{"start":{"line":101,"column":2},"end":{"line":115,"column":3}},"34":{"start":{"line":102,"column":19},"end":{"line":102,"column":29}},"35":{"start":{"line":103,"column":4},"end":{"line":103,"column":46}},"36":{"start":{"line":104,"column":4},"end":{"line":107,"column":7}},"37":{"start":{"line":109,"column":4},"end":{"line":109,"column":23}},"38":{"start":{"line":110,"column":4},"end":{"line":114,"column":7}}},"fnMap":{"0":{"name":"(anonymous_0)","decl":{"start":{"line":3,"column":40},"end":{"line":3,"column":41}},"loc":{"start":{"line":3,"column":60},"end":{"line":33,"column":1}},"line":3},"1":{"name":"(anonymous_1)","decl":{"start":{"line":36,"column":40},"end":{"line":36,"column":41}},"loc":{"start":{"line":36,"column":60},"end":{"line":59,"column":1}},"line":36},"2":{"name":"(anonymous_2)","decl":{"start":{"line":62,"column":35},"end":{"line":62,"column":36}},"loc":{"start":{"line":62,"column":55},"end":{"line":78,"column":1}},"line":62},"3":{"name":"(anonymous_3)","decl":{"start":{"line":81,"column":40},"end":{"line":81,"column":41}},"loc":{"start":{"line":81,"column":60},"end":{"line":97,"column":1}},"line":81},"4":{"name":"(anonymous_4)","decl":{"start":{"line":100,"column":40},"end":{"line":100,"column":41}},"loc":{"start":{"line":100,"column":60},"end":{"line":116,"column":1}},"line":100}},"branchMap":{"0":{"loc":{"start":{"line":6,"column":4},"end":{"line":8,"column":5}},"type":"if","locations":[{"start":{"line":6,"column":4},"end":{"line":8,"column":5}},{"start":{},"end":{}}],"line":6},"1":{"loc":{"start":{"line":10,"column":4},"end":{"line":15,"column":5}},"type":"if","locations":[{"start":{"line":10,"column":4},"end":{"line":15,"column":5}},{"start":{},"end":{}}],"line":10}},"s":{"0":1,"1":4,"2":4,"3":4,"4":1,"5":3,"6":2,"7":1,"8":1,"9":1,"10":1,"11":1,"12":1,"13":2,"14":2,"15":2,"16":2,"17":1,"18":1,"19":1,"20":1,"21":3,"22":3,"23":2,"24":1,"25":1,"26":1,"27":2,"28":2,"29":1,"30":1,"31":1,"32":1,"33":2,"34":2,"35":2,"36":1,"37":1,"38":1},"f":{"0":4,"1":2,"2":3,"3":2,"4":2},"b":{"0":[1,3],"1":[1,1]},"inputSourceMap":null,"_coverageSchema":"1a1c01bbd47fc00a2c39e90264f33305004495a9","hash":"b26aa284abfc9705ebaeb55a057718333656c1c7"}
,"E:\\SynologyDrive\\NUS\\CS4218\\project\\cs4218-2420-ecom-project-team18\\controllers\\productController.js": {"path":"E:\\SynologyDrive\\NUS\\CS4218\\project\\cs4218-2420-ecom-project-team18\\controllers\\productController.js","statementMap":{"0":{"start":{"line":10,"column":0},"end":{"line":10,"column":16}},"1":{"start":{"line":13,"column":14},"end":{"line":18,"column":2}},"2":{"start":{"line":20,"column":39},"end":{"line":62,"column":1}},"3":{"start":{"line":21,"column":2},"end":{"line":61,"column":3}},"4":{"start":{"line":23,"column":6},"end":{"line":23,"column":16}},"5":{"start":{"line":24,"column":22},"end":{"line":24,"column":31}},"6":{"start":{"line":26,"column":4},"end":{"line":41,"column":5}},"7":{"start":{"line":28,"column":8},"end":{"line":28,"column":67}},"8":{"start":{"line":30,"column":8},"end":{"line":30,"column":74}},"9":{"start":{"line":32,"column":8},"end":{"line":32,"column":68}},"10":{"start":{"line":34,"column":8},"end":{"line":34,"column":71}},"11":{"start":{"line":36,"column":8},"end":{"line":36,"column":71}},"12":{"start":{"line":38,"column":8},"end":{"line":40,"column":76}},"13":{"start":{"line":43,"column":21},"end":{"line":43,"column":77}},"14":{"start":{"line":44,"column":4},"end":{"line":47,"column":5}},"15":{"start":{"line":45,"column":6},"end":{"line":45,"column":56}},"16":{"start":{"line":46,"column":6},"end":{"line":46,"column":46}},"17":{"start":{"line":48,"column":4},"end":{"line":48,"column":26}},"18":{"start":{"line":49,"column":4},"end":{"line":53,"column":7}},"19":{"start":{"line":55,"column":4},"end":{"line":55,"column":23}},"20":{"start":{"line":56,"column":4},"end":{"line":60,"column":7}},"21":{"start":{"line":65,"column":36},"end":{"line":87,"column":1}},"22":{"start":{"line":66,"column":2},"end":{"line":86,"column":3}},"23":{"start":{"line":67,"column":21},"end":{"line":72,"column":30}},"24":{"start":{"line":73,"column":4},"end":{"line":78,"column":7}},"25":{"start":{"line":80,"column":4},"end":{"line":80,"column":23}},"26":{"start":{"line":81,"column":4},"end":{"line":85,"column":7}},"27":{"start":{"line":89,"column":42},"end":{"line":108,"column":1}},"28":{"start":{"line":90,"column":2},"end":{"line":107,"column":3}},"29":{"start":{"line":91,"column":20},"end":{"line":94,"column":27}},"30":{"start":{"line":95,"column":4},"end":{"line":99,"column":7}},"31":{"start":{"line":101,"column":4},"end":{"line":101,"column":23}},"32":{"start":{"line":102,"column":4},"end":{"line":106,"column":7}},"33":{"start":{"line":111,"column":38},"end":{"line":126,"column":1}},"34":{"start":{"line":112,"column":2},"end":{"line":125,"column":3}},"35":{"start":{"line":113,"column":20},"end":{"line":113,"column":79}},"36":{"start":{"line":114,"column":4},"end":{"line":117,"column":5}},"37":{"start":{"line":115,"column":6},"end":{"line":115,"column":57}},"38":{"start":{"line":116,"column":6},"end":{"line":116,"column":54}},"39":{"start":{"line":119,"column":4},"end":{"line":119,"column":23}},"40":{"start":{"line":120,"column":4},"end":{"line":124,"column":7}},"41":{"start":{"line":129,"column":39},"end":{"line":144,"column":1}},"42":{"start":{"line":130,"column":2},"end":{"line":143,"column":3}},"43":{"start":{"line":131,"column":4},"end":{"line":131,"column":74}},"44":{"start":{"line":132,"column":4},"end":{"line":135,"column":7}},"45":{"start":{"line":137,"column":4},"end":{"line":137,"column":23}},"46":{"start":{"line":138,"column":4},"end":{"line":142,"column":7}},"47":{"start":{"line":147,"column":39},"end":{"line":196,"column":1}},"48":{"start":{"line":148,"column":2},"end":{"line":195,"column":3}},"49":{"start":{"line":150,"column":6},"end":{"line":150,"column":16}},"50":{"start":{"line":151,"column":22},"end":{"line":151,"column":31}},"51":{"start":{"line":153,"column":4},"end":{"line":168,"column":5}},"52":{"start":{"line":155,"column":8},"end":{"line":155,"column":67}},"53":{"start":{"line":157,"column":8},"end":{"line":157,"column":74}},"54":{"start":{"line":159,"column":8},"end":{"line":159,"column":68}},"55":{"start":{"line":161,"column":8},"end":{"line":161,"column":71}},"56":{"start":{"line":163,"column":8},"end":{"line":163,"column":71}},"57":{"start":{"line":165,"column":8},"end":{"line":167,"column":76}},"58":{"start":{"line":170,"column":21},"end":{"line":174,"column":5}},"59":{"start":{"line":175,"column":4},"end":{"line":181,"column":5}},"60":{"start":{"line":176,"column":6},"end":{"line":178,"column":7}},"61":{"start":{"line":177,"column":8},"end":{"line":177,"column":28}},"62":{"start":{"line":179,"column":6},"end":{"line":179,"column":56}},"63":{"start":{"line":180,"column":6},"end":{"line":180,"column":46}},"64":{"start":{"line":182,"column":4},"end":{"line":182,"column":26}},"65":{"start":{"line":183,"column":4},"end":{"line":187,"column":7}},"66":{"start":{"line":189,"column":4},"end":{"line":189,"column":23}},"67":{"start":{"line":190,"column":4},"end":{"line":194,"column":7}},"68":{"start":{"line":199,"column":40},"end":{"line":218,"column":1}},"69":{"start":{"line":200,"column":2},"end":{"line":217,"column":3}},"70":{"start":{"line":201,"column":31},"end":{"line":201,"column":39}},"71":{"start":{"line":202,"column":15},"end":{"line":202,"column":17}},"72":{"start":{"line":203,"column":4},"end":{"line":203,"column":52}},"73":{"start":{"line":203,"column":28},"end":{"line":203,"column":52}},"74":{"start":{"line":204,"column":4},"end":{"line":204,"column":70}},"75":{"start":{"line":204,"column":22},"end":{"line":204,"column":70}},"76":{"start":{"line":205,"column":21},"end":{"line":205,"column":50}},"77":{"start":{"line":206,"column":4},"end":{"line":209,"column":7}},"78":{"start":{"line":211,"column":4},"end":{"line":211,"column":23}},"79":{"start":{"line":212,"column":4},"end":{"line":216,"column":7}},"80":{"start":{"line":221,"column":38},"end":{"line":236,"column":1}},"81":{"start":{"line":222,"column":2},"end":{"line":235,"column":3}},"82":{"start":{"line":223,"column":18},"end":{"line":223,"column":70}},"83":{"start":{"line":224,"column":4},"end":{"line":227,"column":7}},"84":{"start":{"line":229,"column":4},"end":{"line":229,"column":23}},"85":{"start":{"line":230,"column":4},"end":{"line":234,"column":7}},"86":{"start":{"line":239,"column":37},"end":{"line":261,"column":1}},"87":{"start":{"line":240,"column":2},"end":{"line":260,"column":3}},"88":{"start":{"line":241,"column":20},"end":{"line":241,"column":21}},"89":{"start":{"line":242,"column":17},"end":{"line":242,"column":54}},"90":{"start":{"line":243,"column":21},"end":{"line":248,"column":30}},"91":{"start":{"line":249,"column":4},"end":{"line":252,"column":7}},"92":{"start":{"line":254,"column":4},"end":{"line":254,"column":23}},"93":{"start":{"line":255,"column":4},"end":{"line":259,"column":7}},"94":{"start":{"line":264,"column":39},"end":{"line":284,"column":1}},"95":{"start":{"line":265,"column":2},"end":{"line":283,"column":3}},"96":{"start":{"line":266,"column":24},"end":{"line":266,"column":34}},"97":{"start":{"line":267,"column":20},"end":{"line":274,"column":23}},"98":{"start":{"line":275,"column":4},"end":{"line":275,"column":22}},"99":{"start":{"line":277,"column":4},"end":{"line":277,"column":23}},"100":{"start":{"line":278,"column":4},"end":{"line":282,"column":7}},"101":{"start":{"line":287,"column":40},"end":{"line":310,"column":1}},"102":{"start":{"line":288,"column":2},"end":{"line":309,"column":3}},"103":{"start":{"line":289,"column":25},"end":{"line":289,"column":35}},"104":{"start":{"line":290,"column":21},"end":{"line":297,"column":27}},"105":{"start":{"line":298,"column":4},"end":{"line":301,"column":7}},"106":{"start":{"line":303,"column":4},"end":{"line":303,"column":23}},"107":{"start":{"line":304,"column":4},"end":{"line":308,"column":7}},"108":{"start":{"line":313,"column":41},"end":{"line":330,"column":1}},"109":{"start":{"line":314,"column":2},"end":{"line":329,"column":3}},"110":{"start":{"line":315,"column":21},"end":{"line":315,"column":75}},"111":{"start":{"line":316,"column":21},"end":{"line":316,"column":79}},"112":{"start":{"line":317,"column":4},"end":{"line":321,"column":7}},"113":{"start":{"line":323,"column":4},"end":{"line":323,"column":23}},"114":{"start":{"line":324,"column":4},"end":{"line":328,"column":7}},"115":{"start":{"line":334,"column":40},"end":{"line":346,"column":1}},"116":{"start":{"line":335,"column":2},"end":{"line":345,"column":3}},"117":{"start":{"line":336,"column":4},"end":{"line":342,"column":7}},"118":{"start":{"line":337,"column":6},"end":{"line":341,"column":7}},"119":{"start":{"line":338,"column":8},"end":{"line":338,"column":34}},"120":{"start":{"line":340,"column":8},"end":{"line":340,"column":27}},"121":{"start":{"line":344,"column":4},"end":{"line":344,"column":23}},"122":{"start":{"line":349,"column":42},"end":{"line":380,"column":1}},"123":{"start":{"line":350,"column":2},"end":{"line":379,"column":3}},"124":{"start":{"line":351,"column":28},"end":{"line":351,"column":36}},"125":{"start":{"line":352,"column":16},"end":{"line":352,"column":17}},"126":{"start":{"line":353,"column":4},"end":{"line":355,"column":7}},"127":{"start":{"line":354,"column":6},"end":{"line":354,"column":23}},"128":{"start":{"line":356,"column":25},"end":{"line":376,"column":5}},"129":{"start":{"line":365,"column":8},"end":{"line":374,"column":9}},"130":{"start":{"line":366,"column":24},"end":{"line":370,"column":19}},"131":{"start":{"line":371,"column":10},"end":{"line":371,"column":33}},"132":{"start":{"line":373,"column":10},"end":{"line":373,"column":38}},"133":{"start":{"line":378,"column":4},"end":{"line":378,"column":23}}},"fnMap":{"0":{"name":"(anonymous_0)","decl":{"start":{"line":20,"column":39},"end":{"line":20,"column":40}},"loc":{"start":{"line":20,"column":59},"end":{"line":62,"column":1}},"line":20},"1":{"name":"(anonymous_1)","decl":{"start":{"line":65,"column":36},"end":{"line":65,"column":37}},"loc":{"start":{"line":65,"column":56},"end":{"line":87,"column":1}},"line":65},"2":{"name":"(anonymous_2)","decl":{"start":{"line":89,"column":42},"end":{"line":89,"column":43}},"loc":{"start":{"line":89,"column":62},"end":{"line":108,"column":1}},"line":89},"3":{"name":"(anonymous_3)","decl":{"start":{"line":111,"column":38},"end":{"line":111,"column":39}},"loc":{"start":{"line":111,"column":58},"end":{"line":126,"column":1}},"line":111},"4":{"name":"(anonymous_4)","decl":{"start":{"line":129,"column":39},"end":{"line":129,"column":40}},"loc":{"start":{"line":129,"column":59},"end":{"line":144,"column":1}},"line":129},"5":{"name":"(anonymous_5)","decl":{"start":{"line":147,"column":39},"end":{"line":147,"column":40}},"loc":{"start":{"line":147,"column":59},"end":{"line":196,"column":1}},"line":147},"6":{"name":"(anonymous_6)","decl":{"start":{"line":199,"column":40},"end":{"line":199,"column":41}},"loc":{"start":{"line":199,"column":60},"end":{"line":218,"column":1}},"line":199},"7":{"name":"(anonymous_7)","decl":{"start":{"line":221,"column":38},"end":{"line":221,"column":39}},"loc":{"start":{"line":221,"column":58},"end":{"line":236,"column":1}},"line":221},"8":{"name":"(anonymous_8)","decl":{"start":{"line":239,"column":37},"end":{"line":239,"column":38}},"loc":{"start":{"line":239,"column":57},"end":{"line":261,"column":1}},"line":239},"9":{"name":"(anonymous_9)","decl":{"start":{"line":264,"column":39},"end":{"line":264,"column":40}},"loc":{"start":{"line":264,"column":59},"end":{"line":284,"column":1}},"line":264},"10":{"name":"(anonymous_10)","decl":{"start":{"line":287,"column":40},"end":{"line":287,"column":41}},"loc":{"start":{"line":287,"column":60},"end":{"line":310,"column":1}},"line":287},"11":{"name":"(anonymous_11)","decl":{"start":{"line":313,"column":41},"end":{"line":313,"column":42}},"loc":{"start":{"line":313,"column":61},"end":{"line":330,"column":1}},"line":313},"12":{"name":"(anonymous_12)","decl":{"start":{"line":334,"column":40},"end":{"line":334,"column":41}},"loc":{"start":{"line":334,"column":60},"end":{"line":346,"column":1}},"line":334},"13":{"name":"(anonymous_13)","decl":{"start":{"line":336,"column":37},"end":{"line":336,"column":38}},"loc":{"start":{"line":336,"column":62},"end":{"line":342,"column":5}},"line":336},"14":{"name":"(anonymous_14)","decl":{"start":{"line":349,"column":42},"end":{"line":349,"column":43}},"loc":{"start":{"line":349,"column":62},"end":{"line":380,"column":1}},"line":349},"15":{"name":"(anonymous_15)","decl":{"start":{"line":353,"column":13},"end":{"line":353,"column":14}},"loc":{"start":{"line":353,"column":20},"end":{"line":355,"column":5}},"line":353},"16":{"name":"(anonymous_16)","decl":{"start":{"line":364,"column":6},"end":{"line":364,"column":7}},"loc":{"start":{"line":364,"column":31},"end":{"line":375,"column":7}},"line":364}},"branchMap":{"0":{"loc":{"start":{"line":26,"column":4},"end":{"line":41,"column":5}},"type":"switch","locations":[{"start":{"line":27,"column":6},"end":{"line":28,"column":67}},{"start":{"line":29,"column":6},"end":{"line":30,"column":74}},{"start":{"line":31,"column":6},"end":{"line":32,"column":68}},{"start":{"line":33,"column":6},"end":{"line":34,"column":71}},{"start":{"line":35,"column":6},"end":{"line":36,"column":71}},{"start":{"line":37,"column":6},"end":{"line":40,"column":76}}],"line":26},"1":{"loc":{"start":{"line":35,"column":11},"end":{"line":35,"column":36}},"type":"binary-expr","locations":[{"start":{"line":35,"column":11},"end":{"line":35,"column":20}},{"start":{"line":35,"column":24},"end":{"line":35,"column":36}}],"line":35},"2":{"loc":{"start":{"line":37,"column":11},"end":{"line":37,"column":40}},"type":"binary-expr","locations":[{"start":{"line":37,"column":11},"end":{"line":37,"column":16}},{"start":{"line":37,"column":20},"end":{"line":37,"column":40}}],"line":37},"3":{"loc":{"start":{"line":44,"column":4},"end":{"line":47,"column":5}},"type":"if","locations":[{"start":{"line":44,"column":4},"end":{"line":47,"column":5}},{"start":{},"end":{}}],"line":44},"4":{"loc":{"start":{"line":114,"column":4},"end":{"line":117,"column":5}},"type":"if","locations":[{"start":{"line":114,"column":4},"end":{"line":117,"column":5}},{"start":{},"end":{}}],"line":114},"5":{"loc":{"start":{"line":153,"column":4},"end":{"line":168,"column":5}},"type":"switch","locations":[{"start":{"line":154,"column":6},"end":{"line":155,"column":67}},{"start":{"line":156,"column":6},"end":{"line":157,"column":74}},{"start":{"line":158,"column":6},"end":{"line":159,"column":68}},{"start":{"line":160,"column":6},"end":{"line":161,"column":71}},{"start":{"line":162,"column":6},"end":{"line":163,"column":71}},{"start":{"line":164,"column":6},"end":{"line":167,"column":76}}],"line":153},"6":{"loc":{"start":{"line":162,"column":11},"end":{"line":162,"column":36}},"type":"binary-expr","locations":[{"start":{"line":162,"column":11},"end":{"line":162,"column":20}},{"start":{"line":162,"column":24},"end":{"line":162,"column":36}}],"line":162},"7":{"loc":{"start":{"line":164,"column":11},"end":{"line":164,"column":40}},"type":"binary-expr","locations":[{"start":{"line":164,"column":11},"end":{"line":164,"column":16}},{"start":{"line":164,"column":20},"end":{"line":164,"column":40}}],"line":164},"8":{"loc":{"start":{"line":175,"column":4},"end":{"line":181,"column":5}},"type":"if","locations":[{"start":{"line":175,"column":4},"end":{"line":181,"column":5}},{"start":{},"end":{}}],"line":175},"9":{"loc":{"start":{"line":176,"column":6},"end":{"line":178,"column":7}},"type":"if","locations":[{"start":{"line":176,"column":6},"end":{"line":178,"column":7}},{"start":{},"end":{}}],"line":176},"10":{"loc":{"start":{"line":203,"column":4},"end":{"line":203,"column":52}},"type":"if","locations":[{"start":{"line":203,"column":4},"end":{"line":203,"column":52}},{"start":{},"end":{}}],"line":203},"11":{"loc":{"start":{"line":204,"column":4},"end":{"line":204,"column":70}},"type":"if","locations":[{"start":{"line":204,"column":4},"end":{"line":204,"column":70}},{"start":{},"end":{}}],"line":204},"12":{"loc":{"start":{"line":242,"column":17},"end":{"line":242,"column":54}},"type":"cond-expr","locations":[{"start":{"line":242,"column":35},"end":{"line":242,"column":50}},{"start":{"line":242,"column":53},"end":{"line":242,"column":54}}],"line":242},"13":{"loc":{"start":{"line":337,"column":6},"end":{"line":341,"column":7}},"type":"if","locations":[{"start":{"line":337,"column":6},"end":{"line":341,"column":7}},{"start":{"line":339,"column":13},"end":{"line":341,"column":7}}],"line":337},"14":{"loc":{"start":{"line":365,"column":8},"end":{"line":374,"column":9}},"type":"if","locations":[{"start":{"line":365,"column":8},"end":{"line":374,"column":9}},{"start":{"line":372,"column":15},"end":{"line":374,"column":9}}],"line":365}},"s":{"0":1,"1":1,"2":1,"3":9,"4":9,"5":9,"6":9,"7":1,"8":1,"9":1,"10":1,"11":1,"12":1,"13":3,"14":3,"15":1,"16":1,"17":3,"18":2,"19":1,"20":1,"21":1,"22":2,"23":2,"24":1,"25":1,"26":1,"27":1,"28":2,"29":2,"30":1,"31":1,"32":1,"33":1,"34":2,"35":2,"36":1,"37":1,"38":1,"39":1,"40":1,"41":1,"42":2,"43":2,"44":1,"45":1,"46":1,"47":1,"48":9,"49":9,"50":9,"51":9,"52":1,"53":1,"54":1,"55":1,"56":1,"57":1,"58":3,"59":2,"60":1,"61":1,"62":1,"63":1,"64":2,"65":2,"66":1,"67":1,"68":1,"69":5,"70":5,"71":5,"72":5,"73":3,"74":5,"75":3,"76":5,"77":4,"78":1,"79":1,"80":1,"81":2,"82":2,"83":1,"84":1,"85":1,"86":1,"87":2,"88":2,"89":2,"90":2,"91":1,"92":1,"93":1,"94":1,"95":3,"96":3,"97":3,"98":2,"99":1,"100":1,"101":1,"102":4,"103":4,"104":4,"105":2,"106":2,"107":2,"108":1,"109":3,"110":3,"111":2,"112":1,"113":2,"114":2,"115":1,"116":0,"117":0,"118":0,"119":0,"120":0,"121":0,"122":1,"123":0,"124":0,"125":0,"126":0,"127":0,"128":0,"129":0,"130":0,"131":0,"132":0,"133":0},"f":{"0":9,"1":2,"2":2,"3":2,"4":2,"5":9,"6":5,"7":2,"8":2,"9":3,"10":4,"11":3,"12":0,"13":0,"14":0,"15":0,"16":0},"b":{"0":[1,1,1,1,1,1],"1":[5,5],"2":[4,2],"3":[1,2],"4":[1,0],"5":[1,1,1,1,1,1],"6":[5,5],"7":[4,2],"8":[1,1],"9":[1,0],"10":[3,2],"11":[3,2],"12":[1,1],"13":[0,0],"14":[0,0]},"inputSourceMap":null,"_coverageSchema":"1a1c01bbd47fc00a2c39e90264f33305004495a9","hash":"d9eb0ef3997da35fa87a00d956b3525285dd9c26"}
,"E:\\SynologyDrive\\NUS\\CS4218\\project\\cs4218-2420-ecom-project-team18\\models\\categoryModel.js": {"path":"E:\\SynologyDrive\\NUS\\CS4218\\project\\cs4218-2420-ecom-project-team18\\models\\categoryModel.js","statementMap":{"0":{"start":{"line":3,"column":23},"end":{"line":13,"column":2}}},"fnMap":{},"branchMap":{},"s":{"0":2},"f":{},"b":{},"inputSourceMap":null,"_coverageSchema":"1a1c01bbd47fc00a2c39e90264f33305004495a9","hash":"6850a45e0e6ad7d1330c27e6701c777aba5c0de6"}
,"E:\\SynologyDrive\\NUS\\CS4218\\project\\cs4218-2420-ecom-project-team18\\models\\orderModel.js": {"path":"E:\\SynologyDrive\\NUS\\CS4218\\project\\cs4218-2420-ecom-project-team18\\models\\orderModel.js","statementMap":{"0":{"start":{"line":3,"column":20},"end":{"line":25,"column":1}},"1":{"start":{"line":27,"column":0},"end":{"line":29,"column":40}},"2":{"start":{"line":28,"column":2},"end":{"line":28,"column":26}}},"fnMap":{"0":{"name":"(anonymous_0)","decl":{"start":{"line":27,"column":38},"end":{"line":27,"column":39}},"loc":{"start":{"line":27,"column":55},"end":{"line":29,"column":1}},"line":27}},"branchMap":{},"s":{"0":3,"1":3,"2":6},"f":{"0":6},"b":{},"inputSourceMap":null,"_coverageSchema":"1a1c01bbd47fc00a2c39e90264f33305004495a9","hash":"820af1aae2faf1e1e793e26b01ee7c54dbeb4200"}
,"E:\\SynologyDrive\\NUS\\CS4218\\project\\cs4218-2420-ecom-project-team18\\models\\productModel.js": {"path":"E:\\SynologyDrive\\NUS\\CS4218\\project\\cs4218-2420-ecom-project-team18\\models\\productModel.js","statementMap":{"0":{"start":{"line":3,"column":22},"end":{"line":39,"column":1}}},"fnMap":{},"branchMap":{},"s":{"0":1},"f":{},"b":{},"inputSourceMap":null,"_coverageSchema":"1a1c01bbd47fc00a2c39e90264f33305004495a9","hash":"c848680e9b61f30886688e0af8a8dcbab1de383b"}
,"E:\\SynologyDrive\\NUS\\CS4218\\project\\cs4218-2420-ecom-project-team18\\models\\userModel.js": {"path":"E:\\SynologyDrive\\NUS\\CS4218\\project\\cs4218-2420-ecom-project-team18\\models\\userModel.js","statementMap":{"0":{"start":{"line":3,"column":19},"end":{"line":37,"column":1}}},"fnMap":{},"branchMap":{},"s":{"0":2},"f":{},"b":{},"inputSourceMap":null,"_coverageSchema":"1a1c01bbd47fc00a2c39e90264f33305004495a9","hash":"943775c20df34539bb47411629fbce94e6a70186"}
}
