TN:
SF:controllers\authController.js
FN:7,(anonymous_0)
FN:66,(anonymous_1)
FN:120,(anonymous_2)
FN:158,(anonymous_3)
FN:168,(anonymous_4)
FN:203,(anonymous_5)
FN:220,(anonymous_6)
FN:239,(anonymous_7)
FNF:8
FNH:8
FNDA:9,(anonymous_0)
FNDA:6,(anonymous_1)
FNDA:6,(anonymous_2)
FNDA:1,(anonymous_3)
FNDA:4,(anonymous_4)
FNDA:2,(anonymous_5)
FNDA:2,(anonymous_6)
FNDA:2,(anonymous_7)
DA:7,1
DA:8,9
DA:9,9
DA:11,9
DA:12,1
DA:14,8
DA:15,1
DA:17,7
DA:18,1
DA:20,6
DA:21,1
DA:23,5
DA:24,1
DA:26,4
DA:27,1
DA:30,3
DA:32,2
DA:33,1
DA:39,1
DA:41,1
DA:50,1
DA:56,1
DA:57,1
DA:66,1
DA:67,6
DA:68,6
DA:70,6
DA:71,2
DA:77,4
DA:78,3
DA:79,1
DA:84,2
DA:85,2
DA:86,1
DA:92,1
DA:95,1
DA:109,1
DA:110,1
DA:120,1
DA:121,6
DA:122,6
DA:123,6
DA:124,1
DA:126,5
DA:127,1
DA:129,4
DA:130,1
DA:133,3
DA:135,2
DA:136,1
DA:141,1
DA:142,1
DA:143,1
DA:148,1
DA:149,1
DA:158,1
DA:159,1
DA:160,1
DA:162,0
DA:163,0
DA:168,1
DA:169,4
DA:170,4
DA:171,4
DA:173,3
DA:174,1
DA:176,2
DA:177,2
DA:187,1
DA:193,2
DA:194,2
DA:203,1
DA:204,2
DA:205,2
DA:209,1
DA:211,1
DA:212,1
DA:220,1
DA:221,2
DA:222,2
DA:227,1
DA:229,1
DA:230,1
DA:239,1
DA:240,2
DA:241,2
DA:242,2
DA:243,2
DA:248,1
DA:250,1
DA:251,1
LF:91
LH:89
BRDA:11,0,0,1
BRDA:11,0,1,8
BRDA:14,1,0,1
BRDA:14,1,1,7
BRDA:17,2,0,1
BRDA:17,2,1,6
BRDA:20,3,0,1
BRDA:20,3,1,5
BRDA:23,4,0,1
BRDA:23,4,1,4
BRDA:26,5,0,1
BRDA:26,5,1,3
BRDA:32,6,0,1
BRDA:32,6,1,1
BRDA:70,7,0,2
BRDA:70,7,1,4
BRDA:70,8,0,6
BRDA:70,8,1,5
BRDA:78,9,0,1
BRDA:78,9,1,2
BRDA:85,10,0,1
BRDA:85,10,1,1
BRDA:123,11,0,1
BRDA:123,11,1,5
BRDA:126,12,0,1
BRDA:126,12,1,4
BRDA:129,13,0,1
BRDA:129,13,1,3
BRDA:135,14,0,1
BRDA:135,14,1,1
BRDA:173,15,0,1
BRDA:173,15,1,2
BRDA:173,16,0,3
BRDA:173,16,1,1
BRDA:176,17,0,0
BRDA:176,17,1,2
BRDA:180,18,0,2
BRDA:180,18,1,1
BRDA:181,19,0,1
BRDA:181,19,1,1
BRDA:182,20,0,1
BRDA:182,20,1,1
BRDA:183,21,0,1
BRDA:183,21,1,1
BRF:44
BRH:43
end_of_record
TN:
SF:controllers\categoryController.js
FN:3,(anonymous_0)
FN:36,(anonymous_1)
FN:62,(anonymous_2)
FN:81,(anonymous_3)
FN:100,(anonymous_4)
FNF:5
FNH:5
FNDA:4,(anonymous_0)
FNDA:2,(anonymous_1)
FNDA:3,(anonymous_2)
FNDA:2,(anonymous_3)
FNDA:2,(anonymous_4)
DA:3,1
DA:4,4
DA:5,4
DA:6,4
DA:7,1
DA:9,3
DA:10,2
DA:11,1
DA:16,1
DA:20,1
DA:26,1
DA:27,1
DA:36,1
DA:37,2
DA:38,2
DA:39,2
DA:40,2
DA:45,1
DA:52,1
DA:53,1
DA:62,1
DA:63,3
DA:64,3
DA:65,2
DA:71,1
DA:72,1
DA:81,1
DA:82,2
DA:83,2
DA:84,1
DA:90,1
DA:91,1
DA:100,1
DA:101,2
DA:102,2
DA:103,2
DA:104,1
DA:109,1
DA:110,1
LF:39
LH:39
BRDA:6,0,0,1
BRDA:6,0,1,3
BRDA:10,1,0,1
BRDA:10,1,1,1
BRF:4
BRH:4
end_of_record
TN:
SF:controllers\productController.js
FN:20,(anonymous_0)
FN:65,(anonymous_1)
FN:89,(anonymous_2)
FN:111,(anonymous_3)
FN:129,(anonymous_4)
FN:147,(anonymous_5)
FN:199,(anonymous_6)
FN:221,(anonymous_7)
FN:239,(anonymous_8)
FN:264,(anonymous_9)
FN:287,(anonymous_10)
FN:313,(anonymous_11)
FN:334,(anonymous_12)
FN:336,(anonymous_13)
FN:349,(anonymous_14)
FN:353,(anonymous_15)
FN:364,(anonymous_16)
FNF:17
FNH:12
FNDA:9,(anonymous_0)
FNDA:2,(anonymous_1)
FNDA:2,(anonymous_2)
FNDA:2,(anonymous_3)
FNDA:2,(anonymous_4)
FNDA:9,(anonymous_5)
FNDA:5,(anonymous_6)
FNDA:2,(anonymous_7)
FNDA:2,(anonymous_8)
FNDA:3,(anonymous_9)
FNDA:4,(anonymous_10)
FNDA:3,(anonymous_11)
FNDA:0,(anonymous_12)
FNDA:0,(anonymous_13)
FNDA:0,(anonymous_14)
FNDA:0,(anonymous_15)
FNDA:0,(anonymous_16)
DA:10,1
DA:13,1
DA:20,1
DA:21,9
DA:23,9
DA:24,9
DA:26,9
DA:28,1
DA:30,1
DA:32,1
DA:34,1
DA:36,1
DA:38,1
DA:43,3
DA:44,3
DA:45,1
DA:46,1
DA:48,3
DA:49,2
DA:55,1
DA:56,1
DA:65,1
DA:66,2
DA:67,2
DA:73,1
DA:80,1
DA:81,1
DA:89,1
DA:90,2
DA:91,2
DA:95,1
DA:101,1
DA:102,1
DA:111,1
DA:112,2
DA:113,2
DA:114,1
DA:115,1
DA:116,1
DA:119,1
DA:120,1
DA:129,1
DA:130,2
DA:131,2
DA:132,1
DA:137,1
DA:138,1
DA:147,1
DA:148,9
DA:150,9
DA:151,9
DA:153,9
DA:155,1
DA:157,1
DA:159,1
DA:161,1
DA:163,1
DA:165,1
DA:170,3
DA:175,2
DA:176,1
DA:177,1
DA:179,1
DA:180,1
DA:182,2
DA:183,2
DA:189,1
DA:190,1
DA:199,1
DA:200,5
DA:201,5
DA:202,5
DA:203,5
DA:204,5
DA:205,5
DA:206,4
DA:211,1
DA:212,1
DA:221,1
DA:222,2
DA:223,2
DA:224,1
DA:229,1
DA:230,1
DA:239,1
DA:240,2
DA:241,2
DA:242,2
DA:243,2
DA:249,1
DA:254,1
DA:255,1
DA:264,1
DA:265,3
DA:266,3
DA:267,3
DA:275,2
DA:277,1
DA:278,1
DA:287,1
DA:288,4
DA:289,4
DA:290,4
DA:298,2
DA:303,2
DA:304,2
DA:313,1
DA:314,3
DA:315,3
DA:316,2
DA:317,1
DA:323,2
DA:324,2
DA:334,1
DA:335,0
DA:336,0
DA:337,0
DA:338,0
DA:340,0
DA:344,0
DA:349,1
DA:350,0
DA:351,0
DA:352,0
DA:353,0
DA:354,0
DA:356,0
DA:365,0
DA:366,0
DA:371,0
DA:373,0
DA:378,0
LF:132
LH:115
BRDA:26,0,0,1
BRDA:26,0,1,1
BRDA:26,0,2,1
BRDA:26,0,3,1
BRDA:26,0,4,1
BRDA:26,0,5,1
BRDA:35,1,0,5
BRDA:35,1,1,5
BRDA:37,2,0,4
BRDA:37,2,1,2
BRDA:44,3,0,1
BRDA:44,3,1,2
BRDA:114,4,0,1
BRDA:114,4,1,0
BRDA:153,5,0,1
BRDA:153,5,1,1
BRDA:153,5,2,1
BRDA:153,5,3,1
BRDA:153,5,4,1
BRDA:153,5,5,1
BRDA:162,6,0,5
BRDA:162,6,1,5
BRDA:164,7,0,4
BRDA:164,7,1,2
BRDA:175,8,0,1
BRDA:175,8,1,1
BRDA:176,9,0,1
BRDA:176,9,1,0
BRDA:203,10,0,3
BRDA:203,10,1,2
BRDA:204,11,0,3
BRDA:204,11,1,2
BRDA:242,12,0,1
BRDA:242,12,1,1
BRDA:337,13,0,0
BRDA:337,13,1,0
BRDA:365,14,0,0
BRDA:365,14,1,0
BRF:38
BRH:32
end_of_record
TN:
SF:models\categoryModel.js
FNF:0
FNH:0
DA:3,2
LF:1
LH:1
BRF:0
BRH:0
end_of_record
TN:
SF:models\orderModel.js
FN:27,(anonymous_0)
FNF:1
FNH:1
FNDA:6,(anonymous_0)
DA:3,3
DA:27,3
DA:28,6
LF:3
LH:3
BRF:0
BRH:0
end_of_record
TN:
SF:models\productModel.js
FNF:0
FNH:0
DA:3,1
LF:1
LH:1
BRF:0
BRH:0
end_of_record
TN:
SF:models\userModel.js
FNF:0
FNH:0
DA:3,2
LF:1
LH:1
BRF:0
BRH:0
end_of_record
