TN:
SF:client\src\components\AdminMenu.js
FN:3,(anonymous_0)
FNF:1
FNH:1
FNDA:103,(anonymous_0)
DA:3,8
DA:4,103
LF:2
LH:2
BRF:0
BRH:0
end_of_record
TN:
SF:client\src\components\Footer.js
FN:4,(anonymous_0)
FNF:1
FNH:1
FNDA:132,(anonymous_0)
DA:4,12
DA:5,132
LF:2
LH:2
BRF:0
BRH:0
end_of_record
TN:
SF:client\src\components\Header.js
FN:10,(anonymous_0)
FN:14,(anonymous_1)
FN:63,(anonymous_2)
FNF:3
FNH:2
FNDA:144,(anonymous_0)
FNDA:0,(anonymous_1)
FNDA:110,(anonymous_2)
DA:10,12
DA:11,144
DA:12,144
DA:13,144
DA:14,144
DA:15,0
DA:20,0
DA:21,0
DA:23,144
DA:64,110
LF:10
LH:7
BRDA:76,0,0,138
BRDA:76,0,1,6
BRDA:105,1,0,1
BRDA:105,1,1,5
BRF:4
BRH:4
end_of_record
TN:
SF:client\src\components\Layout.js
FN:8,(anonymous_0)
FNF:1
FNH:1
FNDA:134,(anonymous_0)
DA:8,12
DA:9,134
DA:28,12
LF:3
LH:3
BRF:0
BRH:0
end_of_record
TN:
SF:client\src\components\Prices.js
FNF:0
FNH:0
DA:1,1
LF:1
LH:1
BRF:0
BRH:0
end_of_record
TN:
SF:client\src\components\Spinner.js
FN:3,(anonymous_0)
FN:8,(anonymous_1)
FN:9,(anonymous_2)
FN:10,(anonymous_3)
FN:15,(anonymous_4)
FNF:5
FNH:5
FNDA:5,(anonymous_0)
FNDA:5,(anonymous_1)
FNDA:6,(anonymous_2)
FNDA:6,(anonymous_3)
FNDA:5,(anonymous_4)
DA:3,1
DA:4,5
DA:5,5
DA:6,5
DA:8,5
DA:9,5
DA:10,6
DA:12,5
DA:15,5
DA:17,5
LF:10
LH:10
BRDA:3,0,0,3
BRDA:12,1,0,5
BRDA:12,1,1,2
BRF:3
BRH:3
end_of_record
TN:
SF:client\src\components\UserMenu.js
FN:3,(anonymous_0)
FNF:1
FNH:1
FNDA:25,(anonymous_0)
DA:3,4
DA:4,25
LF:2
LH:2
BRF:0
BRH:0
end_of_record
TN:
SF:client\src\components\Form\CategoryForm.js
FN:3,(anonymous_0)
FN:13,(anonymous_1)
FNF:2
FNH:2
FNDA:27,(anonymous_0)
FNDA:6,(anonymous_1)
DA:3,2
DA:4,27
DA:13,6
LF:3
LH:3
BRF:0
BRH:0
end_of_record
TN:
SF:client\src\components\Form\SearchInput.js
FN:5,(anonymous_0)
FN:9,(anonymous_1)
FN:30,(anonymous_2)
FNF:3
FNH:3
FNDA:133,(anonymous_0)
FNDA:1,(anonymous_1)
FNDA:2,(anonymous_2)
DA:5,12
DA:6,133
DA:7,133
DA:9,133
DA:10,1
DA:11,1
DA:12,1
DA:15,0
DA:16,0
DA:18,0
DA:21,133
DA:30,2
LF:12
LH:9
BRF:0
BRH:0
end_of_record
TN:
SF:client\src\components\Routes\AdminRoute.js
FN:8,AdminRoute
FN:12,(anonymous_1)
FN:13,(anonymous_2)
FNF:3
FNH:0
FNDA:0,AdminRoute
FNDA:0,(anonymous_1)
FNDA:0,(anonymous_2)
DA:9,0
DA:10,0
DA:12,0
DA:13,0
DA:14,0
DA:15,0
DA:16,0
DA:18,0
DA:21,0
DA:24,0
LF:10
LH:0
BRDA:15,0,0,0
BRDA:15,0,1,0
BRDA:21,1,0,0
BRDA:21,1,1,0
BRDA:24,2,0,0
BRDA:24,2,1,0
BRF:6
BRH:0
end_of_record
TN:
SF:client\src\components\Routes\Private.js
FN:9,PrivateRoute
FN:13,(anonymous_1)
FN:14,(anonymous_2)
FNF:3
FNH:3
FNDA:5,PrivateRoute
FNDA:4,(anonymous_1)
FNDA:3,(anonymous_2)
DA:10,5
DA:11,5
DA:13,5
DA:14,4
DA:15,3
DA:16,3
DA:17,1
DA:19,2
DA:22,4
DA:25,5
LF:10
LH:10
BRDA:16,0,0,1
BRDA:16,0,1,2
BRDA:22,1,0,3
BRDA:22,1,1,1
BRDA:25,2,0,1
BRDA:25,2,1,4
BRF:6
BRH:6
end_of_record
TN:
SF:client\src\context\auth.js
FN:6,(anonymous_0)
FN:15,(anonymous_1)
FN:35,(anonymous_2)
FNF:3
FNH:3
FNDA:5,(anonymous_0)
FNDA:3,(anonymous_1)
FNDA:5,(anonymous_2)
DA:4,1
DA:6,1
DA:7,5
DA:13,5
DA:15,5
DA:16,3
DA:17,3
DA:18,1
DA:19,1
DA:27,5
DA:35,5
LF:11
LH:11
BRDA:17,0,0,1
BRDA:17,0,1,2
BRF:2
BRH:2
end_of_record
TN:
SF:client\src\context\cart.js
FN:4,(anonymous_0)
FN:7,(anonymous_1)
FN:20,(anonymous_2)
FNF:3
FNH:3
FNDA:5,(anonymous_0)
FNDA:3,(anonymous_1)
FNDA:5,(anonymous_2)
DA:3,1
DA:4,1
DA:5,5
DA:7,5
DA:8,3
DA:9,3
DA:12,5
DA:20,5
LF:8
LH:8
BRDA:9,0,0,1
BRDA:9,0,1,2
BRF:2
BRH:2
end_of_record
TN:
SF:client\src\context\search.js
FN:4,(anonymous_0)
FN:18,(anonymous_1)
FNF:2
FNH:2
FNDA:3,(anonymous_0)
FNDA:3,(anonymous_1)
DA:3,1
DA:4,1
DA:5,3
DA:10,3
DA:18,3
LF:5
LH:5
BRF:0
BRH:0
end_of_record
TN:
SF:client\src\pages\About.js
FN:4,(anonymous_0)
FNF:1
FNH:1
FNDA:4,(anonymous_0)
DA:4,1
DA:5,4
LF:2
LH:2
BRF:0
BRH:0
end_of_record
TN:
SF:client\src\pages\CartPage.js
FN:12,(anonymous_0)
FN:21,(anonymous_1)
FN:24,(anonymous_2)
FN:36,(anonymous_3)
FN:39,(anonymous_4)
FN:49,(anonymous_5)
FN:57,(anonymous_6)
FN:62,(anonymous_7)
FN:102,(anonymous_8)
FN:121,(anonymous_9)
FN:141,(anonymous_10)
FN:152,(anonymous_11)
FN:159,(anonymous_12)
FN:182,(anonymous_13)
FNF:14
FNH:10
FNDA:6,(anonymous_0)
FNDA:5,(anonymous_1)
FNDA:4,(anonymous_2)
FNDA:1,(anonymous_3)
FNDA:1,(anonymous_4)
FNDA:3,(anonymous_5)
FNDA:3,(anonymous_6)
FNDA:0,(anonymous_7)
FNDA:4,(anonymous_8)
FNDA:1,(anonymous_9)
FNDA:0,(anonymous_10)
FNDA:0,(anonymous_11)
FNDA:0,(anonymous_12)
FNDA:1,(anonymous_13)
DA:12,1
DA:13,6
DA:14,6
DA:15,6
DA:16,5
DA:17,5
DA:18,5
DA:21,5
DA:22,5
DA:23,5
DA:24,5
DA:25,4
DA:27,5
DA:32,0
DA:36,5
DA:37,1
DA:38,1
DA:39,1
DA:40,1
DA:41,1
DA:42,1
DA:44,0
DA:49,5
DA:50,3
DA:51,3
DA:52,3
DA:54,0
DA:57,5
DA:58,3
DA:62,5
DA:63,0
DA:64,0
DA:65,0
DA:66,0
DA:70,0
DA:71,0
DA:72,0
DA:73,0
DA:74,0
DA:76,0
DA:77,0
DA:80,5
DA:103,4
DA:121,1
DA:141,0
DA:152,0
DA:160,0
DA:182,1
LF:48
LH:31
BRDA:86,0,0,1
BRDA:86,0,1,4
BRDA:88,1,0,4
BRDA:88,1,1,4
BRDA:90,2,0,4
BRDA:90,2,1,1
BRDA:92,3,0,4
BRDA:92,3,1,0
BRDA:134,4,0,3
BRDA:134,4,1,2
BRDA:149,5,0,1
BRDA:149,5,1,1
BRDA:171,6,0,3
BRDA:171,6,1,2
BRDA:171,7,0,5
BRDA:171,7,1,2
BRDA:171,7,2,2
BRDA:188,8,0,2
BRDA:188,8,1,2
BRDA:188,8,2,1
BRDA:190,9,0,0
BRDA:190,9,1,2
BRF:22
BRH:20
end_of_record
TN:
SF:client\src\pages\Categories.js
FN:5,(anonymous_0)
FN:11,(anonymous_1)
FNF:2
FNH:2
FNDA:2,(anonymous_0)
FNDA:2,(anonymous_1)
DA:5,1
DA:6,2
DA:7,2
DA:12,2
LF:4
LH:4
BRF:0
BRH:0
end_of_record
TN:
SF:client\src\pages\CategoryProduct.js
FN:6,(anonymous_0)
FN:12,(anonymous_1)
FN:15,(anonymous_2)
FN:35,(anonymous_3)
FN:58,(anonymous_4)
FNF:5
FNH:0
FNDA:0,(anonymous_0)
FNDA:0,(anonymous_1)
FNDA:0,(anonymous_2)
FNDA:0,(anonymous_3)
FNDA:0,(anonymous_4)
DA:6,0
DA:7,0
DA:8,0
DA:9,0
DA:10,0
DA:12,0
DA:13,0
DA:15,0
DA:16,0
DA:17,0
DA:20,0
DA:21,0
DA:23,0
DA:27,0
DA:36,0
DA:58,0
LF:16
LH:0
BRDA:13,0,0,0
BRDA:13,0,1,0
BRF:2
BRH:0
end_of_record
TN:
SF:client\src\pages\Contact.js
FN:4,(anonymous_0)
FNF:1
FNH:1
FNDA:4,(anonymous_0)
DA:4,1
DA:5,4
LF:2
LH:2
BRF:0
BRH:0
end_of_record
TN:
SF:client\src\pages\HomePage.js
FN:12,(anonymous_0)
FN:24,(anonymous_1)
FN:35,(anonymous_2)
FN:40,(anonymous_3)
FN:53,(anonymous_4)
FN:62,(anonymous_5)
FN:67,(anonymous_6)
FN:80,(anonymous_7)
FN:85,(anonymous_8)
FN:89,(anonymous_9)
FN:93,(anonymous_10)
FN:98,(anonymous_11)
FN:123,(anonymous_12)
FN:126,(anonymous_13)
FN:135,(anonymous_14)
FN:136,(anonymous_15)
FN:146,(anonymous_16)
FN:155,(anonymous_17)
FN:178,(anonymous_18)
FN:184,(anonymous_19)
FN:204,(anonymous_20)
FNF:21
FNH:17
FNDA:22,(anonymous_0)
FNDA:7,(anonymous_1)
FNDA:7,(anonymous_2)
FNDA:8,(anonymous_3)
FNDA:7,(anonymous_4)
FNDA:7,(anonymous_5)
FNDA:0,(anonymous_6)
FNDA:1,(anonymous_7)
FNDA:0,(anonymous_8)
FNDA:8,(anonymous_9)
FNDA:8,(anonymous_10)
FNDA:1,(anonymous_11)
FNDA:6,(anonymous_12)
FNDA:1,(anonymous_13)
FNDA:0,(anonymous_14)
FNDA:126,(anonymous_15)
FNDA:1,(anonymous_16)
FNDA:3,(anonymous_17)
FNDA:1,(anonymous_18)
FNDA:1,(anonymous_19)
FNDA:0,(anonymous_20)
DA:12,1
DA:13,22
DA:14,22
DA:15,22
DA:16,21
DA:17,21
DA:18,21
DA:19,21
DA:20,21
DA:21,21
DA:24,21
DA:25,7
DA:26,7
DA:27,6
DA:28,6
DA:31,1
DA:35,21
DA:36,7
DA:37,7
DA:40,21
DA:41,8
DA:42,8
DA:43,8
DA:44,3
DA:45,3
DA:47,5
DA:48,5
DA:53,21
DA:54,7
DA:55,7
DA:56,6
DA:58,1
DA:62,21
DA:63,7
DA:64,0
DA:67,21
DA:68,0
DA:69,0
DA:70,0
DA:71,0
DA:72,0
DA:74,0
DA:75,0
DA:80,21
DA:81,1
DA:82,1
DA:83,1
DA:85,0
DA:87,1
DA:89,21
DA:90,8
DA:93,21
DA:94,8
DA:98,21
DA:99,1
DA:100,1
DA:104,0
DA:106,1
DA:109,21
DA:124,6
DA:126,1
DA:135,0
DA:137,126
DA:146,1
DA:156,3
DA:178,1
DA:185,1
DA:186,1
DA:190,1
DA:205,0
DA:206,0
LF:71
LH:58
BRDA:27,0,0,6
BRDA:27,0,1,0
BRDA:63,1,0,7
BRDA:63,1,1,0
BRDA:82,2,0,1
BRDA:82,2,1,0
BRDA:90,3,0,8
BRDA:90,3,1,0
BRDA:90,4,0,8
BRDA:90,4,1,1
BRDA:94,5,0,1
BRDA:94,5,1,7
BRDA:94,6,0,8
BRDA:94,6,1,7
BRDA:201,7,0,21
BRDA:201,7,1,21
BRDA:201,7,2,0
BRDA:209,8,0,0
BRDA:209,8,1,0
BRF:19
BRH:12
end_of_record
TN:
SF:client\src\pages\Pagenotfound.js
FN:5,(anonymous_0)
FNF:1
FNH:1
FNDA:4,(anonymous_0)
DA:5,1
DA:6,4
LF:2
LH:2
BRF:0
BRH:0
end_of_record
TN:
SF:client\src\pages\Policy.js
FN:4,(anonymous_0)
FNF:1
FNH:1
FNDA:4,(anonymous_0)
DA:4,1
DA:5,4
LF:2
LH:2
BRF:0
BRH:0
end_of_record
TN:
SF:client\src\pages\ProductDetails.js
FN:7,(anonymous_0)
FN:14,(anonymous_1)
FN:18,(anonymous_2)
FN:30,(anonymous_3)
FN:75,(anonymous_4)
FN:98,(anonymous_5)
FNF:6
FNH:0
FNDA:0,(anonymous_0)
FNDA:0,(anonymous_1)
FNDA:0,(anonymous_2)
FNDA:0,(anonymous_3)
FNDA:0,(anonymous_4)
FNDA:0,(anonymous_5)
DA:7,0
DA:8,0
DA:9,0
DA:10,0
DA:11,0
DA:14,0
DA:15,0
DA:18,0
DA:19,0
DA:20,0
DA:23,0
DA:24,0
DA:26,0
DA:30,0
DA:31,0
DA:32,0
DA:35,0
DA:37,0
DA:40,0
DA:76,0
DA:98,0
LF:21
LH:0
BRDA:15,0,0,0
BRDA:15,0,1,0
BRDA:71,1,0,0
BRDA:71,1,1,0
BRF:4
BRH:0
end_of_record
TN:
SF:client\src\pages\Search.js
FN:4,(anonymous_0)
FN:17,(anonymous_1)
FNF:2
FNH:2
FNDA:4,(anonymous_0)
FNDA:2,(anonymous_1)
DA:4,1
DA:5,4
DA:6,4
DA:18,2
LF:4
LH:4
BRDA:12,0,0,2
BRDA:12,0,1,2
BRF:2
BRH:2
end_of_record
TN:
SF:client\src\pages\Auth\Login.js
FN:9,(anonymous_0)
FN:20,(anonymous_1)
FN:62,(anonymous_2)
FN:73,(anonymous_3)
FN:84,(anonymous_4)
FNF:5
FNH:4
FNDA:11,(anonymous_0)
FNDA:2,(anonymous_1)
FNDA:3,(anonymous_2)
FNDA:3,(anonymous_3)
FNDA:0,(anonymous_4)
DA:9,1
DA:10,11
DA:11,11
DA:12,11
DA:15,11
DA:16,11
DA:20,11
DA:21,2
DA:22,2
DA:23,2
DA:27,1
DA:28,1
DA:36,1
DA:41,1
DA:42,1
DA:44,0
DA:47,1
DA:48,1
DA:51,11
DA:62,3
DA:73,3
DA:85,0
LF:22
LH:20
BRDA:27,0,0,1
BRDA:27,0,1,0
BRDA:27,1,0,1
BRDA:27,1,1,1
BRDA:28,2,0,1
BRDA:28,2,1,1
BRDA:42,3,0,1
BRDA:42,3,1,1
BRF:8
BRH:7
end_of_record
TN:
SF:client\src\pages\Auth\Register.js
FN:7,(anonymous_0)
FN:18,(anonymous_1)
FN:51,(anonymous_2)
FN:63,(anonymous_3)
FN:74,(anonymous_4)
FN:85,(anonymous_5)
FN:96,(anonymous_6)
FN:107,(anonymous_7)
FN:118,(anonymous_8)
FNF:9
FNH:9
FNDA:16,(anonymous_0)
FNDA:2,(anonymous_1)
FNDA:2,(anonymous_2)
FNDA:2,(anonymous_3)
FNDA:2,(anonymous_4)
FNDA:2,(anonymous_5)
FNDA:2,(anonymous_6)
FNDA:2,(anonymous_7)
FNDA:2,(anonymous_8)
DA:7,1
DA:8,16
DA:9,16
DA:10,16
DA:11,16
DA:12,16
DA:13,16
DA:14,16
DA:15,16
DA:18,16
DA:19,2
DA:20,2
DA:21,2
DA:30,1
DA:31,1
DA:32,1
DA:34,0
DA:37,1
DA:38,1
DA:42,16
DA:51,2
DA:63,2
DA:74,2
DA:85,2
DA:96,2
DA:107,2
DA:118,2
LF:27
LH:26
BRDA:30,0,0,1
BRDA:30,0,1,0
BRDA:30,1,0,1
BRDA:30,1,1,1
BRF:4
BRH:3
end_of_record
TN:
SF:client\src\pages\admin\AdminDashboard.js
FN:5,(anonymous_0)
FNF:1
FNH:1
FNDA:2,(anonymous_0)
DA:5,1
DA:6,2
DA:7,2
LF:3
LH:3
BRF:0
BRH:0
end_of_record
TN:
SF:client\src\pages\admin\AdminOrders.js
FN:11,(anonymous_0)
FN:22,(anonymous_1)
FN:31,(anonymous_2)
FN:35,(anonymous_3)
FN:54,(anonymous_4)
FN:74,(anonymous_5)
FN:78,(anonymous_6)
FN:93,(anonymous_7)
FNF:8
FNH:8
FNDA:9,(anonymous_0)
FNDA:5,(anonymous_1)
FNDA:5,(anonymous_2)
FNDA:2,(anonymous_3)
FNDA:3,(anonymous_4)
FNDA:2,(anonymous_5)
FNDA:15,(anonymous_6)
FNDA:6,(anonymous_7)
DA:9,1
DA:11,1
DA:12,9
DA:19,8
DA:20,8
DA:21,8
DA:22,8
DA:23,5
DA:24,5
DA:25,4
DA:27,1
DA:31,8
DA:32,5
DA:35,8
DA:36,2
DA:37,2
DA:40,1
DA:42,1
DA:43,1
DA:46,8
DA:55,3
DA:74,2
DA:79,15
DA:94,6
LF:24
LH:24
BRDA:32,0,0,4
BRDA:32,0,1,1
BRDA:87,1,0,0
BRDA:87,1,1,3
BRF:4
BRH:3
end_of_record
TN:
SF:client\src\pages\admin\CreateCategory.js
FN:8,(anonymous_0)
FN:15,(anonymous_1)
FN:34,(anonymous_2)
FN:46,(anonymous_3)
FN:51,(anonymous_4)
FN:72,(anonymous_5)
FN:113,(anonymous_6)
FN:120,(anonymous_7)
FN:130,(anonymous_8)
FN:144,(anonymous_9)
FNF:10
FNH:9
FNDA:21,(anonymous_0)
FNDA:2,(anonymous_1)
FNDA:11,(anonymous_2)
FNDA:8,(anonymous_3)
FNDA:2,(anonymous_4)
FNDA:2,(anonymous_5)
FNDA:10,(anonymous_6)
FNDA:2,(anonymous_7)
FNDA:2,(anonymous_8)
FNDA:0,(anonymous_9)
DA:8,1
DA:9,21
DA:10,20
DA:11,20
DA:12,20
DA:13,20
DA:15,20
DA:16,2
DA:17,2
DA:18,2
DA:21,2
DA:22,1
DA:23,1
DA:25,1
DA:28,0
DA:29,0
DA:34,20
DA:35,11
DA:36,11
DA:37,10
DA:38,10
DA:41,1
DA:42,1
DA:46,20
DA:47,8
DA:51,20
DA:52,2
DA:53,2
DA:54,2
DA:58,1
DA:59,1
DA:60,1
DA:61,1
DA:62,1
DA:63,1
DA:65,0
DA:68,1
DA:72,20
DA:73,2
DA:74,2
DA:77,2
DA:78,1
DA:80,1
DA:82,1
DA:85,0
DA:88,20
DA:114,10
DA:121,2
DA:122,2
DA:123,2
DA:131,2
DA:144,0
LF:52
LH:47
BRDA:21,0,0,1
BRDA:21,0,1,1
BRDA:37,1,0,10
BRDA:37,1,1,0
BRDA:58,2,0,1
BRDA:58,2,1,0
BRDA:77,3,0,1
BRDA:77,3,1,1
BRF:8
BRH:6
end_of_record
TN:
SF:client\src\pages\admin\CreateProduct.js
FN:10,(anonymous_0)
FN:22,(anonymous_1)
FN:34,(anonymous_2)
FN:39,(anonymous_3)
FN:85,(anonymous_4)
FN:90,(anonymous_5)
FN:103,(anonymous_6)
FN:127,(anonymous_7)
FN:136,(anonymous_8)
FN:146,(anonymous_9)
FN:155,(anonymous_10)
FN:165,(anonymous_11)
FNF:12
FNH:11
FNDA:27,(anonymous_0)
FNDA:5,(anonymous_1)
FNDA:5,(anonymous_2)
FNDA:4,(anonymous_3)
FNDA:3,(anonymous_4)
FNDA:18,(anonymous_5)
FNDA:0,(anonymous_6)
FNDA:3,(anonymous_7)
FNDA:3,(anonymous_8)
FNDA:3,(anonymous_9)
FNDA:3,(anonymous_10)
FNDA:3,(anonymous_11)
DA:8,1
DA:10,1
DA:11,27
DA:12,27
DA:13,26
DA:14,26
DA:15,26
DA:16,26
DA:17,26
DA:18,26
DA:19,26
DA:22,26
DA:23,5
DA:24,5
DA:25,5
DA:26,5
DA:29,0
DA:30,0
DA:34,26
DA:35,5
DA:39,26
DA:40,4
DA:41,4
DA:42,4
DA:43,1
DA:45,4
DA:46,4
DA:47,4
DA:48,4
DA:49,4
DA:50,4
DA:51,4
DA:52,4
DA:53,4
DA:57,3
DA:58,2
DA:59,2
DA:61,1
DA:64,1
DA:65,1
DA:69,26
DA:86,3
DA:91,18
DA:103,0
DA:127,3
DA:136,3
DA:146,3
DA:155,3
DA:166,3
LF:49
LH:46
BRDA:25,0,0,5
BRDA:25,0,1,0
BRDA:42,1,0,1
BRDA:42,1,1,3
BRDA:42,2,0,4
BRDA:42,2,1,3
BRDA:57,3,0,2
BRDA:57,3,1,1
BRDA:98,4,0,0
BRDA:98,4,1,26
BRDA:110,5,0,26
BRDA:110,5,1,0
BRF:12
BRH:9
end_of_record
TN:
SF:client\src\pages\admin\Products.js
FN:7,(anonymous_0)
FN:11,(anonymous_1)
FN:22,(anonymous_2)
FN:34,(anonymous_3)
FNF:4
FNH:4
FNDA:15,(anonymous_0)
FNDA:7,(anonymous_1)
FNDA:7,(anonymous_2)
FNDA:12,(anonymous_3)
DA:7,2
DA:8,15
DA:11,13
DA:12,7
DA:13,7
DA:14,6
DA:16,1
DA:17,1
DA:22,13
DA:23,7
DA:25,13
DA:35,12
LF:12
LH:12
BRF:0
BRH:0
end_of_record
TN:
SF:client\src\pages\admin\UpdateProduct.js
FN:10,(anonymous_0)
FN:24,(anonymous_1)
FN:40,(anonymous_2)
FN:45,(anonymous_3)
FN:57,(anonymous_4)
FN:62,(anonymous_5)
FN:94,(anonymous_6)
FN:124,(anonymous_7)
FN:130,(anonymous_8)
FN:143,(anonymous_9)
FN:175,(anonymous_10)
FN:184,(anonymous_11)
FN:194,(anonymous_12)
FN:203,(anonymous_13)
FN:213,(anonymous_14)
FNF:15
FNH:14
FNDA:37,(anonymous_0)
FNDA:9,(anonymous_1)
FNDA:9,(anonymous_2)
FNDA:9,(anonymous_3)
FNDA:9,(anonymous_4)
FNDA:4,(anonymous_5)
FNDA:2,(anonymous_6)
FNDA:3,(anonymous_7)
FNDA:14,(anonymous_8)
FNDA:0,(anonymous_9)
FNDA:1,(anonymous_10)
FNDA:4,(anonymous_11)
FNDA:4,(anonymous_12)
FNDA:4,(anonymous_13)
FNDA:3,(anonymous_14)
DA:8,2
DA:10,2
DA:11,37
DA:12,37
DA:13,36
DA:14,36
DA:15,36
DA:16,36
DA:17,36
DA:18,36
DA:19,36
DA:20,36
DA:21,36
DA:24,36
DA:25,9
DA:26,9
DA:29,8
DA:30,8
DA:31,8
DA:32,8
DA:33,8
DA:34,8
DA:35,8
DA:37,1
DA:40,36
DA:41,9
DA:45,36
DA:46,9
DA:47,9
DA:48,8
DA:49,8
DA:52,1
DA:53,1
DA:57,36
DA:58,9
DA:62,36
DA:63,4
DA:64,4
DA:65,4
DA:66,1
DA:68,4
DA:69,4
DA:70,4
DA:71,4
DA:72,4
DA:73,4
DA:74,4
DA:75,4
DA:76,4
DA:80,3
DA:81,2
DA:82,2
DA:84,1
DA:88,1
DA:89,1
DA:94,36
DA:95,2
DA:96,2
DA:97,2
DA:98,2
DA:101,2
DA:102,2
DA:104,0
DA:105,0
DA:108,36
DA:125,3
DA:131,14
DA:143,0
DA:175,1
DA:184,4
DA:194,4
DA:203,4
DA:214,3
LF:73
LH:70
BRDA:48,0,0,8
BRDA:48,0,1,0
BRDA:65,1,0,1
BRDA:65,1,1,3
BRDA:73,2,0,4
BRDA:73,2,1,0
BRDA:80,3,0,2
BRDA:80,3,1,1
BRDA:97,4,0,0
BRDA:97,4,1,2
BRDA:138,5,0,0
BRDA:138,5,1,36
BRDA:149,6,0,0
BRDA:149,6,1,36
BRDA:216,7,0,21
BRDA:216,7,1,15
BRF:16
BRH:11
end_of_record
TN:
SF:client\src\pages\admin\Users.js
FN:7,(anonymous_0)
FN:11,(anonymous_1)
FN:22,(anonymous_2)
FN:48,(anonymous_3)
FNF:4
FNH:4
FNDA:4,(anonymous_0)
FNDA:3,(anonymous_1)
FNDA:3,(anonymous_2)
FNDA:2,(anonymous_3)
DA:7,1
DA:8,4
DA:11,4
DA:12,3
DA:13,3
DA:14,2
DA:16,1
DA:17,1
DA:22,4
DA:23,3
DA:26,4
DA:49,2
LF:12
LH:12
BRDA:47,0,0,1
BRDA:47,0,1,3
BRDA:53,1,0,1
BRDA:53,1,1,1
BRF:4
BRH:4
end_of_record
TN:
SF:client\src\pages\user\Dashboard.js
FN:5,(anonymous_0)
FNF:1
FNH:1
FNDA:3,(anonymous_0)
DA:5,1
DA:6,3
DA:7,3
LF:3
LH:3
BRF:0
BRH:0
end_of_record
TN:
SF:client\src\pages\user\Orders.js
FN:8,(anonymous_0)
FN:11,(anonymous_1)
FN:20,(anonymous_2)
FN:34,(anonymous_3)
FN:59,(anonymous_4)
FNF:5
FNH:5
FNDA:4,(anonymous_0)
FNDA:3,(anonymous_1)
FNDA:3,(anonymous_2)
FNDA:1,(anonymous_3)
FNDA:1,(anonymous_4)
DA:8,1
DA:9,4
DA:10,4
DA:11,4
DA:12,3
DA:13,3
DA:14,2
DA:16,1
DA:20,4
DA:21,3
DA:23,4
DA:35,1
DA:60,1
LF:13
LH:13
BRDA:21,0,0,3
BRDA:21,0,1,0
BRDA:33,1,0,1
BRDA:33,1,1,3
BRDA:53,2,0,1
BRDA:53,2,1,0
BRF:6
BRH:4
end_of_record
TN:
SF:client\src\pages\user\Profile.js
FN:8,(anonymous_0)
FN:19,(anonymous_1)
FN:29,(anonymous_2)
FN:72,(anonymous_3)
FN:91,(anonymous_4)
FN:100,(anonymous_5)
FN:109,(anonymous_6)
FNF:7
FNH:7
FNDA:18,(anonymous_0)
FNDA:5,(anonymous_1)
FNDA:3,(anonymous_2)
FNDA:2,(anonymous_3)
FNDA:2,(anonymous_4)
FNDA:2,(anonymous_5)
FNDA:2,(anonymous_6)
DA:8,1
DA:9,18
DA:12,18
DA:13,18
DA:14,18
DA:15,18
DA:16,18
DA:19,18
DA:20,5
DA:21,5
DA:22,5
DA:23,5
DA:24,5
DA:29,18
DA:30,3
DA:31,3
DA:32,3
DA:33,3
DA:34,1
DA:37,3
DA:38,2
DA:39,0
DA:41,2
DA:43,2
DA:44,2
DA:45,0
DA:46,0
DA:47,0
DA:50,2
DA:53,1
DA:54,1
DA:57,18
DA:72,2
DA:91,2
DA:100,2
DA:109,2
LF:36
LH:32
BRDA:20,0,0,5
BRDA:20,0,1,0
BRDA:21,1,0,5
BRDA:21,1,1,0
BRDA:22,2,0,5
BRDA:22,2,1,0
BRDA:23,3,0,5
BRDA:23,3,1,0
BRDA:24,4,0,5
BRDA:24,4,1,0
BRDA:33,5,0,1
BRDA:33,5,1,2
BRDA:38,6,0,0
BRDA:38,6,1,2
BRDA:44,7,0,0
BRDA:44,7,1,2
BRF:16
BRH:9
end_of_record
